15 24 23 
16 26 57 56 55 60 
17 27 2510 2511 
18 29 2580 2581 
19 32 120 119 118 126 
20 141 2636 2637 2624 2625 
21 35 160 1040 2 2671 
22 38 1212 1273 203 2744 
23 416 2476 1283 8 2477 
24 2489 2483 2479 2482 42 
60 62 14 6 1028 
55 5 1547 13 11 1012 
56 2463 2466 5 3 1013 
57 59 2459 2460 2492 
26 66 1059 1049 1048 64 
2511 2507 6 11 1 2425 
2510 2423 1 14 5 71 
27 2509 4 2 74 
2581 87 111 84 90 114 
2580 93 96 101 100 105 
29 108 738 2543 103 
126 128 2106 2590 2592 
118 2141 2 10 8 2144 
119 2145 12 10 8 291 
120 301 2137 304 6 2582 
32 2616 2611 565 131 
2625 2623 931 4 3 2620 
2624 1989 9 1 218 1992 
2637 145 144 1962 2635 147 
2636 135 883 9 7 140 
141 929 2 12 8 1993 
2671 2670 174 1357 11 1 
1040 1956 1958 1556 4 2638 
160 2640 2 4 3 378 
35 162 591 1141 1140 1155 
2744 2741 1799 2691 198 2693 
203 2711 1196 1249 1760 1754 
1273 1275 2706 1270 9 850 
1212 1036 1132 1121 7 2700 
38 2745 2740 189 188 205 
2477 7 9 10 12 8 
1283 1 7 4 12 2 
2476 7 4 9 10 8 
416 12 2 10 8 1 
42 2486 1236 7 
2482 7 4 12 8 9 
2479 9 7 10 4 12 
2483 4 2 12 8 9 
2489 2487 2472 48 9 
1028 1029 4 10 7 3 
62 2453 2493 2454 2455 
1012 2468 13 11 7 12 
1547 4 12 1 3 
1013 1015 12 4 11 
2466 10 4 5 13 11 
2463 6 5 12 1 11 
2492 2462 5 13 11 1017 
2460 10 4 5 3 11 
2459 11 10 1 6 5 
59 2456 1022 3 
64 2501 1065 3 2500 
1048 2497 13 6 5 1046 
1049 1043 13 3 2496 1026 
1059 1061 1050 2443 2444 
66 1117 5 2429 2431 2504 
2425 13 3 2 
2507 78 3 1 13 
71 7 4 2 
2423 11 6 2 1 
74 6 13 7 14 
2509 4 13 7 2 1 
114 2 1 880 840 839 
90 92 3 4 1 405 
84 86 13 14 11 258 
111 113 833 2170 2172 2 
87 89 274 10 8 277 
105 107 2250 2249 2253 
100 443 3 1440 1439 597 
101 2336 2332 591 8 594 
96 97 2347 2352 2344 2350 
93 94 447 12 8 423 
103 588 716 715 729 
2543 2262 399 2322 395 279 
738 740 2538 2271 2274 2273 
108 110 242 2567 386 
2592 2109 9 10 8 483 
2590 2102 6 10 8 479 
2106 2107 10 8 12 13 
128 459 468 6 476 
2144 12 4 13 11 9 
2141 2142 3 13 11 290 
291 293 9 11 7 1381 
2145 294 12 10 8 9 
2582 2133 13 11 7 2136 
304 306 2 4 3 2139 
2137 2 309 308 10 8 
301 303 13 11 7 2140 
131 2612 621 2601 2602 644 
565 567 559 11 7 538 
2611 2026 9 7 891 2023 
2616 132 2123 2129 2584 124 
2620 1991 13 3 1987 
931 9 12 8 2 
2623 937 7 3 13 932 
1992 477 3 1 4 
218 2 10 8 12 
1989 3 592 7 4 894 
147 3 1535 13 964 
2635 1959 970 969 13 3 
1962 3 478 7 4 967 
144 925 952 951 9 1969 
145 2633 2630 1972 2629 941 
140 2619 12 10 8 886 
883 885 2 12 13 3 
135 137 856 855 13 9 
1993 3 9 7 
929 13 1995 1533 8 954 
1357 12 10 2 6 5 
174 12 10 6 5 13 
2670 2668 1900 1901 2666 
2638 803 10 11 6 5 
1556 14 13 11 9 5 
1958 13 9 5 11 7 
1956 3 9 11 7 14 
378 14 11 9 
2640 1952 13 11 7 573 
1155 1148 1151 10 
1140 10 2653 163 4 1134 
1141 455 4 3 1 1136 
591 7 4 2 1 10 
162 2665 1926 1105 1104 1114 
2693 1798 1231 6 5 1233 
198 1225 1808 2687 1224 
2691 801 12 10 8 1094 
1799 1228 12 10 8 5 
2741 199 698 14 1876 453 
1754 1242 6 3 12 10 
1760 1761 14 13 11 9 
1249 2701 5 4 1244 
1196 1187 3 1190 9 1787 
2711 1721 2709 11 9 1280 
850 851 1747 1750 2703 
1270 1272 6 4 3 1734 
2706 1727 1 12 10 1731 
1275 1262 11 9 1267 
2700 1206 13 9 2698 1209 
1121 1123 14 13 11 1574 
1132 2697 1129 1128 4 1 
1036 1038 1035 1551 4 9 
205 206 789 2716 2717 1296 
188 1085 2 1863 2676 1074 
189 2679 1076 10 8 1084 
2740 184 1199 10 8 192 
2745 193 175 178 208 
1236 8 2 1 9 4 
2486 2484 9 1 218 
48 50 1 7 4 10 
2472 9 7 1 4 2 
2487 2470 7 4 12 8 
1029 13 2 10 4 3 
2455 10 6 13 7 14 
2454 11 6 5 12 2 
2493 2452 6 3 1 2451 
2453 12 6 5 7 13 
2468 11 12 2 1 
1015 7 13 11 12 2 
1017 3 10 2 
2462 13 10 6 5 7 
1022 4 6 5 7 10 
2456 1020 6 5 13 
2500 2439 14 13 11 7 
1065 4 12 14 11 7 
2501 2438 1050 12 
1046 2 12 1 3 
2497 2 14 6 11 1 
1026 12 2 6 5 
2496 2 14 5 1 
1043 6 5 4 7 12 
2444 10 14 11 7 3 
2443 12 4 6 3 14 
1050 10 4 14 11 3 
1061 2441 1054 12 
2504 2433 5 3 11 1116 
2431 10 2 6 5 11 
2429 10 11 7 5 3 
1117 1567 1 10 2 11 
78 2 14 5 
839 2572 2157 2159 
840 841 1510 10 8 2149 
880 882 12 8 1517 
405 406 2393 2516 
92 2386 2384 12 1 408 
258 260 5 9 7 1363 
86 1 2410 2407 263 262 
2172 2174 5 9 7 245 
2170 2171 5 9 7 255 
833 1505 4 3 6 
113 2163 2166 12 2 835 
277 269 5 14 3 11 
274 276 14 6 5 2399 
89 2395 284 279 268 
2253 796 14 11 13 
2249 4 3 6 5 1 
2250 249 11 13 7 9 
107 2251 10 8 793 
597 2526 13 9 1351 
1439 11 9 7 4 14 
1440 4 11 9 7 5 
443 2 1 10 8 12 
594 9 13 11 14 
2332 598 4 6 3 524 
2336 592 4 6 3 446 
2350 528 13 14 11 256 
2344 2346 13 14 11 255 
2352 2353 4 6 3 446 
2347 2349 6 4 3 341 
97 525 12 10 8 1 
423 425 10 8 420 
447 449 1 4 3 1409 
94 2357 2359 427 269 438 
729 2532 2307 2529 661 
715 2293 14 13 11 649 
716 4 6 708 3 711 
588 590 585 12 
279 4 1 12 8 3 
395 13 11 411 14 344 
2322 389 3 2 10 8 
399 392 4 1 3 
2262 743 10 8 1475 7 
2273 737 736 10 8 12 
2274 163 12 10 8 9 
2271 2272 12 2 10 231 
2538 2269 14 9 7 734 
740 517 2536 799 2276 731 
386 388 1 4 3 383 
2567 2566 814 1499 894 4 
242 2545 2546 2237 2239 2548 
110 810 674 581 
483 462 6 4 1 3 
2109 6 443 7 4 482 
479 1 13 7 9 
2102 2103 6 3 4 
2107 7 4 6 2 
476 2588 9 11 8 462 
468 470 4 3 1 1418 
459 461 455 11 8 2586 
290 11 7 4 3 2 
2142 6 10 8 12 
1381 1 3 2 
293 9 4 1 13 11 
294 295 13 11 7 
2136 6 4 10 8 12 
2133 2134 10 8 12 
2139 11 9 10 8 
306 477 11 7 13 
308 6 4 13 11 9 
309 6 3 11 7 9 
2140 4 10 8 12 
303 1382 3 1 4 
644 2608 636 635 
2602 11 7 608 12 2066 
2601 2063 7 11 6 2062 
621 6 1443 4 617 
2612 612 611 754 2038 2609 
538 2098 2099 2593 2594 
559 561 1 10 2 3 
567 553 2077 2079 2081 2083 
2023 602 6 12 
891 892 2028 6 3 2029 
2026 9 890 889 11 7 
124 6 1387 1386 13 321 
2584 2125 11 13 7 2128 
2129 11 6 3 1 316 
2123 2124 2131 2132 318 
132 676 680 972 6 2614 
1987 8 2 9 7 
1991 930 10 8 2 
932 934 8 1 9 7 
937 938 12 10 8 370 
477 9 10 8 
894 9 1 12 8 2 
592 12 10 2 8 
964 10 8 13 7 9 
1535 1536 9 8 1 4 
969 4 2 10 8 9 
970 7 4 12 10 8 
1959 1960 3 1 4 
967 1965 12 8 1 1964 
478 13 12 10 8 
1969 2 1 3 10 7 
951 12 10 13 3 4 
952 12 2 10 4 3 
925 1982 2626 923 13 2627 
941 7 1976 1978 958 
2629 416 13 3 12 8 
1972 8 13 3 12 2 
2630 1975 8 2 1 13 
2633 944 7 13 9 947 
886 4 7 9 1 13 
2619 2001 2 10 12 1999 
885 12 1 13 3 10 
855 4 12 10 1 3 
856 2617 10 12 2 3 
137 2007 13 3 1 2006 
954 912 454 7 663 8 
1533 591 2 4 3 9 
1995 7 1996 1997 1531 
2666 1899 2 4 3 171 
1901 11 5 12 10 2 
1900 11 6 2 1 10 
2668 1896 4 12 163 
803 5 3 11 7 9 
573 5 9 1 
1952 9 7 13 11 14 
1151 1152 14 6 1581 2658 
1148 1150 1144 1578 2 10 
1134 7 233 2 13 1351 
163 2 5 11 7 13 
2653 1924 971 13 11 7 
1136 1138 5 14 6 9 
455 13 3 2 1 10 
1114 2652 2643 2644 1098 
1104 2648 2 9 1 237 
1105 1101 235 9 5 1934 
1926 10 1564 14 6 1112 
2665 2664 12 1006 1005 1009 
1233 1235 14 13 9 1803 
1231 1232 2 10 8 9 
1798 6 14 5 4 3 
1224 1810 4 3 6 1308 
2687 508 9 12 10 1807 
1808 1809 9 12 10 8 
1225 1227 227 372 2689 
1094 358 3 1 6 
801 802 9 7 5 
1228 1230 14 13 11 1602 
453 10 8 2 1 12 
1876 5 13 3 7 4 
698 700 455 591 1467 8 
199 201 14 5 1253 
1242 9 7 5 1 14 
1761 12 2 5 4 
1244 1246 12 1 594 
2701 1756 9 12 1 1759 
1787 1195 1194 12 10 3 
1190 1192 14 11 7 1585 
1187 1189 1590 1589 12 10 
1280 4 3 1 1614 1726 
2709 1718 9 12 1 1724 
1721 1279 1278 12 2 9 
2703 14 13 11 844 831 
1750 1751 5 6 3 1 
1747 1749 12 10 14 2 
851 1752 14 13 11 402 
1734 14 5 12 10 
1272 1026 13 7 14 
1731 6 5 13 9 7 
1727 1729 12 10 13 
1267 1269 12 10 1611 
1262 1264 5 9 7 1259 
1209 1211 4 10 1 1770 
2698 1765 14 6 921 
1206 1208 10 12 2 1596 
1574 10 4 1 12 5 
1123 1573 1572 6 4 3 
1128 5 14 13 11 7 
1129 10 5 13 11 7 
2697 1771 14 13 7 1124 
1551 13 11 1786 14 1333 
1035 2696 4 3 6 1554 
1038 1779 4 12 10 1778 
1296 1298 1649 1643 1645 869 
2717 1698 781 780 11 1 
2716 1700 1 12 2 785 
789 763 778 767 10 
206 2735 1638 1634 1636 1640 
1074 2675 12 8 1071 
2676 1858 9 12 8 376 
1863 12 8 1070 803 2 
1085 1087 12 10 8 1560 
1084 1853 12 10 8 1079 
1076 1077 233 13 9 2677 
2679 1848 1850 1089 894 5 
192 2681 12 10 8 1202 
1199 1201 6 5 1591 
184 185 1869 824 1870 
208 210 14 5 1312 
178 180 9 8 2 689 
175 177 14 13 11 685 
193 195 1817 1812 1814 1214 
2484 10 8 9 1 4 
50 4 12 10 2 1 
2470 2 1 7 8 
2451 14 13 10 
2452 12 4 6 5 13 
1020 2 10 4 3 1 
2439 14 11 6 2 
2438 1062 13 11 14 
1054 1055 14 13 7 6 
2441 1056 13 14 6 
1116 12 10 1 
2433 2434 13 11 5 
1567 1568 13 11 7 2436 
2159 761 11 7 13 9 
2157 2158 14 13 11 879 
2572 876 249 6 3 2156 
2149 12 8 1516 3 1509 
1510 1512 11 7 13 5 
841 2150 13 14 11 1513 
1517 6 5 14 7 13 
882 2160 10 5 601 
2516 2390 6 5 10 601 
2393 6 14 13 11 831 
406 1397 9 7 5 
408 409 4 6 3 878 
2384 2385 6 4 3 404 
2386 2387 9 7 5 1 
1363 1365 6 4 1 1352 
260 2419 1362 1361 2418 
262 2415 4 6 3 247 
263 2416 5 9 7 255 
2407 2409 4 6 3 240 
2410 2412 6 4 3 247 
245 13 14 11 
2174 521 6 4 3 
255 12 10 8 
2171 4 3 1 13 6 
1505 1506 14 13 11 844 
835 836 4 6 3 1503 
2166 830 2 4 3 6 
2163 2164 11 7 13 9 
269 2 1 12 8 4 
2399 13 2 1 4 
276 1373 12 2 4 
268 10 8 1366 3 267 
284 13 646 14 11 485 
2395 281 10 8 
796 798 2255 879 
249 12 2 10 8 
793 795 7 6 5 864 
2251 790 13 14 11 247 
1351 4 6 5 7 
2526 2337 11 13 9 2340 
524 1 10 8 12 
598 446 14 11 13 522 
446 5 9 7 
256 1 9 7 5 
528 441 4 6 3 648 
2346 402 6 3 4 
2353 251 10 8 12 
341 14 13 11 
2349 521 9 7 5 
525 527 4 6 3 1423 
420 4 3 1403 2 1400 
425 2377 416 2374 
1409 1411 1414 1413 7 
449 2522 4 3 1 1406 
438 2369 10 8 433 
427 429 14 13 6 5 
2359 2360 4 6 3 446 
2357 443 9 7 4 439 
661 653 652 9 7 5 
2529 2303 453 14 656 655 
2307 1 3 6 4 650 
2532 2288 2284 2286 2289 
649 650 6 4 3 
2293 705 12 8 1 362 
711 712 7 9 5 2299 
708 710 7 9 5 2300 
585 10 8 1429 1 1432 
590 2314 10 12 8 2317 
344 7 6 5 
411 7 6 5 
389 391 14 13 11 1351 
392 393 12 8 1394 
1475 1477 14 13 11 2268 
743 2542 3 12 2 1478 
736 1072 14 11 7 930 
737 2537 1 5 3 368 
231 9 8 1 
2272 7 13 11 14 
734 213 6 3 2 
2269 2270 12 10 8 2 
731 804 10 8 2 
2276 803 12 10 8 2 
799 800 10 8 12 9 
2536 2275 6 4 3 801 
517 519 12 10 8 511 
383 1388 9 14 6 931 
388 2550 2 4 3 380 
1499 11 13 14 6 5 
814 1501 2 10 231 12 
2566 2175 818 817 2179 
2548 2241 9 1 218 2246 
2239 2240 4 6 2 13 
2237 2238 6 14 13 11 
2546 2243 237 12 10 8 
2545 227 11 9 5 2236 
581 583 4 3 1 575 
674 504 2555 670 663 2214 
810 811 905 904 2564 
462 464 6 3 1 7 
482 894 13 3 592 
2103 12 2 7 10 8 
2588 2112 11 13 7 471 
1418 7 11 9 10 8 
470 1415 10 8 12 
2586 2122 11 13 7 454 
461 2587 9 12 8 456 
295 11 2 4 3 1 
2134 13 3 11 6 
1382 1384 12 8 11 9 
635 2056 12 11 7 625 
636 2603 3 4 1 628 
2608 2606 639 13 2605 
2066 6 10 1 4 
608 1 10 12 2 
2062 12 10 4 3 2 
2063 2064 6 4 12 2 
617 2070 4 2 3 2069 
1443 1444 13 11 7 2 
2609 2035 752 751 11 9 
2038 9 1355 10 4 748 
754 6 13 9 1483 746 
611 6 2075 2076 1441 1 
612 2599 607 11 9 2074 
2594 2097 10 12 8 11 
2593 416 10 8 11 6 
2099 6 11 1 10 8 
2098 11 6 8 2 1 
561 2087 3 4 1 2086 
2083 7 564 1355 10 1 
2081 6 13 12 2 3 
2079 6 3 13 11 2 
2077 557 13 10 11 
553 555 12 11 9 544 
602 9 13 7 11 
2029 6 3 12 10 11 
2028 11 1 12 10 
892 10 6 3 12 2 
889 2031 6 3 10 2 
890 2033 10 6 3 1 
321 2130 3 1 4 
1386 11 1 10 8 12 
1387 11 8 1 3 12 
2128 10 8 4 1 6 
2125 2126 10 8 12 
316 13 10 8 
318 9 11 7 13 
2132 3 1 11 7 9 
2131 4 1 13 11 9 
2124 6 12 8 
2614 2014 11 8 975 
972 974 11 8 13 1538 
680 2022 218 9 1 2020 
676 678 4 3 2 1457 
930 3 9 1 
934 7 4 8 1 12 
370 4 3 1 
938 10 8 9 1 3 
1536 7 1 10 8 12 
1960 7 13 10 8 
1964 4 13 9 
1965 12 8 13 7 9 
2627 1979 13 3 1 8 
923 12 8 10 7 1528 
2626 1983 1 10 2 922 
1982 13 7 4 3 2 
958 10 4 1 3 
1978 13 3 4 1 12 
1976 12 10 13 4 1 
1975 13 7 4 1 3 
947 949 3 4 1 10 
944 945 3 12 2 1 
1999 4 8 13 9 
2001 3 1 13 9 7 
2617 2009 12 2 10 1 
2006 4 12 10 9 
2007 858 13 9 7 
663 7 4 12 2 1 
454 8 1 12 10 2 
912 9 1 8 2 
1531 3 12 10 2 8 
1997 12 8 4 3 2 
1996 3 2 10 8 4 
171 11 9 5 
1899 11 6 2 1 12 
1896 1897 4 3 1 
2658 1914 4 3 2 1580 
1581 11 4 3 1 7 
1152 510 4 14 5 1913 
1578 13 3 6 11 5 
1144 13 11 5 3 1 
1150 1145 12 2655 663 1916 
233 5 4 1 6 
971 5 4 1 
1924 13 3 1 6 5 
1138 11 7 10 5 
1098 2645 233 13 9 2642 
2644 1937 6 4 1 238 
2643 1095 9 13 11 971 
2652 2651 1 5 3 368 
237 238 6 2 4 
2648 1099 2 6 3 647 
1934 358 6 3 2 
235 13 6 2 4 
1101 510 2 4 3 1562 
1112 2650 11 7 14 1563 
1564 13 4 3 2 7 
1009 2641 5 11 7 991 
1005 1943 13 11 7 1350 
1006 1080 4 3 1 1545 
2664 2661 2662 992 12 1000 
1803 4 10 8 2 
1235 225 13 7 14 
1232 7 12 10 8 2 
1308 1309 1335 9 
1810 1311 10 8 12 
1807 4 3 1 6 5 
508 509 9 12 10 8 
1809 14 6 3 1 4 
2689 377 14 9 7 734 
372 373 12 10 8 9 
227 228 10 8 12 9 
1227 1804 799 1805 
358 14 9 7 
802 10 8 13 11 14 
1602 3 7 4 
1230 359 6 2 4 
1467 13 3 2 1 12 
700 1340 454 13 912 
1253 1608 11 1605 7 
201 2695 1793 1250 
1246 1763 9 12 10 404 
1759 5 3 11 7 14 
1756 1241 14 9 7 3 
1194 9 1 5 11 7 
1195 14 11 9 7 5 
1585 1587 10 1 5 3 
1192 1333 14 11 7 3 
1589 5 2 11 7 9 
1590 14 11 9 7 5 
1189 1019 9 7 14 
1726 5 12 10 
1614 1335 14 5 12 1 
1724 5 4 14 6 13 
1718 1720 12 10 6 5 
1278 14 6 4 3 1 
1279 5 4 14 6 13 
831 12 10 9 7 
844 10 9 7 5 
1751 10 2 9 7 14 
1749 9 7 3 6 5 
402 1 9 7 5 
1752 848 11 7 13 9 
1729 5 14 6 9 7 
1611 2 4 3 5 14 
1269 1737 14 10 2 1610 
1259 1261 14 13 11 2 
1264 2705 1258 1257 1743 
1770 14 6 5 
1211 1593 6 5 4 
921 922 10 2 1 
1765 1766 14 5 7 
1596 5 14 1 
1208 14 5 10 1 12 
1572 10 1 14 5 12 
1573 14 5 10 2 1 
1124 1125 1 10 2 361 
1771 1773 10 1 13 7 
1333 10 2 1 5 
1786 5 12 10 
1554 2 14 5 10 1 
2696 1781 4 3 2 1784 
1778 5 2 13 9 11 
1779 1780 14 13 11 9 
869 871 866 4 2722 
1645 1646 10 2 14 5 
1643 1644 11 7 6 5 
1649 1293 4 2 7 
1298 1184 1290 4 2729 
780 10 14 12 6 5 
781 12 10 5 14 6 
1698 13 1701 6 5 784 
785 5 14 6 13 10 
1700 2 1 14 11 
767 1488 14 13 11 1486 
778 1708 1705 773 6 5 
763 760 11 757 2 2714 
1640 1304 3 1 
1636 1299 3 1 6 13 
1634 1301 1 12 2 14 
1638 1639 2 1 3 
2735 1176 2718 1690 1692 1165 
1071 1072 2 4 3 171 
2675 1860 10 8 2 573 
376 6 5 4 3 2 
1858 1859 11 7 6 5 
1070 5 4 13 11 9 
1560 13 6 3 11 5 
1087 1351 10 8 12 13 
1079 1080 7 6 5 370 
1853 163 12 10 8 4 
2677 1095 3 1 4 1107 
1077 1109 872 13 6 5 
1089 443 7 4 13 3 
1850 12 8 1092 1091 2 
1848 1849 4 6 2 13 
1202 1203 466 5 
2681 1845 7 14 5 1844 
1591 1592 13 7 9 1 
1201 2680 971 9 13 11 
1870 821 13 6 5 14 
824 826 12 8 1 4 
1869 6 5 13 7 14 
185 1865 14 5 827 
1312 1314 2 6 3 1616 
210 2738 14 11 7 1315 
689 1463 14 688 1885 
180 2673 10 8 695 2 
685 1459 5 1891 1893 
177 1886 454 14 11 1888 
1214 6 1321 5 1324 2683 
1814 1815 12 10 8 1 
1812 1813 10 8 12 13 
1817 3 12 10 8 1218 
195 986 12 8 1 1219 
1062 1064 3 2 12 4 
1055 10 14 7 6 3 
1056 1 2 3 12 4 
2434 3 10 1 
2436 13 3 1 6 
1568 11 6 3 4 1 
761 5 12 10 2 1 
879 10 8 9 7 5 
2158 6 3 12 2 1 
2156 402 13 11 14 
876 877 13 11 14 
1509 2574 11 7 13 5 
1516 11 7 14 6 5 
1512 1052 7 6 5 13 
1513 1515 5 9 7 2151 
2150 8 14 13 11 7 
601 9 13 11 7 
2160 2161 13 7 14 
2390 602 6 5 592 
1397 1398 6 2 478 
878 879 13 11 14 
409 879 6 4 3 324 
404 14 13 11 
2385 12 5 9 7 1 
2387 341 4 3 6 
1352 8 2 12 10 
1365 2422 8 2 12 
2418 5 12 2 9 7 
1361 10 8 6 4 1 
1362 8 1 4 3 6 
2419 2420 5 9 7 1 
247 5 9 7 
2415 254 14 11 13 
2416 251 6 3 4 
240 14 13 11 
2409 254 5 9 7 1 
2412 249 13 11 14 
521 1 10 8 
1506 341 9 7 5 
1503 1504 13 11 14 879 
836 2168 13 14 11 257 
830 831 13 11 14 
2164 413 6 5 12 
1373 1374 6 3 14 2514 
267 2513 4 2 1 1369 
1366 1368 4 2 1 1372 
485 7 6 5 
646 7 6 5 
281 282 2 1 4 1018 
2255 12 2 4 3 6 
798 2256 4 3 6 
864 3 2 1 
795 2257 5 3 2260 
790 792 1 10 8 2261 
2340 5 7 4 
2337 2338 6 3 4 
522 5 9 7 
648 12 8 2 
441 2 10 8 
251 14 13 11 
1423 446 13 14 11 522 
527 9 7 403 5 2355 
1400 1402 13 14 11 485 
1403 1405 14 11 13 411 
2374 2375 12 8 7 418 
2377 2379 14 13 11 8 
1413 6 5 14 11 13 
1414 6 5 13 11 14 
1411 245 6 5 7 
1406 1408 13 14 11 486 
2522 2362 7 6 5 2368 
433 435 4 12 2 2372 
2369 2370 8 6 5 431 
429 1338 14 6 3 
2360 341 10 8 2 
439 13 14 6 
652 1448 12 10 8 2 
653 2310 3 6 4 2313 
655 11 9 7 4 3 
656 9 7 6 4 3 
2303 657 12 8 2 341 
650 255 9 7 5 
2289 717 4 3 6 
2286 722 12 8 1 248 
2284 725 2 10 8 252 
2288 719 13 11 14 
362 5 9 7 
705 707 14 13 11 355 
2299 495 13 11 14 
712 2298 12 10 8 2 
2300 324 8 1 12 
710 1469 12 10 8 2 
1432 14 7 6 5 13 
1429 2318 2320 3 1 1435 
2317 7 13 11 14 
2314 2315 12 2 5 
391 2329 2331 14 11 13 
1394 1396 13 14 11 411 
393 2325 6 5 7 
2268 2 5 6 3 4 
1477 4 3 1482 1481 2 
1478 5 6 14 11 7 
2542 2263 2 4 3 2266 
1072 647 6 3 2 
368 9 11 7 
2537 358 6 3 1 362 
213 12 10 8 
2270 3 1 11 7 9 
804 5 1496 9 7 1493 
800 3 2 11 7 14 
2275 807 12 2 10 231 
511 512 479 6 5 1099 
519 2282 2278 508 2280 
1388 1390 12 2 10 1391 
380 381 11 5 222 
2550 2549 14 11 9 379 
1501 11 13 6 5 
2179 3 12 8 2 
817 11 1 9 5 7 
818 9 1 14 11 7 
2175 2177 8 14 11 9 
2246 4 13 11 
2241 2242 6 4 1 5 
2240 5 12 10 8 9 
2238 4 12 2 10 231 
2243 2244 12 10 8 2 
2236 211 4 3 1 
575 577 1428 1427 5 
583 2216 580 579 225 
2214 664 8 1 12 
670 672 11 13 9 2215 
2555 2208 453 13 9 667 
504 506 12 8 1 501 
2564 2563 6 3 919 
904 225 901 894 900 899 
905 2559 895 2 10 8 
811 910 2 10 8 906 
464 13 4 1 6 
471 472 6 9 1 8 
2112 466 10 8 12 
1415 13 7 3 1 4 
2122 451 10 8 2 
456 457 4 6 2 3 
2587 2116 9 13 7 2119 
1384 11 7 10 8 12 
625 6 4 3 2 
2056 631 12 2 1 
628 12 10 11 6 7 
2603 2052 12 4 1 2055 
2605 2051 4 12 2 2046 
639 6 12 10 2 1 
2606 2049 2048 10 12 6 
2064 10 13 7 11 
2069 10 11 7 
2070 12 2 13 7 4 
1444 11 7 12 2 10 
751 4 3 10 2 1 
752 10 6 4 1 3 
2035 2036 10 1 4 
748 2040 6 3 4 
1355 12 2 6 3 
746 2041 11 13 9 2044 
1483 11 10 4 12 2 
1441 11 7 13 9 10 
2076 10 11 13 7 9 
2075 11 9 10 1 12 
2074 602 12 10 
607 12 2 10 1 6 
2599 2072 6 2 601 
2097 12 8 2 11 6 
2086 6 10 2 
2087 12 1 6 3 4 
564 1266 4 6 3 
557 12 6 3 2 
544 1 3 4 6 2 
555 2595 9 12 10 550 
2031 12 1 6 3 
2033 6 3 12 2 
2130 12 8 11 7 
2126 11 7 3 1 6 
975 591 12 2 1 1537 
2014 11 8 2 9 1 
1538 10 3 2 12 
974 2015 2 10 8 2019 
2020 2021 6 2 4 
2022 457 11 8 9 
1457 7 11 9 12 8 
678 1345 13 7 11 
1979 12 2 4 7 3 
1528 12 4 2 3 
922 4 13 9 
1983 10 8 13 3 
949 1970 1 12 2 4 
945 2 1 12 10 13 
2009 4 3 12 2 
858 1 3 2 
1897 10 6 5 7 
1580 6 11 7 5 
1914 359 4 1 6 
1913 7 4 13 11 14 
510 6 2 13 7 14 
1916 13 3 2 1 12 
2655 1917 12 3 2 572 
1145 466 7 6 5 370 
2642 1093 6 3 1 358 
2645 1939 6 5 479 
238 14 13 9 
1937 574 13 11 14 
1095 362 3 1 6 
2651 1106 11 7 14 930 
647 7 9 5 
1099 1100 13 7 9 
1562 5 14 6 
1563 1 4 3 2 
2650 1927 14 13 11 3 
991 12 4 3 2 
2641 1001 12 3 2 1941 
1350 1 5 4 
1943 6 5 2 11 
1545 11 7 14 6 
1080 1344 4 3 1 1946 
1000 1949 997 996 13 
992 994 14 13 7 1543 
2662 2660 7 6 5 1329 
2661 1908 2 12 10 1331 
225 9 10 8 2 
1335 10 14 5 12 2 
1309 14 5 12 1 9 
1311 500 14 13 7 451 
509 7 13 11 14 
377 379 11 9 14 
373 14 6 4 3 2 
228 2 4 13 11 14 
1805 510 12 10 8 9 
1804 1318 10 8 12 
359 14 13 7 
1340 663 8 454 7 
1605 1607 6 3 1 314 
1608 1609 1 10 8 12 
1250 1252 12 8 1 4 
1793 11 7 5 3 14 
2695 1794 9 8 1 1791 
1763 1266 13 9 11 
1241 2 12 1 6 5 
1587 12 2 5 3 
1019 6 5 10 1 
1720 4 14 1 13 9 
848 12 2 10 5 1 
1610 1 4 3 5 
1737 1738 10 1 4 
1261 1744 14 13 11 12 
1743 9 13 7 14 
1257 6 5 1 10 2 
1258 12 10 1 6 5 
2705 876 2 12 10 1741 
1593 14 2 12 10 
1766 6 10 1 4 3 
361 4 6 5 
1125 6 5 10 1 4 
1773 14 12 6 5 4 
1784 6 5 12 10 
1781 1782 4 1 3 
1780 5 10 1 4 
2722 1671 1 12 2 859 
866 868 14 13 7 1675 
871 2723 1668 863 1669 
1646 7 6 4 3 
1644 12 10 4 2 3 
1293 1294 14 13 11 5 
2729 1647 4 12 2 913 
1290 1292 14 12 2 1653 
1184 1186 12 2 1181 
784 14 6 10 2 1 
1701 10 1 12 2 
1486 12 3 2 5 
1488 12 6 5 2 
773 14 12 2 11 
1705 766 6 3 13 
1708 770 12 2 3 
2714 2713 14 13 7 608 
757 759 14 12 10 1717 
760 1 2 12 10 5 
1304 1306 14 13 11 5 
1299 2 14 5 12 10 
1301 13 3 10 4 7 
1639 5 13 11 14 
1165 1694 4 3 5 1158 
1692 1693 13 11 14 7 
1690 1691 12 1 6 5 
2718 1688 13 4 1 1687 
1176 1177 1170 12 1 2721 
1860 592 6 5 11 
1859 296 3 2 4 
1107 5 11 9 
872 12 1 3 
1109 368 5 3 1 
1091 11 7 9 5 13 
1092 6 5 13 7 9 
1849 9 5 12 8 
466 13 7 6 4 1 
1203 1350 11 7 13 
1844 364 6 4 3 
1845 1846 10 8 1 
1592 9 3 1 4 
2680 1001 13 11 7 573 
821 823 1 10 8 12 
826 9 10 8 1 4 
827 828 6 3 1 316 
1865 1867 12 8 1 
1616 13 12 10 8 7 
1314 1632 1631 11 9 1633 
1315 1316 5 3 1345 
2738 1623 218 9 1 1626 
1885 4 3 14 5 6 
688 6 5 13 7 14 
1463 1465 13 6 5 4 
695 696 688 4 
2673 1881 7 14 5 692 
1893 8 2 9 5 7 
1891 5 3 12 8 2 
1459 1461 2 10 8 1462 
1888 1889 13 6 5 3 
1886 684 683 8 11 
2683 2682 7 4 1217 
1324 1326 14 9 7 1828 
1321 1323 12 10 8 1619 
1815 359 6 5 4 
1813 14 5 3 1 6 
1218 5 13 11 14 
1219 1221 9 5 1599 
986 988 14 13 11 977 
1064 10 4 3 1 
877 2 1 9 7 
2574 859 5 3 11 7 
1052 3 11 7 14 
2151 6 10 8 12 
1515 6 9 7 5 255 
2161 6 10 8 
1398 1352 14 11 13 
324 13 14 11 
2422 1 6 3 4 
2420 441 6 3 4 
254 2 10 8 12 
1504 2169 10 8 1 
257 5 9 7 
2168 521 3 6 4 
413 2 4 3 
2514 6 5 13 11 14 
1374 5 11 13 14 6 
1369 13 11 14 5 
2513 2406 4 1 12 2404 
1372 11 14 6 
1368 1370 4 1 12 
1018 11 5 3 
282 1379 1378 12 4 1 
2256 249 9 7 5 
2260 11 7 2 1 
2257 2258 3 1 6 
2261 2 4 3 6 
792 12 2 1492 1491 
2338 14 9 7 
2355 240 6 3 4 
403 404 4 3 6 
1402 2382 7 6 5 404 
1405 646 13 11 485 14 
418 13 14 11 
2375 1 5 6 3 4 
2379 411 4 3 2 
486 7 6 5 
1408 341 6 5 7 
2368 4 3 13 11 14 
2362 2364 7 4 5 
2372 11 5 3 
435 2373 4 2 3 
431 10 8 14 11 
2370 3 12 2 4 
1338 13 11 14 5 
1448 4 3 404 6 324 
2313 341 8 1 12 
2310 453 3 4 11 
657 659 1 4 3 2308 
717 718 9 5 7 
248 6 4 3 
722 647 13 14 11 362 
252 4 6 3 
725 647 14 11 13 362 
719 721 12 10 8 1472 
355 6 4 3 
707 2301 14 13 11 569 
495 12 8 1 
2298 240 9 7 5 
1469 446 13 14 11 522 
1435 14 11 7 6 5 
2320 7 14 3 1 6 
2318 1 5 11 7 13 
2315 10 8 11 7 13 
2331 4 6 5 7 
2329 7 6 5 4 
1396 2326 6 5 7 418 
2325 8 13 11 14 
1481 6 5 13 11 14 
1482 6 5 14 11 13 
2266 245 6 5 7 
2263 2264 13 11 14 
1493 1495 4 6 3 404 
1496 520 14 13 11 401 
807 14 6 11 7 3 
512 1039 13 7 14 451 
2280 2281 12 2 10 231 
2278 514 12 2 10 8 
2282 510 12 10 8 9 
1391 11 6 5 8 
1390 14 11 12 8 2 
222 9 10 8 12 
381 2233 10 8 12 
379 213 4 3 2 
2549 372 9 12 8 376 
2177 220 2 10 12 
2242 13 10 8 2 9 
2244 13 11 5 4 9 
211 2 12 8 
1427 11 2 10 8 9 
1428 11 12 10 8 9 
577 2553 225 222 14 6 
579 13 14 4 1 6 
580 13 11 4 1 5 
2216 2217 9 1 4 
664 4 1454 6 3 1451 
2215 5 10 8 
672 8 9 14 13 11 
667 14 6 5 7 4 
2208 2210 13 14 11 248 
501 503 4 6 3 1420 
506 2231 2224 2229 2227 
919 920 12 2 10 915 
2563 2561 2187 2188 2186 
899 14 7 3 1 6 
900 1 11 7 5 3 
901 14 6 5 7 13 
895 897 9 1 1052 
2559 2201 9 1 218 2200 
906 908 7 9 5 1522 
910 2190 9 1 218 
472 12 8 6 4 1 
451 6 9 1 
457 675 4 6 2 13 
2119 6 12 8 2 
2116 453 7 4 6 
631 10 11 7 6 3 
2055 10 6 13 7 11 
2052 626 4 1 6 
2046 7 10 6 3 
2051 2 1 13 11 
2048 11 3 1 13 
2049 642 3 1 6 
2036 6 13 9 11 
2040 11 12 10 
2044 4 10 2 
2041 2042 4 3 2 
2072 603 13 9 7 
1266 1 12 10 
550 4 3 1 11 6 
2595 2088 11 13 9 547 
1537 7 4 13 3 
2019 11 13 3 
2015 2016 4 12 3 2 
2021 12 8 13 7 11 
1345 2 9 10 8 4 
1970 4 10 2 3 
572 13 6 5 
1917 872 6 5 13 
1093 451 13 7 14 
1939 378 3 1 4 
574 4 9 1 
1106 1107 3 1 4 
1100 2 6 5 
1927 13 14 3 1 6 
1941 5 13 11 
1001 1002 1 3 12 
1946 5 11 7 
1344 6 5 1 11 
996 12 14 6 3 2 
997 14 6 1 3 12 
1949 991 11 7 6 14 
1543 2 6 4 1 
994 6 14 13 11 1544 
1329 4 12 3 2 10 
2660 1902 6 5 7 1905 
1331 6 5 13 7 1 
1908 14 5 12 10 
500 1349 14 13 11 574 
1318 1320 4 3 1 378 
314 12 10 8 
1607 521 4 3 6 
1609 9 4 3 8 1 
1252 9 1 10 8 4 
1791 3 14 6 5 7 
1794 1795 12 8 1 
1738 3 14 5 
1744 12 10 14 6 13 
1741 6 5 13 9 7 
1782 14 6 10 2 
859 6 3 14 7 
1671 1672 3 1 6 
1675 6 5 10 2 
868 1676 10 12 2 
1669 1670 12 10 3 
863 1 3 4 2 13 
1668 12 10 6 5 7 
2723 1661 5 4 3 1666 
1294 12 10 14 13 11 
913 5 13 11 7 
1647 1648 14 11 7 3 
1653 13 10 6 5 7 
1292 1026 13 7 14 
1181 1183 14 4 3 1659 
1186 2726 416 1654 1657 
766 10 2 14 5 
770 11 13 10 6 5 
2713 1709 14 6 13 1714 
1717 13 3 6 5 
759 5 3 13 11 14 
1306 1641 5 13 11 10 
1158 1160 14 12 1696 
1694 1161 10 1 4 
1693 5 2 1 4 
1691 4 13 7 14 
1687 12 10 6 5 7 
1688 1689 6 12 3 1 
2721 1677 10 12 8 14 
1170 1172 14 11 7 1684 
1177 2720 3 12 1 1173 
296 12 10 8 
364 12 8 1 
1846 14 11 6 5 
823 1874 9 8 1 4 
828 231 4 3 6 
1867 13 11 5 3 14 
1633 11 6 10 8 2 
1631 8 2 4 3 
1632 11 12 10 2 8 
1316 1629 8 2 12 
1626 1627 8 2 12 
1623 1625 9 5 4 
1465 3 6 5 7 
696 12 14 6 5 13 
692 648 441 6 4 3 
1881 688 12 8 2 4 
1462 3 7 4 
1461 7 4 8 2 12 
1889 14 10 8 2 
683 14 6 2 1 12 
684 14 6 2 1 10 
1217 1218 10 8 12 
2682 1824 7 9 5 718 
1828 3 10 8 2 
1326 11 14 10 8 12 
1619 1620 14 11 7 170 
1323 1830 14 11 9 1833 
1599 1601 14 11 7 3 
1221 2684 5 4 3 378 
977 1839 1840 1542 1541 5 
988 1835 6 5 980 
2169 247 13 11 14 
2404 11 5 3 
2406 3 6 5 4 1 
1370 6 14 11 
1378 6 5 13 11 14 
1379 14 6 13 11 5 
2258 2 14 7 
1491 10 8 4 3 1 
1492 8 1 4 3 6 
2382 646 14 11 13 
2364 337 13 11 14 
2373 332 6 5 7 
2308 6 9 7 
659 446 4 3 6 
718 12 8 14 13 11 
1472 1474 2 6 3 446 
721 9 5 454 7 2291 
569 3 6 4 
2301 418 6 3 4 
2326 646 13 11 14 
2264 4 3 6 5 7 
1495 520 14 11 13 
401 6 4 3 
520 4 6 3 
1039 573 11 7 13 
2281 6 13 7 14 
514 7 5 6 13 14 
2233 11 9 1 
220 1 4 3 
2553 2220 12 10 8 378 
2217 226 13 11 14 
1451 13 11 496 14 853 
1454 496 13 14 11 853 
2210 254 9 7 5 
1420 496 13 14 11 853 
503 403 9 5 7 
2227 2228 6 4 1 5 
2229 2230 10 8 2 9 
2224 2225 9 5 7 401 
2231 498 10 8 12 
915 8 1 5 7 9 
920 1525 12 8 2 
2186 916 10 8 2 
2188 912 14 13 11 7 
2187 894 13 5 11 7 
2561 2183 3 11 914 
897 2206 13 11 7 573 
2200 7 3 6 
2201 2202 12 2 10 231 
1522 1524 13 14 11 414 
908 1521 1520 5 7 9 
2190 2191 9 5 7 355 
675 7 6 3 2 
626 11 10 13 7 
642 11 13 10 
2042 10 11 9 
603 6 12 2 
547 6 4 2 12 1 
2088 2090 6 4 13 9 
2016 11 7 10 8 
1002 5 13 11 
1544 3 7 4 
1905 12 10 3 1 
1902 1903 6 2 4 
1349 238 4 1 6 
1320 237 14 11 7 930 
1795 14 11 6 5 
1672 14 7 10 2 
1676 7 14 5 
1670 2 1 7 6 5 
1666 11 7 12 2 14 
1661 1663 4 2 7 
1648 10 2 5 4 
1659 10 5 11 7 
1183 1660 10 14 5 
1657 5 10 8 1 
1654 12 8 14 5 2 
2726 5 8 2 1 14 
1714 5 3 12 2 
1709 1710 12 2 10 
1641 1327 13 11 14 
1696 10 1 11 7 
1160 349 10 2 1 
1161 1163 7 14 5 12 
1689 14 5 13 10 
1677 1678 11 7 6 5 
1684 4 5 3 
1172 1205 6 3 4 
1173 10 13 5 14 6 
2720 1 10 8 14 5 
1874 12 8 1 3 
1629 5 4 3 
1627 14 11 6 5 
1625 8 2 13 11 14 
1824 1825 9 2 10 8 
170 2 4 3 
1620 13 14 6 3 2 
1833 4 3 10 8 2 
1830 1831 2 10 8 9 
1601 1822 6 4 3 14 
2684 1818 4 6 5 238 
1541 7 4 10 8 1 
1542 1841 9 8 1 4 
1840 8 1 9 7 5 
1839 10 8 5 3 1 
980 982 12 8 1 1838 
1835 983 12 10 8 1 
337 6 3 1 
332 13 14 11 
1474 522 3 1 6 
2291 226 6 3 4 
2220 6 5 10 8 9 
226 2 10 8 
853 7 9 5 
496 9 5 7 
2228 13 12 10 8 9 
2230 14 11 3 1 4 
2225 13 11 8 1 14 
498 500 9 13 11 971 
1525 14 7 9 5 1 
916 918 7 6 5 2189 
914 915 2 10 12 
2183 2184 9 1 218 
2206 496 3 1 6 
2202 13 6 5 7 
414 4 6 3 
1524 2193 14 13 11 569 
1520 2195 569 14 13 11 
1521 2197 4 3 6 324 
2191 8 2 13 11 14 
2090 11 1 12 10 
1903 13 7 5 12 
1663 10 5 13 11 14 
1660 7 4 3 6 
1710 13 3 14 5 
1327 10 12 5 
349 14 11 7 
1163 5 3 11 7 14 
1678 4 1 12 10 3 
1205 7 14 5 
1825 14 5 3 11 7 
1831 4 13 11 14 
1822 4 13 11 14 
1818 1819 13 7 14 
1841 7 4 8 1 12 
1838 3 9 7 14 
982 14 11 10 8 12 
983 985 4 3 6 1837 
2189 13 9 1 
918 451 13 7 14 
2184 6 13 7 
2193 418 4 3 6 
2195 404 4 3 6 
2197 414 14 11 13 
1819 9 6 5 
1837 7 14 5 
985 369 4 3 5 
369 14 11 7 
