17 64 6168 1782 388 6172 145 
18 10 12 5 8 15 14 153 
19 10 5 153 15 12 14 8 158 
20 69 15 8 12 14 
21 72 8 15 169 165 12 14 170 
22 74 4388 4391 4 6 3 182 
23 75 223 226 6312 
24 8 10 15 12 14 6 3 
25 6393 6394 276 275 271 6391 
26 80 277 12 8 15 14 6479 
27 82 8 12 15 14 
28 83 6492 292 305 6489 6494 
29 318 327 6616 323 6545 6546 324 6617 
30 87 12 8 15 14 
31 354 6632 6633 6648 359 4794 4896 355 
32 90 371 374 6773 
33 93 1789 5853 290 490 5852 393 
34 95 1461 3306 6803 6804 
35 97 6803 6804 1461 3306 438 
36 446 450 12 8 15 14 447 
37 101 214 4707 6 3 4 4248 467 
38 103 386 4 6 3 479 
39 105 484 6861 15 169 12 14 495 
40 107 386 6 3 4 500 
41 108 8 12 15 14 
42 3890 4176 3140 3143 504 6904 6905 506 
43 111 518 6 3 4 512 6935 
44 526 6950 522 2001 2004 528 
45 5753 6951 5754 535 516 538 
46 6 3 8 10 15 12 14 
47 119 544 1394 6956 6980 
48 120 558 563 562 7016 
49 122 6803 6804 1461 3306 438 
50 123 565 2293 2632 7007 7008 7057 
51 125 8 12 15 14 
52 6 3 127 13 4 1 2 1936 
53 12 15 14 10 5 8 153 
54 129 6904 6905 3140 3143 506 
55 8 12 15 14 3346 7141 4060 4059 
56 132 1760 1759 1758 1754 630 
57 134 7355 4590 7315 7316 3260 4678 653 
58 8 15 12 14 
59 137 7417 4046 7414 3938 668 
60 139 683 297 6 3 4 
61 140 310 309 5291 313 7437 7441 
62 1791 694 512 4 691 6 3 7454 
145 6176 6174 490 682 390 
6172 15 10 12 14 6 3 5 8 
388 6 3 15 12 14 10 5 8 
1782 6 3 15 12 14 10 5 8 
6168 6169 1805 154 10 5 8 
64 1469 392 149 12 15 14 8 
153 154 15 12 14 4 6 3 
158 154 4 6 3 6170 
69 161 4057 1486 10 5 8 153 
170 2415 2414 2416 386 6 3 4 165 
165 1 2 13 11 7 9 16 
169 10 6 3 4 5 8 
72 6 3 386 297 173 4 512 162 
182 5 8 10 12 14 15 
4391 13 1 2 11 7 9 16 
4388 1 2 13 7 9 11 16 
74 6199 202 6 3 3660 182 4 6198 
6312 6311 6305 6 3 241 234 212 6309 
226 227 6 3 212 5118 231 2493 5112 
223 225 6211 770 1137 349 6 3 6212 
75 230 6301 2946 2658 2657 6298 6299 
6391 265 270 6375 6 3 4 214 2480 
271 272 2431 349 6 3 2424 2037 2036 
275 2777 6 3 351 2775 1000 1122 4 
276 1511 2993 2773 6 3 351 4 2996 
6394 261 260 262 251 1545 1544 6329 256 
6393 1568 6342 254 15 12 14 8 247 
6479 283 6403 6402 1915 6405 1912 
277 279 1906 6 3 4 214 6400 
80 286 909 875 857 860 889 2368 
82 288 3990 392 538 1485 1469 6488 
6494 4 310 309 307 297 6 3 302 
6489 10 15 12 14 5 8 6 3 
305 6 3 5 8 10 15 12 14 
292 6 3 5 8 10 15 12 14 
6492 313 312 4 297 6 3 294 
83 4105 165 6 3 4106 4 297 
6617 6614 6610 4338 4337 340 
324 3713 3716 3722 3719 4 6 3 214 
6546 4393 701 15 4 12 14 1981 1436 
6545 3692 1023 4 6 3 182 1978 1549 
323 6547 2732 6 3 182 4 3706 3710 
6616 333 6596 6597 3960 3467 3466 
327 6576 6577 6579 3872 3862 3861 3863 3857 
318 3461 3520 6537 3518 3508 3511 3507 3506 
87 346 972 6625 149 490 1782 388 971 
355 357 2355 349 6 3 1371 1865 
4896 4897 6 3 813 804 806 349 6643 
4794 4796 4 351 6 3 706 915 6638 
359 349 5136 6 3 5133 4 351 4708 
6648 365 6 3 349 6646 351 4 362 
6633 6 3 351 4 4442 1636 989 349 
6632 231 1636 1137 6 3 349 4 351 
354 4431 6 3 4437 4252 234 3704 349 
6773 379 378 15 12 14 8 368 
374 376 349 6 3 4646 915 940 6668 
371 373 212 6 3 4086 234 243 6657 
90 380 5008 4419 4403 4409 4534 4533 4981 
393 394 169 12 14 15 303 403 5854 
5852 12 14 6 3 15 5 8 10 
490 6 3 15 12 14 10 5 8 
290 10 6 3 5 8 15 12 14 
5853 6 3 12 14 15 10 5 8 
1789 15 6 3 5 8 10 12 14 
93 399 390 392 388 149 6782 
6804 1974 1022 182 6 3 1983 4 1986 
6803 6801 6 3 1546 241 3312 4 182 
3306 3308 6 3 182 4 4347 4333 6799 
1461 1446 1453 1457 4 6 3 182 6790 
95 6813 6 3 1965 182 5210 4 413 
438 8 3563 3578 15 12 14 2410 
97 6843 6842 441 6 3 182 4 5236 
447 4 512 6 3 294 
450 16 7 9 11 13 1 2 
446 6 3 4 5 8 10 
467 6845 993 6 3 212 1816 
4248 1 2 16 7 9 13 11 
4707 1 2 7 9 13 16 11 
214 5 8 10 12 14 15 
101 6851 472 6 3 4 214 6850 
479 13 16 11 7 9 1 2 
386 10 5 8 12 14 15 
103 5820 8 12 15 14 
495 1 2 13 11 7 9 16 
6861 682 390 490 310 309 313 
484 446 169 12 14 15 4650 4649 
105 140 498 4 6 3 297 6862 
500 16 7 9 11 13 1 2 
107 5813 8 12 15 14 
108 502 6 3 214 4 5045 5043 2749 
506 6918 3757 3729 3747 3769 
6905 3146 182 950 3152 4 955 6 3 
6904 701 1420 15 12 14 4 3149 1428 
504 614 6881 386 6 3 452 4 6884 
3143 3145 2376 4 182 6 3 2372 6899 
3140 3142 3523 3531 3535 6 3 182 4 
4176 4178 451 4 6 3 512 510 535 
3890 3888 3886 6 3 451 386 4 512 
6935 302 512 303 6 3 516 4 6933 
512 12 14 15 5 8 10 
518 1 2 13 11 7 9 16 
111 509 4 6924 297 6 3 1476 1481 
528 530 4894 911 4892 4 6 3 351 
2004 706 3185 3794 6 3 3791 4 351 
2001 6 3 4 3587 3583 3581 3590 351 
522 524 1997 1137 4 6 3 351 1999 
6950 2706 342 2708 4 6 3 6948 351 
526 6 3 2007 804 2010 4 351 
538 6 3 5 12 14 15 8 10 
516 6 3 10 5 8 15 12 14 
535 6 3 5 8 10 15 12 14 
5754 6 3 5 8 10 15 12 14 
6951 6 3 15 12 14 10 5 8 
5753 6 3 8 10 15 12 14 5 
6980 4 555 6 3 552 349 6978 351 
6956 349 6 3 4425 1436 219 351 4 
1394 1396 1443 4 351 695 6 3 349 
544 6957 1391 3172 4 6 3 351 
119 549 4654 4657 4550 6964 6965 546 
7016 7014 6 3 3287 3289 214 4 7013 
562 214 6 3 4 1829 573 1833 212 
563 6 3 212 3701 1830 3702 4 214 
558 559 911 212 6 3 918 6983 
120 565 2293 2632 7007 7008 
122 580 3192 1432 1485 1469 1782 1468 7032 
7057 587 586 7048 7049 590 
7008 2635 2638 6 3 5230 4 949 214 
7007 2640 6 3 4 214 991 2142 949 
2632 995 6 3 4760 1141 4763 4 214 
2293 6 3 6987 2290 4 214 5237 991 
565 7003 2921 2630 2298 2310 2316 
123 593 7054 2269 15 12 14 8 582 
125 5699 13 10 5 8 1 2 
1936 15 12 14 10 5 8 
127 7065 416 8 12 15 14 7059 
129 614 535 512 4 6 3 617 611 
4059 2835 2822 2824 2827 2807 2810 3046 2804 
4060 1129 1635 1634 3061 3064 5061 3075 3059 
7141 7140 515 4006 4001 6 3 212 7138 
3346 2138 3031 3035 512 4 6 3 7080 
630 1751 1681 2508 2525 2524 1713 1726 
1754 1755 4 2162 214 6 3 2157 2151 
1758 7234 3107 4352 3109 4 6 3 182 
1759 3099 6 3 3820 214 4 722 3104 
1760 1762 5508 182 6 3 4 3121 7240 
132 7280 7278 7279 625 1209 1212 7174 
653 7356 4464 3624 7299 3617 5029 
4678 4680 4674 6 3 182 4 5437 
3260 990 232 4 1413 6 3 182 5209 
7316 7313 2191 1300 1768 4 6 3 182 
7315 6 3 2191 661 182 4 185 4587 
4590 4575 4581 4 6 3 182 4584 
7355 4843 4842 4718 4730 4729 4736 
134 7361 7294 212 6 3 5123 651 
668 4243 4611 4476 4486 4495 4241 
3938 3940 15 710 4 12 14 3933 
7414 6 3 4 202 7413 182 1288 1196 
4046 4048 5375 1311 4040 4 6 3 182 
7417 4234 4497 182 6 3 4503 4 4239 
137 672 7424 671 4319 4322 7430 
297 12 14 15 5 8 10 
683 11 7 9 16 1 2 13 
139 7436 7432 682 390 490 676 
7441 7439 297 6 3 4 688 
7437 10 15 12 14 5 8 6 3 
313 6 3 5 8 10 15 12 14 
5291 154 297 6 3 4 
309 6 3 5 8 10 15 12 14 
310 6 3 10 15 5 8 12 14 
140 492 5214 4 6 3 297 6858 
7454 451 7452 6 3 516 302 4 512 
691 1783 7449 7448 1782 5287 
694 16 7 9 11 13 1 2 
1791 11 7 9 16 1 2 13 
390 10 6 3 15 12 14 5 8 
682 6 3 15 12 14 10 5 8 
6174 4 1468 382 6170 6 3 154 
6176 313 675 1485 310 309 
154 1 2 16 13 11 7 9 
1805 1 2 13 11 7 9 16 
6169 4 15 14 12 6 3 
149 6 3 10 5 8 15 12 14 
392 6 3 5 8 10 15 12 14 
1469 6 3 10 5 8 15 12 14 
6170 12 14 15 5 8 10 
1486 305 676 290 292 958 
4057 1429 1789 947 982 15 8 12 14 
161 6189 675 310 309 149 6188 
2416 16 7 9 11 1 2 13 
2414 4 6 3 386 15 12 14 169 
2415 4 15 6 3 386 12 14 446 
162 1 2 13 11 7 9 16 
173 7 9 16 11 1 2 13 
6198 6195 185 661 202 182 4 6 3 
3660 1 2 13 7 9 16 11 
202 16 7 9 11 1 2 13 
6199 6197 3657 3656 4 6 3 182 
6309 214 6 3 4 217 243 231 212 
212 12 14 5 8 10 15 4 
234 1 2 13 16 11 7 9 
241 13 1 2 16 7 9 11 
6305 218 8 12 15 14 
6311 5233 239 5051 6 3 214 4 222 
5112 5113 6 3 4 5109 214 1915 
2493 1 2 7 9 11 13 16 
231 16 11 13 1 2 7 9 
5118 13 1 2 11 16 7 9 
227 214 4 6 3 5115 4096 989 212 
6212 4868 231 1636 6 3 349 
349 10 4 5 8 15 12 14 
1137 1 2 13 16 11 7 9 
770 1 2 13 11 16 7 9 
6211 349 1549 1056 6 3 989 4 351 
225 1851 6208 241 3704 6 3 349 5070 
6299 6 3 2676 2638 4 214 991 5237 
6298 6 3 2640 949 2142 4 991 214 
2657 6226 949 5230 1378 4 6 3 214 
2658 6228 4 6223 351 6 3 2650 2653 
2946 2947 4 5215 6 3 182 882 
6301 2928 864 182 6 3 4 1313 2936 
230 2698 6295 6292 1394 5083 5091 
2480 13 7 9 16 11 1 2 
6375 2446 6 3 2483 835 5060 4 214 
270 2466 2472 6 3 2469 4 214 2475 
265 267 182 6029 6 3 4 2116 6371 
2036 349 6 3 2034 989 4 351 915 
2037 351 6 3 4 2032 1549 989 349 
2424 13 1 2 7 9 16 11 
2431 2427 351 6 3 4 918 993 349 
272 6380 2769 4 351 6 3 349 2771 
1122 7 9 1 2 13 11 16 
1000 314 294 349 998 4 6 3 351 
2775 13 1 2 7 9 16 11 
351 12 14 15 5 8 10 
2777 16 13 7 9 11 1 2 
2996 16 11 1 2 13 7 9 
2773 3319 6 3 3318 351 4 1064 1122 
2993 16 11 7 9 1 2 13 
1511 1513 351 4 813 6 3 349 1508 
256 258 6 3 351 4 2077 1412 6352 
6329 1553 4 6 3 182 6092 1549 6326 
1544 212 6094 6 3 1537 930 4 182 
1545 1531 214 1541 4 212 6 3 6323 
251 1522 6 3 182 4 1516 
262 264 1412 1528 351 4 6 3 6367 
260 6361 2093 349 2092 4 351 6 3 
261 2083 2761 182 6 3 4 2766 2082 
247 248 6 3 4 1024 1031 182 1044 
254 1566 6335 1560 2456 6 3 212 6333 
6342 6340 1579 214 4 1576 6 3 212 
1568 214 6 3 4 2999 3002 212 6338 
1912 214 6 3 4 813 3175 212 3178 
6405 214 6 3 4 1925 1919 5242 212 
1915 212 6 3 3686 214 4 706 3687 
6402 212 6 3 1919 366 4 214 1902 
6403 770 4 212 6 3 214 1924 
283 285 349 6 3 1931 1354 1843 6414 
6400 6399 1902 4 351 1118 6 3 212 
1906 13 1 2 11 7 9 16 
279 237 6 3 212 3305 3303 1900 
2368 6469 6470 2357 6458 6459 1871 2350 2349 
889 890 5215 4 6 3 182 882 
860 862 853 1895 6 3 841 4 214 
857 859 4 1881 6 3 314 214 1364 
875 6428 6 3 1313 4 182 864 
909 6439 6 3 5219 5222 4 214 6436 
286 1404 1403 6419 6476 828 827 855 
6488 3788 382 390 313 312 5960 
1485 6 3 15 12 14 10 5 8 
3990 1789 1429 682 290 292 5965 
288 4184 297 3784 386 4 6 3 4191 
302 13 1 2 16 7 9 11 
307 6 3 10 5 8 15 12 14 
294 13 1 2 16 11 7 9 
312 6 3 5 8 10 15 12 14 
4106 11 7 9 16 13 1 2 
4105 7 9 11 13 16 1 2 
340 6608 349 6 3 3704 234 4252 
4337 351 4 6 3 219 1445 1118 349 
4338 6603 1443 4 351 219 6 3 349 
6610 6606 349 1144 1436 6 3 4868 
6614 315 5905 15 12 14 5904 8 330 
3719 1 2 13 16 7 9 11 
3722 1 2 7 9 11 13 16 
3716 3970 4 351 314 6 3 342 3967 
3713 3715 6549 214 6 3 4 1443 6550 
1436 16 13 1 2 7 9 11 
1981 13 1 2 11 16 7 9 
701 6 3 5 8 10 
4393 1 2 7 9 13 16 11 
1549 1 2 13 16 11 7 9 
1978 241 4 12 14 15 701 
1023 918 4 12 14 15 701 
3692 13 1 2 11 16 7 9 
3710 6541 219 1443 4 6 3 182 
3706 1 2 13 7 9 16 11 
2732 701 15 12 14 4 219 1118 
6547 4 1983 1970 6 3 182 1971 241 
3466 915 1410 4 6 3 936 351 940 
3467 6590 471 706 6 3 349 940 915 
3960 3961 4 6 3 351 3954 6593 
6597 4167 1443 4 214 219 6 3 212 
6596 1904 212 471 1118 4 6 3 214 
333 334 4092 214 6 3 4 4087 4082 
3857 3859 3854 6 3 351 4 3853 6562 
3863 3865 706 915 4166 6 3 349 
3861 3974 351 4 6 3 4162 342 349 
3862 6565 1902 772 768 4 6 3 351 
3872 6570 922 3870 3867 6 3 351 4 
6579 3874 3194 940 1401 6 3 349 3878 
6577 4 219 349 6 3 3171 1443 351 
6576 351 219 6 3 4 3880 1436 349 
3506 6513 2363 214 6 3 4 3504 6512 
3507 3497 6 3 3495 3945 4 182 3947 
3511 3847 4 4772 6 3 182 6523 6524 
3508 6 3 3510 4 1368 182 1288 723 
3518 6529 2353 4 6 3 182 5938 
6537 6535 918 212 6 3 911 1824 
3520 3521 3772 182 6 3 4 936 6533 
3461 6503 6504 6 3 3458 4 182 3456 
971 310 309 1468 386 6 3 4 487 
6625 982 5897 5899 675 958 5900 
972 974 1988 15 12 14 169 487 
346 976 487 297 386 6 3 4 981 
1865 1867 1320 351 219 6 3 349 4 
1371 13 1 2 11 7 9 16 
2355 351 1118 6 3 4 1443 1445 
357 1374 6635 349 6 3 4554 1060 4560 
6643 349 6 3 782 4 351 813 
806 1 2 13 11 16 7 9 
804 1 2 13 16 11 7 9 
813 11 16 1 2 13 7 9 
4897 940 1410 4 6 3 936 351 804 
6638 1836 2703 4 351 706 6 3 349 
915 13 1 2 16 11 7 9 
706 1 2 13 7 9 11 16 
4796 351 770 4 6 3 349 4793 4791 
4708 4709 3974 4 342 6 3 349 351 
5133 16 1 2 13 11 7 9 
5136 1 2 13 7 9 16 11 
362 13 7 9 16 1 2 11 
6646 6 3 349 314 8 12 15 14 
365 1 2 13 7 9 16 11 
989 1 2 13 11 16 7 9 
1636 1 2 13 16 7 9 11 
4442 13 1 2 7 9 11 16 
3704 1 2 13 7 9 11 16 
4252 351 911 6 3 4 918 241 349 
4437 349 6 3 993 1144 1436 4 351 
4431 4433 6 3 4 1056 1549 351 6627 
368 212 6 3 4421 770 572 
378 6676 993 241 1060 349 6 3 4554 
379 4397 349 6 3 808 1636 231 4629 
6668 770 782 6 3 813 349 806 804 
940 1 2 13 16 11 7 9 
4646 16 7 9 13 1 2 11 
376 4640 4630 4633 349 6 3 212 
6657 918 212 6 3 2713 241 
243 1 2 13 11 7 9 16 
4086 1 2 13 11 16 7 9 
373 4537 2493 231 4542 212 6 3 
4981 4982 6714 6715 4780 4779 4508 4970 
4533 351 6 3 4 4529 830 5212 4528 
4534 4524 1877 433 4515 4 351 6 3 
4409 349 6 3 813 4406 782 770 915 
4403 349 4400 772 768 4 6 3 351 
4419 4416 3867 4413 4 6 3 4415 351 
5008 6762 4701 4706 4080 6 3 3376 349 
380 4881 4884 4880 4879 6765 6766 6768 4890 
5854 3987 1 2 13 7 9 16 11 
403 13 7 9 16 1 2 11 
303 1 2 13 11 7 9 16 
394 3985 16 7 9 11 13 1 2 
6782 309 312 6 3 6776 386 4 402 
399 496 386 297 512 4 6 3 402 
1986 1977 701 15 4 12 14 1981 
1983 1 2 13 7 9 11 16 
1022 993 4 12 14 15 701 
1974 1976 1973 4 6 3 182 1971 
3312 1 2 13 16 7 9 11 
1546 989 15 4 12 14 701 
6801 701 15 12 14 4 3311 1137 
6799 4345 936 4 6 3 182 3825 
4333 16 13 1 2 7 9 11 
4347 1 2 13 11 16 7 9 
3308 3776 5840 4 182 4265 6 3 4269 
6790 12 14 701 15 4 1460 918 457 
1457 13 1 2 7 9 11 16 
1453 1455 1452 1048 695 4 6 3 182 
1446 1448 1435 219 1444 4 182 6 3 
413 367 701 4 12 14 15 
5210 1 2 13 16 7 9 11 
1965 701 15 4 12 14 366 314 
6813 6811 422 15 12 14 8 406 6810 
2410 2412 182 2392 2406 2384 4 6 3 
3578 3580 6835 4 182 6 3 3576 6838 
3563 3565 2742 182 6 3 4 174 6828 
5236 1 2 13 7 9 16 11 
441 1902 15 12 14 4 710 
6842 182 6 3 4 433 5204 437 
6843 442 182 431 6 3 4 930 426 
1816 1 2 13 16 11 7 9 
993 1 2 13 11 16 7 9 
6845 366 214 6 3 4 1436 2347 
6850 4 457 469 212 6 3 6847 214 
472 11 7 9 1 2 13 16 
6851 463 459 6 3 212 460 
5820 154 297 6 3 4 
4649 1 2 16 13 7 9 11 
4650 16 1 2 7 9 11 13 
6862 169 446 12 14 15 487 303 6859 
498 1 2 16 11 7 9 13 
5813 294 297 6 3 4 
2749 349 6 3 2744 1144 2747 351 4 
5043 995 212 6 3 5097 4 214 1294 
5045 1 2 13 16 7 9 11 
502 5037 6870 5041 5073 6 3 212 6869 
3769 3771 4 1855 182 6 3 3765 5773 
3747 3749 3575 182 6 3 4 5245 6911 
3729 3731 3572 182 6 3 1354 4 6908 
3757 5779 3753 4 6 3 182 2956 
6918 3744 8 12 15 14 
955 232 4 12 14 15 701 
3152 13 1 2 11 16 7 9 
950 13 7 9 11 1 2 16 
3146 3148 701 15 12 14 4 4339 
1428 182 174 6 3 4 1423 1418 
3149 13 1 2 11 7 9 16 
1420 13 1 2 7 9 11 16 
6884 6882 5204 4 6 3 182 437 
452 1 2 7 9 13 11 16 
6881 1469 392 149 1429 1789 947 982 
614 616 433 928 6 3 182 4 6875 
6899 5790 3542 6 3 182 4 6897 
2372 1 2 16 11 7 9 13 
2376 1140 701 4 12 14 15 
3145 1960 2732 2734 182 6 3 4 2737 
3535 7 9 11 16 1 2 13 
3531 701 572 12 14 4 15 3526 707 
3523 13 1 2 7 9 16 11 
3142 3532 3538 4 12 14 15 701 1198 
510 5 8 6 3 10 15 12 14 
451 13 11 16 1 2 7 9 
4178 512 4 6 3 516 4174 451 
3886 13 16 11 7 9 1 2 
3888 16 7 9 11 13 1 2 
6933 6 3 15 12 14 10 5 8 
1481 512 4 386 1477 6 3 297 1480 
1476 11 16 7 9 13 1 2 
6924 307 5768 6 3 302 4 297 680 
509 6932 5771 1468 382 6921 149 1464 
4892 1 2 13 11 7 9 16 
911 1 2 13 16 11 7 9 
4894 13 1 2 11 7 9 16 
530 6947 4785 4788 4 6 3 351 
3791 1 2 16 7 9 13 11 
3794 11 1 2 13 7 9 16 
3185 13 16 7 9 1 2 11 
3590 16 7 9 13 1 2 11 
3581 1 2 7 9 11 16 13 
3583 13 1 2 16 11 7 9 
3587 16 7 9 11 13 1 2 
1999 13 1 2 11 7 9 16 
1997 13 1 2 7 9 16 11 
524 1994 3993 3996 4 6 3 351 
6948 534 8 12 15 14 
2708 1 2 13 16 7 9 11 
342 1 2 13 11 16 7 9 
2706 1 2 16 13 11 7 9 
2010 7 9 1 2 16 11 13 
2007 1 2 13 11 16 7 9 
6978 6 3 349 314 8 12 14 15 
552 13 7 9 1 2 16 11 
555 1 2 13 7 9 16 11 
219 1 2 13 11 7 9 16 
4425 13 1 2 11 16 7 9 
695 11 13 1 2 16 7 9 
1443 1 2 11 7 9 13 16 
1396 349 6 3 5229 351 4 5228 
3172 1 2 13 7 9 16 11 
1391 349 6 3 3171 1320 219 
6957 1144 4 4073 6 3 349 351 4426 
546 6966 349 6 3 1401 940 3194 
6965 6 3 4080 349 993 911 4 351 
6964 6 3 4 351 4077 915 782 349 
4550 4551 351 4 6 3 4548 241 6959 
4657 4658 351 6 3 4 813 804 6975 
4654 4656 351 6 3 4 770 706 6970 
549 349 6 3 4660 4 4663 351 4545 
7013 212 6 3 579 214 4 572 
3289 1 2 13 11 7 9 16 
3287 1 2 7 9 16 11 13 
7014 6 3 3284 575 3286 4 214 7011 
1833 13 1 2 16 11 7 9 
573 1 2 13 7 9 11 16 
1829 1 2 13 7 9 11 16 
3702 13 1 2 11 16 7 9 
1830 13 1 2 16 7 9 11 
3701 1 2 16 13 11 7 9 
6983 212 6 3 1822 214 4 1820 
918 1 2 13 7 9 16 11 
559 214 6 3 4 1823 1060 212 
7032 966 4 6 3 960 386 3782 7028 
1468 6 3 15 10 5 8 12 14 
1432 292 675 5728 958 682 1429 5727 
3192 6 3 4 386 488 304 313 310 
580 3779 182 4 5236 441 6 3 7027 
590 7050 7043 214 6 3 4 4248 1813 
7049 3289 3287 4 6 3 214 3284 3286 
7048 214 4 1817 457 6 3 575 212 
586 212 6 3 1345 214 1348 4 733 
587 1342 212 1327 214 4 1324 6 3 
949 1 2 13 11 7 9 16 
5230 1 2 13 16 11 7 9 
2638 1 2 13 7 9 11 16 
2635 1 2 7 9 13 16 11 
2142 1 2 13 7 9 11 16 
991 13 1 2 7 9 16 11 
2640 13 1 2 11 16 7 9 
4763 1 2 13 16 7 9 11 
1141 1 2 16 13 11 7 9 
4760 7 9 13 1 2 16 11 
995 13 7 9 1 2 16 11 
5237 13 1 2 16 11 7 9 
2290 13 1 2 11 16 7 9 
6987 214 2286 6 3 4 2284 2142 
2316 6995 2313 2314 4 6 3 214 
2310 6 3 2304 214 927 573 2307 4 
2298 2300 4 6 3 5232 214 5231 1873 
2630 7002 5222 4 5219 6 3 214 
2921 6 3 4861 214 835 1141 4864 4 
7003 6 3 1378 1313 4 214 3290 835 
582 584 762 738 746 6 3 212 
2269 2270 4 2263 214 2266 6 3 212 
7054 2917 212 6 3 2628 214 2916 4 
593 7055 2275 4 6 3 214 2283 
5699 6 3 4 12 14 15 
7059 13 1 2 4 1936 6 3 
416 6 3 4 13 1 2 1936 
7065 13 1936 1 2 6 3 4 
611 613 437 182 6 3 4 5204 5696 
617 1 2 13 16 7 9 11 
2804 2806 2800 4 351 2803 349 6 3 
3046 3047 6 3 4018 4 1105 214 3041 
2810 2812 1797 351 4 349 6 3 3333 
2807 2809 6 3 1068 4 1632 351 7100 
2827 2829 7107 3212 351 6 3 4 3213 
2824 2826 1285 3219 4 3217 6 3 351 
2822 7104 351 1120 4 2819 6 3 2813 
2835 7113 2832 2830 4 6 3 351 
3059 3060 6 3 5010 4 182 3053 
3075 6 3 3070 4276 4277 3073 4 214 
5061 5063 4 6 3 5099 182 7131 
3064 1592 6 3 4197 1589 214 4200 4 
3061 3017 6 3 4107 3015 4110 4 214 
1634 7095 1054 6 3 349 1625 165 7094 
1635 1619 349 1600 804 1606 6 3 1609 
1129 1102 1111 1123 1114 6 3 349 7087 
7138 212 4063 6 3 4061 214 4 
4001 13 1 2 11 7 9 16 
4006 214 1804 6 3 4 1285 4002 212 
515 516 512 4 6 3 302 
7140 3239 6 3 3226 214 4 3223 212 
7080 6 3 3341 212 3344 214 4 
3035 3027 149 982 1468 1469 392 7078 
3031 11 7 9 16 1 2 13 
2138 212 6 3 2133 2136 4 214 1105 
1726 7200 1166 6 3 351 1158 4 1154 
1713 7197 214 4 6 3 2529 
2524 214 7191 6 3 2517 574 4 351 
2525 1313 6 3 2520 214 4 835 7192 
2508 2505 6 3 2502 1141 4 995 214 
1681 1659 1668 4 1675 6 3 351 7187 
1751 7218 7219 1732 2853 2862 1744 3363 3372 
2151 2142 4 2148 2144 214 6 3 2145 
2157 7 9 11 16 13 1 2 
2162 6 3 2154 720 4 1888 722 214 
1755 7227 2149 2172 4 2838 6 3 214 
3109 13 1 2 7 9 11 16 
4352 13 1 2 7 9 11 16 
3107 1322 4 12 14 15 701 
7234 3096 701 15 12 14 4 3108 
3104 3813 6 3 3823 4 214 3815 
722 13 1 2 16 11 7 9 
3820 1 2 16 11 7 9 13 
3099 3101 3609 12 14 4 15 701 7230 
7240 182 6 3 4 1970 1413 1416 
3121 13 1 2 11 7 9 16 
5508 3118 4 12 14 15 701 
1762 3115 4133 4 6 3 182 3114 
7174 7172 1217 6 3 4 182 1207 
1212 182 4 6 3 4354 4285 4280 7170 
1209 1211 4121 4 182 4123 212 6 3 
625 1201 7159 3386 2901 2899 1205 
7279 640 4220 4 4213 214 6 3 645 
7278 637 2208 1640 6 3 212 1648 635 
7280 7276 632 2181 2180 2196 626 
5029 5031 5025 5028 2222 6 3 351 4 
3617 3615 351 6 3 4 3613 241 349 
7299 7297 3628 351 4 3630 6 3 349 
3624 3626 6 3 349 231 241 4 351 
4464 4466 7304 349 6 3 4462 7306 
7356 1250 2591 4994 2252 4925 4938 
5437 4677 12 14 15 4 710 
4674 7 9 1 2 11 16 13 
4680 4671 4566 4 6 3 182 4571 
5209 1 2 13 11 16 7 9 
1413 7 9 16 1 2 13 11 
232 16 11 13 1 2 7 9 
990 1 2 13 11 7 9 16 
1768 1 2 13 16 11 7 9 
1300 1 2 13 16 11 7 9 
2191 13 1 2 16 7 9 11 
7313 6 3 661 786 185 4 182 
4587 13 1 2 16 7 9 11 
185 13 1 2 11 7 9 16 
661 1 2 11 13 7 9 16 
4584 4578 12 14 15 4 710 
4581 16 7 9 11 1 2 13 
4575 4576 6 3 5244 182 4 1300 7310 
4736 5428 6 3 241 4731 4 182 
4729 7326 2587 6 3 212 4 214 4725 
4730 7327 5430 5431 4911 6 3 212 4723 
4718 4719 936 3825 4 6 3 182 4712 
4842 7339 4840 701 4 12 14 15 7338 
4843 3910 6 3 4023 214 4 4833 4837 
651 4828 7293 214 6 3 4 4912 4917 
5123 13 16 7 9 11 1 2 
7294 3265 3264 214 6 3 4 5126 
7361 646 5389 8 12 15 14 7359 
4241 4620 4599 4 6 3 182 4606 
4495 214 4492 6 3 4489 3833 3831 4 
4486 6 3 4482 4738 4741 4485 4 214 
4476 214 4681 6 3 4470 4682 4473 4 
4611 7396 3653 3925 4 182 6 3 3931 
4243 4694 4693 4370 3922 4155 3674 
3933 13 1 2 11 7 9 16 
710 6 3 5 8 10 
3940 1963 182 6 3 4 3936 
1196 16 1 2 13 11 7 9 
1288 7 9 1 2 13 11 16 
7413 202 3656 3660 4 182 6 3 3657 
4040 16 11 7 9 1 2 13 
1311 11 1 2 13 7 9 16 
5375 1097 16 1 2 13 11 7 9 
4048 4037 4043 6 3 4 182 5377 
4239 4500 1774 4506 12 14 15 4 710 
4503 11 16 7 9 13 1 2 
4497 4499 15 710 4 12 14 4748 
4234 4236 3837 6 3 3841 3129 349 7380 
7430 664 6 3 451 4 512 7428 
4322 351 4 720 349 6 3 5036 806 
4319 6 3 351 4 5032 5034 5035 349 
671 4309 4312 6 3 212 4318 
7424 349 6 3 4324 1410 4326 4 351 
672 4384 6 3 212 7427 4049 4056 4381 
676 12 14 10 6 3 15 5 8 
7432 6 3 15 10 5 8 12 14 
7436 6 3 685 302 4 297 680 
688 1 2 16 11 7 9 13 
7439 682 390 297 490 4 6 3 689 
6858 675 676 290 292 305 307 
5214 16 7 9 11 1 2 13 
492 5819 165 297 2601 4 2603 6 3 
7452 5 8 6 3 15 12 14 10 
5287 10 6 3 5 8 15 12 14 
7448 4 1789 1429 512 6 3 573 
7449 958 982 573 512 6 3 4 
1783 1785 149 392 1468 1485 
382 12 14 6 3 15 10 5 8 
675 6 3 15 12 14 10 5 8 
958 10 6 3 5 8 15 12 14 
982 6 3 10 5 8 12 14 15 
947 6 3 10 5 8 15 12 14 
1429 6 3 10 5 8 12 14 15 
6188 1782 388 1485 682 390 490 
6189 6185 1469 392 1468 382 
6195 6 3 1196 661 1288 182 4 185 
3656 13 1 2 11 7 9 16 
3657 1 2 13 7 9 16 11 
6197 6193 8 183 12 15 14 207 
217 13 1 2 16 7 9 11 
218 219 4 6 3 214 
222 212 6 3 1118 1904 6204 
5051 11 13 1 2 16 7 9 
239 212 6 3 2713 219 1320 
5233 1 2 13 16 7 9 11 
5109 13 16 1 2 7 9 11 
5113 5111 212 1549 6 3 214 4 770 
4096 1 2 13 11 16 7 9 
5115 13 1 2 16 11 7 9 
4868 351 6 3 4 241 234 
1056 1 2 16 11 7 9 13 
5070 351 6 3 4 5068 219 1137 
6208 4 349 6 3 234 351 1636 
1851 1852 1843 1354 1845 6 3 349 
2676 1 2 13 11 16 7 9 
1378 13 11 1 2 7 9 16 
6226 2142 1313 3290 214 6 3 835 4 
2653 351 6 3 2647 214 4 895 
2650 13 1 2 16 11 7 9 
6223 6222 930 351 772 4 214 6 3 
6228 5222 4 5219 6 3 214 2654 2635 
882 3096 4 701 15 12 14 5218 
5215 1 2 13 7 9 11 16 
2947 6271 2318 4 6 3 182 2325 
2936 6264 2931 2933 6 3 214 4 
1313 1 2 13 16 11 7 9 
864 3941 4 12 14 15 701 
2928 2929 2925 4 6 3 214 6261 
5091 5092 5088 351 6 3 4 5105 5079 
5083 5085 6277 1354 349 6 3 1361 6278 
6292 4 219 351 231 6 3 989 349 
6295 6293 3172 4 6 3 351 1391 
2698 6257 6258 2678 2664 2663 2659 2689 
5060 1 2 13 16 11 7 9 
835 1 2 13 16 11 7 9 
2483 13 11 1 2 16 7 9 
2446 13 1 2 11 7 9 16 
2475 6 3 2286 2023 4 214 2025 
2469 1 2 11 7 9 13 16 
2472 11 7 9 16 1 2 13 
2466 6 3 2460 214 3197 3196 2463 4 
6371 2112 3595 4 6 3 182 2108 
2116 1 2 11 13 7 9 16 
6029 2113 12 14 15 4 710 
267 2103 4901 182 6 3 4 5077 2110 
2034 7 9 11 16 13 1 2 
2032 11 1 2 13 16 7 9 
2427 13 16 1 2 7 9 11 
2771 13 16 7 9 1 2 11 
2769 13 7 9 16 1 2 11 
6380 6 3 349 4 219 351 695 
998 13 1 2 7 9 11 16 
314 1 2 13 11 7 9 16 
1064 1 2 13 11 7 9 16 
3318 1 2 13 7 9 16 11 
3319 1 2 13 11 16 7 9 
1508 11 7 9 16 13 1 2 
1513 1502 1505 1008 349 4 6 3 351 
6352 6 3 2074 3198 3199 4 351 
1412 1 2 11 13 7 9 16 
2077 13 16 7 9 11 1 2 
258 2056 6349 154 6 3 349 6346 2070 
6326 701 15 989 12 14 4 915 
6092 1550 4 12 14 15 701 
1553 13 1 2 11 7 9 16 
930 1 2 13 11 7 9 16 
1537 1 2 13 11 7 9 16 
6094 1514 13 1 2 16 11 7 9 
6323 1534 182 6 3 4 314 
1541 1 2 7 9 13 11 16 
1531 6 3 4 214 2041 212 174 2038 
1516 11 16 7 9 1 2 13 
1522 6322 701 15 12 14 4 1519 
6367 349 6 3 2098 351 4 2101 
1528 4 349 6 3 1523 1526 351 165 
264 2095 349 6 3 1016 706 1021 
2092 13 1 2 7 9 11 16 
2093 1 2 13 11 16 7 9 
6361 2086 4 351 1122 6 3 349 2090 
2082 2756 182 723 2764 4 6 3 
2766 13 7 9 11 1 2 16 
2761 2763 314 15 12 14 4 710 6055 
2083 2085 15 4 710 2987 12 14 6051 
1044 1045 214 1039 6 3 1042 4 
1031 12 14 701 15 4 1027 993 918 
1024 1 2 13 11 16 7 9 
248 6319 4 12 14 15 701 1052 6318 
6333 294 6 3 314 349 2454 351 4 
2456 13 1 2 11 7 9 16 
1560 2449 214 6 3 4 2452 
6335 212 6 3 1562 219 4 214 918 
1566 214 6 3 4 1565 2043 212 1557 
1576 13 7 9 11 16 1 2 
1579 7 9 13 1 2 16 11 
6340 1571 4 214 989 6 3 1549 212 
6338 813 4 706 6 3 212 214 1032 
3002 1 2 7 9 13 16 11 
2999 11 7 9 16 13 1 2 
3178 1 2 13 11 7 9 16 
3175 11 13 16 1 2 7 9 
5242 13 1 2 7 9 16 11 
1919 7 9 13 1 2 16 11 
1925 1 2 16 13 7 9 11 
3687 1 2 13 11 7 9 16 
3686 13 1 2 16 11 7 9 
1902 7 9 13 11 1 2 16 
366 1 2 13 11 7 9 16 
1924 13 1 2 7 9 11 16 
6414 351 4 6 3 1934 706 770 
1843 1836 349 2703 4 351 706 6 3 
1354 1 2 13 11 16 7 9 
1931 13 1 2 11 7 9 16 
285 814 770 6409 804 6 3 349 1930 
1118 1 2 11 7 9 13 16 
6399 212 1904 366 853 4 6 3 214 
1900 214 6 3 4 217 219 782 
3303 1 2 13 7 9 11 16 
3305 13 1 2 7 9 11 16 
237 239 6 3 214 4 5233 
2349 6452 2344 12 14 15 4 710 2341 
2350 2335 6 3 5976 4 182 3851 2340 
1871 6 3 1196 1865 1288 182 723 4 
6459 2191 6 3 4 2183 1368 1803 182 
6458 2191 2353 723 786 4 182 6 3 
2357 6460 1371 6 3 349 2355 
6470 2359 2712 182 6 3 5239 4 2366 
6469 6467 1862 182 6 3 4 1858 2362 
890 799 883 182 4 6 3 6431 
841 1 2 16 13 11 7 9 
1895 1 2 16 13 7 9 11 
853 13 7 9 1 2 16 11 
862 214 6 3 1892 853 1888 4 720 
1364 1 2 11 13 16 7 9 
1881 13 1 2 7 9 16 11 
859 6422 342 1877 6 3 214 4 
6428 4 6 3 871 6425 873 214 5986 
6436 214 6 3 895 2706 351 2708 4 
5222 1 2 13 16 11 7 9 
5219 13 1 2 7 9 16 11 
6439 6437 1382 214 4 1378 6 3 892 
855 843 351 6 3 4 849 
827 6 3 342 1877 2703 2949 4 351 
828 2952 1221 4 3158 6 3 351 5241 
6476 6474 3300 6 3 3294 349 3292 4068 
6419 6 3 852 720 853 4 351 
1403 1394 4 351 813 804 6 3 6442 
1404 6443 6444 1391 3172 4 6 3 351 
5960 3784 4 6 3 386 
3788 3790 3786 15 169 12 14 3784 
5965 6 3 12 14 15 5 8 10 
4191 5961 169 12 14 15 303 
3784 16 13 1 2 7 9 11 
4184 3784 6 3 297 512 4 303 5962 
6608 6605 918 911 6 3 349 
1445 13 16 7 9 11 1 2 
6603 1288 182 185 4335 6 3 349 4 
1144 13 11 1 2 7 9 16 
6606 1436 349 6 3 808 1144 4 351 
330 332 770 706 3976 212 6 3 
5904 314 212 214 6 3 4 
5905 342 6 3 4 214 
315 317 3486 4 3489 214 6 3 6498 
3967 6 3 4328 4329 930 4 351 
3970 13 1 2 16 7 9 11 
6550 6548 351 6 3 4 3184 
6549 4 1 2 6 3 1936 13 
3715 6 3 2517 219 3965 214 4 
6541 6539 701 15 12 14 4 1451 
1971 1972 4 12 14 15 701 
1970 13 7 9 1 2 16 11 
936 11 1 2 13 7 9 16 
1410 13 11 7 9 1 2 16 
471 1 2 13 11 7 9 16 
6590 770 351 349 6 3 4 3464 
6593 6592 3974 4 342 6 3 349 351 
3954 16 1 2 11 7 9 13 
3961 3957 349 6 3 214 4 3959 
4167 13 1 2 11 16 7 9 
1904 13 11 1 2 16 7 9 
4082 4084 3303 3305 212 6 3 
4087 13 7 9 1 2 11 16 
4092 219 212 6 3 4086 4 214 918 
334 6586 4096 214 241 6 3 212 4 
6562 6 3 2655 351 4 920 1316 
3853 13 1 2 11 16 7 9 
3854 1 2 13 16 7 9 11 
3859 3698 351 6 3 1221 2952 4 3452 
4166 13 1 2 16 7 9 11 
3865 3689 4165 4067 6 3 4 351 
4162 11 7 9 1 2 13 16 
3974 11 1 2 7 9 13 16 
768 1 2 13 7 9 11 16 
772 1 2 13 11 7 9 16 
6565 349 6 3 4164 185 351 314 4 
3867 13 1 2 11 16 7 9 
3870 1 2 13 16 11 7 9 
922 13 1 2 11 16 7 9 
6570 6 3 3868 839 835 4 351 
3878 349 6 3 4080 351 4 241 
1401 1 2 7 9 13 11 16 
3194 351 6 3 3193 4 1549 
3874 3875 349 6 3 4073 1144 6572 
3171 13 1 2 16 7 9 11 
3880 1 2 13 7 9 16 11 
6512 4 182 3501 573 6 3 212 1855 
3504 13 1 2 16 11 7 9 
2363 868 12 14 15 4 710 
6513 3502 1807 772 839 4 182 6 3 
3947 1 2 13 16 7 9 11 
3945 3946 12 14 15 4 710 
3495 6505 4 710 12 14 15 3944 2720 
3497 3498 2112 2670 4770 4 6 3 182 
6524 2950 710 4 15 12 14 2961 
6523 15 12 14 710 4 1877 165 723 
4772 1 2 13 16 7 9 11 
3847 1 2 13 7 9 16 11 
723 7 9 1 2 13 11 16 
1368 11 7 9 1 2 13 16 
3510 6522 1413 182 6 3 1768 1300 4 
5938 3515 12 14 15 4 710 
2353 1 2 13 7 9 11 16 
6529 6527 931 4 182 6 3 935 
1824 6 3 212 3701 214 4 3702 
6535 212 6 3 579 214 4 1829 
6533 4330 2612 4 182 6 3 1515 
3772 770 4 12 14 15 701 
3521 182 6 3 4 4333 704 915 709 
3456 3974 4 185 6 3 182 2701 5951 
3458 1 2 13 16 7 9 11 
6504 12 14 15 4 701 572 927 5949 
6503 6500 314 4 12 14 15 701 416 
487 1 2 16 13 7 9 11 
5900 6 3 15 12 14 10 5 8 
5899 6 3 5 12 14 15 8 10 
5897 15 10 5 8 6 3 12 14 
1988 15 4 12 14 446 6 3 386 
974 1987 11 1 2 16 7 9 13 
981 403 12 14 169 15 2421 
976 6 3 5902 512 4 487 297 403 
1320 1 2 11 13 16 7 9 
1867 349 6 3 4335 1133 4 351 1118 
4560 349 351 4 6 3 4555 918 911 
1060 1 2 7 9 13 11 16 
4554 1 2 13 7 9 16 11 
6635 1436 351 1144 219 6 3 349 4 
1374 6 3 695 349 1320 1120 4 351 
782 11 1 2 13 16 7 9 
2703 7 9 13 1 2 11 16 
1836 6 3 349 1220 351 4 3158 
4791 1 2 13 11 7 9 16 
4793 13 1 2 7 9 16 11 
4709 6 3 349 2608 351 4 185 
6627 349 6 3 940 4 351 806 
4433 6628 782 4 808 6 3 349 351 
572 13 1 2 16 7 9 11 
4421 16 11 7 9 13 1 2 
6676 918 911 6 3 349 1436 1144 
4629 3704 234 6 3 349 1137 989 
808 1 2 13 7 9 11 16 
4397 4399 6 3 219 1118 4335 349 
4633 1 2 13 16 11 7 9 
4630 16 11 7 9 1 2 13 
4640 1320 1904 1118 4637 6 3 219 212 
2713 13 1 2 11 7 9 16 
4542 13 1 2 11 16 7 9 
4537 3303 3305 212 6 3 989 813 4535 
4970 4971 4959 214 4952 4960 6 3 4 
4508 4510 701 1972 3311 12 14 15 4 
4779 219 701 15 12 14 4 1451 1118 
4780 6711 695 3108 4 12 14 15 701 
6715 6713 4393 1436 4 12 14 15 701 
6714 701 15 12 14 4 4781 993 918 
4982 6733 4978 3478 4 6 3 214 
4528 13 1 2 11 16 7 9 
5212 1 2 13 11 7 9 16 
830 1 2 13 7 9 11 16 
4529 7 9 13 11 16 1 2 
4515 7 9 16 11 1 2 13 
433 13 1 2 11 7 9 16 
1877 11 1 2 13 16 7 9 
4524 351 6 3 920 4 4521 2655 3853 
4406 11 1 2 7 9 16 13 
4400 16 7 9 11 13 1 2 
4415 1 2 13 7 9 11 16 
4413 1 2 13 16 7 9 11 
4416 1 2 13 7 9 11 16 
3376 13 7 9 11 16 1 2 
4080 1 2 13 7 9 11 16 
4706 231 940 1401 6 3 349 989 
4701 4703 349 241 234 4073 6 3 
6762 6760 219 1436 3171 6 3 349 
4890 6707 182 6705 2183 6 3 4 4512 
6768 4698 212 4774 1822 6 3 4777 
6766 6764 1216 4 813 12 14 15 701 
6765 701 15 12 14 4 5072 940 915 
4879 6697 12 14 2959 4877 15 4 710 
4880 4871 4949 12 14 4 710 15 4876 
4884 4886 2961 3849 12 14 15 4 710 
4881 4883 4 929 182 6 3 1413 6701 
3987 15 4 12 14 446 6 3 386 
3985 4 15 386 169 12 14 6 3 
402 11 16 7 9 13 1 2 
6776 6 3 10 15 5 8 12 14 
496 1 2 13 11 7 9 16 
1977 1978 182 6 3 4 3692 
1973 1 2 13 7 9 11 16 
1976 4 6 3 182 1970 5844 1549 1547 
3311 1 2 13 11 7 9 16 
3825 782 4 12 14 15 701 
4345 701 15 12 14 813 4 1216 
4269 182 6 3 4 185 3974 2701 
4265 1 2 13 7 9 16 11 
5840 4262 4 12 14 15 701 
3776 3778 3773 4 6 3 182 1515 915 
457 16 1 2 13 11 7 9 
1460 13 1 2 16 7 9 11 
1048 219 4 12 14 15 701 
1452 13 7 9 1 2 16 11 
1455 6788 1320 4 6 3 182 1323 
1444 1 2 13 7 9 16 11 
1435 1436 4 12 14 15 701 
1448 1437 4 6 3 182 1443 5850 
367 11 13 1 2 7 9 16 
6810 13 6 3 4 1 2 1936 
406 13 6 3 4 1 2 1936 
422 1 2 6 3 1936 13 4 
6811 182 6 3 4 342 314 421 
2384 1 2 13 11 16 7 9 
2406 1 2 7 9 13 11 16 
2392 6815 15 12 14 710 4 2387 
2412 2400 2404 182 6 3 4 1127 5832 
6838 6836 5245 4 6 3 182 3575 
3576 1 2 13 7 9 16 11 
6835 6 3 1220 4 938 182 3544 1950 
3580 3553 3896 15 4 710 12 14 3568 
6828 6 3 4 182 3560 2892 1412 6826 
174 1 2 13 11 7 9 16 
2742 2738 15 12 14 4 710 
3565 3982 2965 4 6 3 182 3558 2973 
437 294 12 14 15 4 710 
5204 13 1 2 11 7 9 16 
426 428 12 14 15 4 710 
431 1919 12 14 15 4 710 
442 444 2608 4 6 3 182 2731 
2347 1 2 13 16 7 9 11 
6847 470 8 12 15 14 
469 13 1 2 11 7 9 16 
460 212 6 3 1285 1196 661 4 214 
459 1 2 13 11 7 9 16 
463 214 6 3 806 4 1814 
6859 10 15 12 14 5 8 6 3 
2747 1 2 13 16 7 9 11 
2744 1 2 11 13 16 7 9 
1294 1 2 13 11 7 9 16 
5097 13 1 2 16 11 7 9 
6869 214 4 6 3 471 573 154 212 
5073 13 11 1 2 7 9 16 
5041 214 6 3 574 4 5074 1285 212 
6870 212 6 3 5048 214 4 1141 
5037 5038 212 5057 214 5054 6 3 4 
5773 3768 12 14 15 4 710 
3765 1 2 13 7 9 16 11 
1855 710 4 1122 15 12 14 1794 
3771 3759 4099 4 6 3 182 3764 
6911 535 938 4 6 3 182 1950 
5245 13 1 2 16 11 7 9 
3575 2612 12 14 15 4 710 
3749 6912 710 4 15 12 14 3893 
6908 182 6 3 4 572 2612 2615 
3572 1364 12 14 15 4 710 
3731 3546 6 3 4 182 3547 704 3551 
2956 710 4 15 12 14 723 165 
3753 1 2 13 11 16 7 9 
5779 3750 12 14 15 4 710 
3744 3746 3738 4 6 3 182 5783 
4339 1 2 13 11 16 7 9 
3148 182 6 3 4 4342 1413 1416 
1418 1413 4 12 14 15 701 
1423 1 2 13 16 11 7 9 
6882 1468 382 535 1782 388 958 1485 
6875 929 2608 4 2727 6 3 182 2731 
928 433 12 14 15 4 710 
616 6876 182 5236 4 6 3 441 
6897 535 15 12 14 4 701 1320 
3542 13 1 2 7 9 11 16 
5790 3539 4 12 14 15 701 
1140 11 13 1 2 16 7 9 
2737 1320 4 6 3 535 182 1450 695 
2734 13 7 9 1 2 16 11 
1960 1962 701 15 12 14 4 1954 
707 709 182 6 3 4 704 
3526 1 2 7 9 16 13 11 
1198 1199 182 4 6 3 162 
3538 13 1 2 7 9 16 11 
3532 3534 2697 6 3 182 4 433 6891 
4174 7 9 11 13 16 1 2 
1480 1 2 13 11 7 9 16 
1477 16 7 9 1 2 11 13 
680 6 3 10 5 8 15 12 14 
5768 1479 1 2 13 11 7 9 16 
1464 169 12 14 15 3903 446 3902 
6921 1469 392 446 12 14 15 174 
5771 1470 386 6 3 4 
6932 6930 305 676 290 292 958 6929 
4788 1 2 13 16 7 9 11 
4785 1 2 13 11 7 9 16 
6947 1120 6 3 2018 2021 4 351 
3996 1 2 13 11 16 7 9 
3993 11 1 2 16 7 9 13 
1994 4195 6 3 4192 911 4 351 
534 314 351 4 6 3 
5228 1 2 13 7 9 16 11 
5229 13 7 9 1 2 16 11 
4426 13 1 2 16 11 7 9 
4073 13 1 2 11 16 7 9 
6966 6962 241 234 6 3 349 
4077 1 2 13 7 9 11 16 
6959 349 6 3 231 989 351 4 
4548 7 9 11 13 16 1 2 
4551 349 6 3 4549 989 4 351 231 
6975 351 349 6 3 1393 4 940 
4658 813 6 3 4067 349 782 351 4 
6970 1351 2703 4 351 706 6 3 349 
4656 6971 4651 4653 4 351 6 3 349 
4545 4546 349 3974 351 342 6 3 4 
4663 11 1 2 16 13 7 9 
4660 1 2 13 16 11 7 9 
579 1 2 13 7 9 11 16 
7011 576 12 8 15 14 
3286 1 2 13 16 7 9 11 
575 11 1 2 13 16 7 9 
3284 11 1 2 7 9 13 16 
1820 1 2 13 11 16 7 9 
1822 1 2 13 7 9 16 11 
1823 16 13 1 2 7 9 11 
7028 169 12 14 15 203 446 3783 
3782 16 7 9 11 13 1 2 
960 16 7 9 11 13 1 2 
966 960 512 6 3 4 304 386 297 
5727 6 3 12 14 15 10 5 8 
5728 15 6 3 10 5 8 12 14 
304 1 2 13 11 7 9 16 
488 1 2 13 11 7 9 16 
7027 442 5204 4 6 3 182 437 
3779 7025 431 930 433 4 6 3 182 
1813 214 6 3 4 4249 1436 993 212 
7043 6 3 212 459 2347 366 4 214 
7050 7047 1695 4 6 3 214 469 
1817 1 2 13 7 9 16 11 
733 214 6 3 4 730 1122 1140 212 
1348 13 7 9 1 2 16 11 
1345 13 1 2 7 9 16 11 
1324 7 9 1 2 13 16 11 
1327 1 2 13 7 9 11 16 
1342 1344 460 214 6 3 4 573 1333 
2284 1 2 13 7 9 16 11 
2286 13 1 2 7 9 16 11 
2314 1 2 13 16 7 9 11 
2313 1 2 16 13 7 9 11 
6995 6992 6 3 841 853 214 4 1380 
2307 13 1 2 16 7 9 11 
927 7 9 1 2 13 16 11 
2304 11 16 7 9 13 1 2 
1873 6 3 1877 722 1221 4 214 
5231 1 2 13 11 7 9 16 
5232 13 7 9 16 11 1 2 
2300 4 214 6 3 2296 1877 1364 
7002 214 6 3 7000 4 895 898 772 
4864 1 2 13 16 7 9 11 
4861 7 9 16 11 1 2 13 
3290 13 1 2 11 16 7 9 
746 214 6 3 4 741 784 165 212 
738 13 1 2 7 9 11 16 
762 16 11 7 9 13 1 2 
584 7036 750 6 3 212 758 
2266 1 2 7 9 16 13 11 
2263 13 7 9 1 2 11 16 
2270 212 6 3 572 5243 4 214 471 
2916 1 2 13 11 7 9 16 
2628 13 1 2 16 11 7 9 
2917 13 1 2 11 7 9 16 
2283 212 6 3 2278 3283 4 214 3282 
2275 11 13 16 1 2 7 9 
7055 214 6 3 4 2625 7053 2919 1920 
5696 165 386 512 4 6 3 
613 7068 297 165 6 3 4 713 717 
2803 1 2 11 16 7 9 13 
2800 13 1 2 7 9 16 11 
2806 2788 2791 4 351 2794 6 3 349 
3041 1285 6 3 4015 4009 4011 4 214 
1105 1 2 13 16 11 7 9 
4018 13 11 1 2 7 9 16 
3047 7117 3802 4 6 3 182 3037 
3333 351 705 6 3 4 4007 1105 349 
1797 1 2 11 13 7 9 16 
2812 3336 349 6 3 3339 351 4 
7100 1122 6 3 911 1064 4 351 
1632 7 9 11 13 1 2 16 
1068 7 9 11 13 16 1 2 
2809 3798 911 3797 4 6 3 351 3332 
3213 349 214 1285 4 6 3 1312 
3212 13 11 1 2 16 7 9 
7107 6 3 1936 4 13 1 2 
2829 7109 4 3008 351 3010 6 3 349 
3217 11 7 9 13 1 2 16 
3219 16 11 7 9 13 1 2 
1285 1 2 13 11 7 9 16 
2826 1586 2118 2119 4 6 3 351 
2813 349 1089 4 6 3 1084 3598 351 
2819 1 2 13 11 7 9 16 
1120 1 2 13 11 16 7 9 
7104 6 3 4 2818 351 1120 1122 
2830 13 1 2 7 9 11 16 
2832 16 13 11 7 9 1 2 
7113 1053 1055 4 6 3 351 1412 1137 
3053 5610 4 701 15 12 14 5013 
5010 16 11 7 9 13 1 2 
3060 3048 3057 6 3 4 182 5608 
3073 13 16 7 9 11 1 2 
4277 1 2 16 13 7 9 11 
4276 1 2 13 11 16 7 9 
3070 16 11 13 7 9 1 2 
7131 710 4 2132 15 2126 12 14 5102 
5099 13 7 9 1 2 16 11 
5063 4807 4904 12 14 15 4 710 4910 
4200 13 1 2 7 9 16 11 
1589 1 2 13 16 11 7 9 
4197 16 11 13 7 9 1 2 
1592 13 1 2 7 9 11 16 
4110 13 11 1 2 7 9 16 
3015 13 1 2 11 7 9 16 
4107 13 1 2 11 7 9 16 
3017 1 2 13 11 7 9 16 
7094 349 6 3 1628 351 4 1631 
1625 349 6 3 940 351 4 3327 
1054 11 7 9 1 2 13 16 
7095 1056 349 4 6 3 351 1137 1412 
1609 804 351 6 3 4 1603 940 
1606 1 2 11 13 7 9 16 
1600 349 4351 6 3 4348 4350 4 351 
1619 1621 4 1617 351 1615 6 3 349 
7087 1126 351 1118 4 6 3 1122 1120 
1114 1116 2820 4 351 1128 6 3 349 
1123 1 2 7 9 13 16 11 
1111 1113 1106 12 14 15 4 710 5674 
1102 1104 5677 4 6 3 1086 182 7083 
4061 13 7 9 1 2 16 11 
4063 13 7 9 11 1 2 16 
4002 7 9 11 1 2 13 16 
1804 11 1 2 16 13 7 9 
3223 1 2 16 13 11 7 9 
3226 11 7 9 16 13 1 2 
3239 3240 3799 4 214 1069 6 3 212 
3344 7 9 16 11 1 2 13 
3341 1 2 16 13 7 9 11 
7078 7075 294 512 4 6 3 214 1084 
3027 212 6 3 3023 3025 4 3026 214 
2136 7 9 11 16 1 2 13 
2133 1 2 7 9 11 16 13 
1154 1155 1149 6 3 349 1145 
1158 13 1 2 11 16 7 9 
1166 804 6 3 1161 853 720 4 351 
7200 7199 1721 1723 4 6 3 351 
2529 13 1 2 7 9 16 11 
7197 1141 6 3 2532 4204 4 835 214 
574 13 1 2 16 7 9 11 
2517 1 2 13 7 9 16 11 
7191 1936 4 6 3 13 1 2 
7192 349 214 1285 4 6 3 2219 
2520 1 2 13 16 7 9 11 
2502 1 2 11 13 7 9 16 
2505 1 2 13 7 9 16 11 
7187 6 3 1678 351 920 4 1316 1412 
1675 13 1 2 7 9 16 11 
1668 6 3 911 1663 1064 1666 351 4 
1659 1661 830 165 1656 4 6 3 351 
3372 3369 351 6 3 4 3366 804 349 
3363 351 4 6 3 3357 806 3360 349 
1744 3380 6 3 3376 349 351 4 3377 
2862 351 6 3 4 2856 2859 349 911 
2853 6 3 4 1144 351 2847 2850 349 
1732 2865 2871 351 4 2868 6 3 349 
7219 1740 3245 6 3 351 4 3248 1738 
7218 7216 6 3 4 351 1750 1120 1728 
2145 16 1 2 13 7 9 11 
2144 16 13 1 2 7 9 11 
2148 13 1 2 11 7 9 16 
1888 1 2 7 9 13 16 11 
720 1 2 13 11 7 9 16 
2154 13 1 2 11 7 9 16 
2838 13 1 2 16 7 9 11 
2172 13 11 1 2 7 9 16 
2149 1 2 13 16 11 7 9 
7227 6 3 4 2170 214 991 2142 949 
1322 16 13 7 9 1 2 11 
3108 13 7 9 1 2 16 11 
3096 3097 182 4 6 3 772 
3815 11 16 7 9 1 2 13 
3823 13 16 7 9 1 2 11 
3813 16 11 7 9 1 2 13 
7230 6 3 3607 214 4 1084 
3609 13 1 2 16 7 9 11 
3101 7231 6 3 7229 214 4 1084 3606 
1416 1412 15 4 12 14 701 
3118 13 1 2 16 11 7 9 
3114 7237 701 15 12 14 4 4136 
4133 1 2 13 16 7 9 11 
3115 3117 701 15 12 14 4 4138 
1207 1208 4 12 14 15 701 
1217 13 1 2 11 16 7 9 
7172 1198 701 15 12 14 4 1216 
7170 877 701 15 12 14 4 4357 
4280 13 1 2 11 7 9 16 
4285 4283 4 12 14 15 701 
4354 1 2 13 7 9 16 11 
4123 1 2 13 7 9 11 16 
4121 16 1 2 7 9 11 13 
1211 7167 182 4113 6 3 4 4118 
1205 7164 182 6 3 4 2904 
2899 7157 3389 12 14 15 4 710 3383 
2901 2902 3393 212 6 3 7161 
3386 212 214 6 3 174 574 4 3806 
7159 7155 2842 4 214 1303 6 3 212 
1201 1203 182 4 6 3 2894 7154 
645 7275 4124 6 3 212 4132 
4213 1 2 13 11 16 7 9 
4220 212 6 3 4216 4208 4 214 4206 
640 642 6 3 2572 182 4 2574 7271 
635 212 6 3 2214 214 4 2211 
1648 214 6 3 4 1140 1643 1064 212 
1640 1 2 13 7 9 16 11 
2208 2209 2497 2494 4 214 6 3 212 
637 639 2489 2556 6 3 349 1636 7262 
626 212 1693 1692 1703 1706 6 3 7178 
2196 2197 4 2194 6 3 182 7249 
2180 6 3 4 7244 723 182 1288 1196 
2181 349 1368 2177 4 6 3 182 7243 
632 7251 2203 6 3 349 2199 
7276 620 8 12 15 14 
2222 349 2218 343 366 4 6 3 351 
5028 13 1 2 7 9 16 11 
5025 13 16 7 9 1 2 11 
5031 3278 1225 349 6 3 5021 5024 
3613 1 2 16 13 7 9 11 
3615 1 2 13 7 9 16 11 
3630 13 16 11 1 2 7 9 
3628 13 1 2 7 9 16 11 
7297 1436 1320 351 6 3 349 4 1443 
3626 4 349 6 3 3622 351 3620 
7306 3828 1228 351 4 1230 6 3 349 
4462 1 2 13 16 11 7 9 
7304 351 6 3 1313 185 661 182 4 
4466 4459 3398 349 4444 6 3 4450 
4938 6 3 4931 4988 4986 4934 4 214 
4925 4812 6 3 4919 4 4810 4922 214 
2252 2243 6 3 2248 214 2240 2251 4 
4994 1767 6 3 4992 4989 4 351 1766 
2591 2592 2584 2590 351 6 3 4 2581 
1250 1252 1221 660 4 6 3 351 1247 
4677 7 9 1 2 13 11 16 
4571 4563 12 14 15 4 710 
4566 1 2 13 16 11 7 9 
4671 4673 4 6 3 4669 182 5440 
786 13 1 2 16 7 9 11 
4578 1 2 16 13 11 7 9 
7310 5445 4572 4 6 3 182 5447 
5244 13 1 2 11 16 7 9 
4576 2911 2668 471 4 6 3 182 1768 
4731 11 13 16 7 9 1 2 
5428 4733 4 12 14 15 701 
4725 13 1 2 16 7 9 11 
2587 1 2 7 9 13 11 16 
7326 6 3 1936 1 2 13 4 
4723 6 3 212 609 1141 1294 4 214 
4911 1 2 13 16 7 9 11 
5431 4726 11 13 16 7 9 1 2 
5430 1514 1 2 11 7 9 16 13 
7327 4 185 212 6 3 1294 182 
4712 7 9 11 13 1 2 16 
4719 4715 701 1221 15 12 14 5436 4 
7338 7336 1320 182 6 3 4 
4840 16 13 11 1 2 7 9 
7339 182 6 3 4 4839 1443 1323 
4837 661 6 3 4831 4 214 600 
4833 13 11 1 2 16 7 9 
4023 1221 4 1248 660 6 3 4020 214 
3910 3911 3908 4 6 3 182 7332 
4917 7291 1436 214 457 6 3 212 4 
4912 1 2 13 11 16 7 9 
7293 212 349 3907 6 3 4 351 366 
4828 351 6 3 4 4820 4823 4826 349 
5126 7 9 1 2 13 11 16 
3264 212 6 3 660 471 366 4 214 
3265 2219 212 214 4 661 3261 6 3 
7359 212 6 3 654 214 4 656 
5389 659 4 214 212 6 3 
646 3424 3413 6 3 212 7285 3407 3421 
4606 5349 12 14 701 15 4 4602 
4599 7 9 16 11 13 1 2 
4620 4613 4619 4 6 3 182 5341 
3831 1 2 13 7 9 11 16 
3833 16 11 1 2 13 7 9 
4489 13 1 2 11 7 9 16 
4492 13 1 2 7 9 16 11 
4485 13 16 7 9 11 1 2 
4741 1 2 13 16 11 7 9 
4738 13 1 2 7 9 16 11 
4482 7 9 16 11 1 2 13 
4473 13 1 2 7 9 16 11 
4682 1 2 7 9 13 16 11 
4470 13 11 1 2 7 9 16 
4681 13 1 2 16 11 7 9 
3931 3928 4 12 14 15 701 
3925 13 1 2 11 16 7 9 
3653 3655 598 2255 3648 4 6 3 214 
7396 4 13 6 3 1 2 1936 5350 
3674 3676 3673 349 4 351 6 3 3670 
4155 6 3 4150 4143 4153 4 4146 351 
3922 3924 2255 351 4 349 6 3 3914 
4370 6 3 4365 4368 4 351 4029 
4693 6 3 4683 4684 4996 4999 351 4 
4694 4855 1303 6 3 351 4943 4 4948 
3936 11 7 9 16 13 1 2 
1963 723 12 14 15 4 710 
1097 182 15 6 3 12 14 4 710 
5377 4042 16 11 13 1 2 7 9 
4043 11 16 7 9 13 1 2 
4037 4039 710 4 15 12 14 4032 
4506 1 2 13 16 11 7 9 
1774 1 2 7 9 13 11 16 
4500 4501 4758 5361 182 6 3 4 4745 
4748 1 2 13 11 7 9 16 
4499 1794 182 6 3 4 4751 
7380 1313 4 351 1133 6 3 349 3128 
3129 351 6 3 4 3125 349 1445 3127 
3841 351 4 6 3 1313 1196 1288 182 
3837 13 11 1 2 16 7 9 
4236 4225 4224 1779 349 6 3 4226 4232 
7428 6 3 15 12 14 10 5 8 
664 665 1485 7363 1782 388 382 947 3677 
5036 11 7 9 13 1 2 16 
5035 16 7 9 11 1 2 13 
5034 16 13 7 9 11 1 2 
5032 1 2 11 13 16 7 9 
4318 3134 4315 4 6 3 214 3139 
4312 7 9 11 16 1 2 13 
4309 4311 214 6 3 4 4302 
4326 1 2 16 11 7 9 13 
4324 1 2 16 13 7 9 11 
4381 4383 214 6 3 4 4375 
4056 214 6 3 4 4052 3440 3437 212 
4049 7 9 16 11 1 2 13 
7427 214 4 6 3 4387 2594 2596 212 
4384 7 9 16 11 13 1 2 
685 13 7 9 11 1 2 16 
689 7 9 11 16 13 1 2 
2603 1 2 16 13 7 9 11 
2601 16 7 9 1 2 11 13 
5819 6 3 10 5 8 15 12 14 
1785 382 388 1469 294 4 6 3 512 
6185 313 312 8 12 14 15 
207 6 3 1288 182 4 1196 
183 185 4 6 3 182 
6193 185 1196 6 3 1288 182 4 
6204 351 661 4 932 6 3 214 
5111 1 2 13 11 7 9 16 
5068 13 1 2 11 16 7 9 
1845 7 9 11 16 13 1 2 
1852 351 6 3 706 4 1848 770 
895 13 1 2 11 7 9 16 
2647 13 7 9 16 1 2 11 
6222 905 1 2 4 6 3 1936 13 
2654 13 1 2 16 11 7 9 
5218 1 2 13 16 7 9 11 
2325 2321 4 12 14 15 701 
2318 1 2 13 11 7 9 16 
6271 6269 2943 4 182 6 3 6127 
2933 13 1 2 16 11 7 9 
2931 11 7 9 1 2 13 16 
6264 6263 4 701 15 12 14 2934 
3941 1 2 13 7 9 16 11 
6261 5231 5232 6 3 1221 214 2286 4 
2925 13 7 9 16 11 1 2 
2929 1877 214 6 3 4 2927 1364 
5079 5081 6 3 839 2655 351 4 6281 
5105 13 1 2 16 7 9 11 
5088 991 6 3 5108 4 351 1316 4528 
5092 6286 3158 5241 5089 4 6 3 351 
6278 4 351 6 3 5082 1549 989 349 
1361 1351 2703 4 351 706 6 3 349 
6277 349 6 3 770 351 4 241 
5085 779 351 4 6 3 4415 4413 4070 
6293 6291 241 234 3376 349 6 3 
2689 2691 1374 6 3 1768 182 4 6248 
2659 2660 5064 4 6 3 182 6231 
2663 442 929 6 3 4 2727 182 928 
2664 4 5238 6 3 182 2334 2343 2704 
2678 6235 2671 2670 2673 182 4 6 3 
6258 2692 182 2712 6 3 5239 4 2366 
6257 6255 1862 182 6 3 4 1858 2362 
2025 1 2 13 11 7 9 16 
2023 13 1 2 11 7 9 16 
2463 1 2 13 16 7 9 11 
3196 13 1 2 11 7 9 16 
3197 1 2 13 16 11 7 9 
2460 1 2 13 7 9 16 11 
2108 710 4 15 12 14 991 937 
3595 13 1 2 16 7 9 11 
2112 710 4 15 12 14 956 1774 
2113 7 9 13 16 11 1 2 
2110 12 14 710 4 15 5075 920 
5077 1 2 7 9 13 16 11 
4901 4903 710 4 15 12 14 4900 
2103 2104 6 3 2442 182 4 6034 
1008 1 2 13 16 11 7 9 
1505 7 9 11 16 1 2 13 
1502 1504 351 4 915 706 6 3 349 
3199 1 2 13 11 16 7 9 
3198 1 2 13 7 9 11 16 
2074 13 1 2 11 7 9 16 
2070 2060 1495 4 351 1493 6 3 349 
6346 4 1 2 6 3 1936 13 
6349 351 214 2067 6 3 1308 4 6345 
2056 2058 2052 165 4 6 3 351 
1550 13 7 9 11 16 1 2 
1514 6 3 12 14 182 4 15 701 
1534 314 4 12 14 15 701 
2038 1 2 13 7 9 11 16 
2041 1 2 13 7 9 16 11 
1519 1 2 11 16 13 7 9 
6322 6321 6 3 182 4 915 
2101 7 9 11 13 16 1 2 
2098 1 2 13 7 9 11 16 
1526 1 2 13 11 7 9 16 
1523 1 2 13 7 9 11 16 
1021 4 351 6 3 1013 349 1005 1011 
1016 1 2 13 16 7 9 11 
2095 2097 3209 4 351 1064 349 6 3 
2090 7 9 11 1 2 16 13 
2086 349 6 3 2091 3321 4 351 6358 
2764 16 11 7 9 13 1 2 
2756 2758 182 6 3 4 990 6060 
6055 2759 1 2 7 9 11 13 16 
2763 6056 930 4 182 6 3 929 
6051 1097 13 16 7 9 11 1 2 
2987 1 2 11 7 9 13 16 
2085 182 2984 2980 6 3 4 2983 
1042 1 2 11 16 13 7 9 
1039 1 2 13 11 16 7 9 
1045 1034 722 1032 6 3 4 214 
1027 7 9 13 1 2 16 11 
6318 1048 314 294 6 3 4 214 
1052 13 7 9 16 1 2 11 
6319 182 6 3 4 1049 695 219 
2454 13 11 7 9 1 2 16 
2452 7 9 13 1 2 11 16 
2449 214 6 3 4 2447 853 1801 212 
1562 1 2 13 16 7 9 11 
1557 154 219 6 3 212 4 214 2045 
2043 13 11 1 2 16 7 9 
1565 7 9 13 1 2 11 16 
1571 214 6 3 4 3007 3004 3006 212 
1032 1 2 13 11 7 9 16 
1934 1 2 16 13 11 7 9 
1930 6412 806 782 6 3 349 
6409 351 6 3 4 1410 915 
814 815 351 6 3 4 219 804 6407 
2341 2343 182 6 3 4 5238 
2344 16 13 1 2 7 9 11 
6452 182 2334 6 3 4 2346 2704 
2340 6449 3847 4 6 3 182 3848 
3851 1 2 13 11 7 9 16 
5976 3850 12 14 15 4 710 
2335 2336 4 182 2962 6 3 6448 
1803 1 2 13 7 9 11 16 
2183 1 2 7 9 11 13 16 
6460 1374 4 786 1803 2183 6 3 182 
2366 182 6 3 4 3501 697 2331 2441 
5239 1 2 13 11 7 9 16 
2712 2709 12 14 15 4 710 
2359 2360 3160 3164 6 3 182 4 6463 
2362 710 4 15 12 14 868 772 922 
1858 1 2 13 11 16 7 9 
1862 710 4 1122 15 12 14 839 1794 
6467 6466 342 4 182 6 3 610 
6431 877 701 15 12 14 4 886 
883 7 9 11 13 1 2 16 
799 801 701 15 12 14 4 793 
1892 1 2 13 16 11 7 9 
6422 1873 5231 5232 6 3 214 4 
5986 868 4 12 14 15 701 
873 1 2 13 7 9 16 11 
6425 6424 772 4 12 14 15 701 606 
871 1 2 11 13 16 7 9 
892 722 6 3 835 214 4 720 1896 
1382 1 2 13 11 7 9 16 
6437 899 905 6 3 4 351 314 6434 
849 7 9 16 11 1 2 13 
843 845 830 840 351 839 6 3 4 
2949 1 2 13 7 9 11 16 
5241 13 1 2 7 9 16 11 
3158 13 16 1 2 7 9 11 
1221 7 9 1 2 13 11 16 
2952 11 13 1 2 7 9 16 
4068 4070 4413 4415 6 3 4 351 
3292 351 768 4 1902 6 3 772 
3294 1 2 13 11 7 9 16 
3300 351 6 3 4 3297 706 770 
6474 6472 1361 6 3 349 1354 3689 
852 13 1 2 7 9 11 16 
6442 351 349 6 3 806 940 4 
6444 1401 349 6 3 219 351 4 782 
6443 349 782 6 3 1393 4 351 915 
3786 446 15 4 12 14 6 3 386 
3790 3785 16 7 9 11 13 1 2 
5961 303 386 297 4 6 3 
5962 6 3 15 8 10 5 12 14 
6605 351 6 3 4 1549 1056 
4335 13 11 1 2 16 7 9 
3976 13 11 1 2 7 9 16 
332 6582 4 214 6 3 3973 
6498 3492 6 3 573 4 214 927 
3489 1 2 7 9 11 13 16 
3486 600 6 3 4071 314 342 4 214 
317 3474 3482 3478 3479 6 3 214 4 
4329 1 2 13 11 7 9 16 
4328 1 2 13 16 7 9 11 
3184 13 1 2 16 7 9 11 
6548 2059 15 12 14 10 5 8 2065 
3965 13 1 2 16 7 9 11 
1451 13 11 1 2 16 7 9 
6539 6 3 13 4 1936 1 2 
1972 1 2 13 7 9 11 16 
3464 1 2 13 11 7 9 16 
6592 6 3 349 314 351 4 185 
3959 13 1 2 7 9 16 11 
3957 1 2 13 16 7 9 11 
4084 1549 214 6 3 4 4081 1924 
6586 243 214 6 3 4 4097 234 212 
1316 13 1 2 11 7 9 16 
920 13 11 1 2 7 9 16 
2655 7 9 1 2 13 16 11 
3452 6 3 3449 351 3184 4 1877 6556 
3698 4 6 3 3695 830 5212 837 351 
4067 1 2 13 7 9 11 16 
4165 1 2 13 11 7 9 16 
3689 6 3 351 4 940 915 770 349 
4164 1 2 13 11 7 9 16 
839 1 2 13 11 7 9 16 
3868 1 2 13 7 9 16 11 
3193 1 2 13 7 9 16 11 
6572 351 6 3 4 918 911 
3875 6 3 4 351 4077 234 241 349 
3501 1 2 13 7 9 11 16 
868 1 2 13 7 9 11 16 
1807 772 12 14 15 4 710 
3502 710 4 15 12 14 922 839 
3946 1 2 13 16 7 9 11 
2720 2722 182 6 3 4 920 
3944 13 1 2 11 7 9 16 
6505 2881 182 1122 1794 4 6 3 
4770 11 13 1 2 7 9 16 
2670 1 2 13 16 11 7 9 
3498 710 4 2655 15 12 14 2959 4767 
2961 1 2 13 7 9 16 11 
2950 2668 4 182 6 3 722 
6522 6 3 2191 185 4 182 1300 
3515 13 1 2 11 7 9 16 
935 15 710 4 12 14 433 930 343 
931 13 11 1 2 7 9 16 
6527 572 706 471 1413 6 3 4 182 
1515 706 4 12 14 15 701 
2612 7 9 13 16 1 2 11 
4330 701 15 12 14 4 915 940 
709 471 4 12 14 15 701 
704 1 2 13 7 9 16 11 
5951 932 701 4 12 14 15 
2701 342 701 4 12 14 15 
5949 6 3 1936 4 13 1 2 
6500 6 3 1936 1 2 4 13 
1987 6 3 386 446 12 14 4 15 
2421 386 6 3 4 297 
5902 6 3 8 10 15 12 14 5 
1133 1 2 13 11 7 9 16 
4555 13 1 2 11 16 7 9 
1220 1 2 13 11 7 9 16 
2608 13 1 2 11 16 7 9 
6628 349 6 3 915 351 4 234 
4399 349 6 3 1371 1320 6669 
4637 1 2 13 16 7 9 11 
4535 1 2 13 11 7 9 16 
4960 16 1 2 13 7 9 11 
4952 13 1 2 11 16 7 9 
4959 3963 1834 6 3 349 5863 
4971 6722 4964 4 351 4967 6 3 349 
4510 15 989 701 4 12 14 1981 1137 
6711 6710 15 12 14 4 701 1320 
6713 701 15 12 14 4 241 457 
4781 1 2 13 16 7 9 11 
3478 13 1 2 11 16 7 9 
4978 1 2 11 13 7 9 16 
6733 4973 600 342 5003 4 6 3 214 
4521 1 2 16 13 11 7 9 
4703 6 3 349 993 4425 1144 
6760 349 6 3 5006 1320 695 
4512 723 4511 2191 4 6 3 182 1368 
6705 185 1196 661 182 1288 4 6 3 
6707 182 6 3 4 4887 1300 1768 
4777 212 918 579 6 3 1060 911 
4774 7 9 13 1 2 11 16 
4698 4700 701 15 12 14 4 4695 
1216 13 16 1 2 7 9 11 
6764 12 14 701 15 4 782 770 
5072 16 7 9 13 1 2 11 
4877 1 2 13 7 9 16 11 
2959 1 2 13 11 7 9 16 
6697 4768 2672 12 14 15 4 710 6694 
4876 710 4 15 12 14 3946 697 920 
4949 1 2 13 16 11 7 9 
4871 4872 2709 12 14 15 4 710 6689 
3849 1 2 13 16 7 9 11 
4886 6703 710 4 15 12 14 5130 
6701 710 4 15 12 14 433 428 
929 930 12 14 15 4 710 
4883 710 4 15 12 14 5127 5119 
1547 915 4 12 14 15 701 
5844 940 4 12 14 15 701 
4262 16 11 7 9 13 1 2 
3773 1 2 11 13 7 9 16 
3778 6794 4 3181 6 3 182 3187 
1323 1320 701 4 12 14 15 
6788 701 15 12 14 4 1118 1451 
5850 1144 4 12 14 15 701 
1437 701 15 12 14 4 3108 695 
421 6 3 4 13 1 2 1936 
2387 1 2 13 11 16 7 9 
6815 182 6 3 4 1794 1122 2382 
5832 2409 12 14 15 4 710 
1127 1 2 16 13 11 7 9 
2404 3315 15 12 14 4 710 
2400 2401 12 14 15 4 710 2398 411 
6836 5825 1354 4 6 3 182 3572 
1950 162 12 14 15 4 710 
3544 704 12 14 15 4 710 
938 11 13 1 2 16 7 9 
3568 182 6 3 4 3899 1968 784 1963 
3896 13 1 2 11 7 9 16 
3553 3555 928 6 3 4 572 182 6830 
6826 710 4 15 12 14 3559 956 1774 
2892 232 12 14 15 4 710 
3560 13 1 2 11 16 7 9 
2738 1 2 13 16 7 9 11 
2973 2377 710 4 15 12 14 2968 
3558 3979 12 14 15 4 710 
2965 13 1 2 7 9 11 16 
3982 13 1 2 7 9 16 11 
428 1 2 13 11 7 9 16 
2731 661 12 14 15 4 710 
444 1849 12 14 15 4 710 
470 471 4 6 3 214 
1814 13 1 2 11 16 7 9 
5074 1 2 13 7 9 16 11 
5048 1 2 13 11 7 9 16 
5054 1 2 13 16 7 9 11 
5057 1 2 13 16 7 9 11 
5038 1141 212 6 3 6867 351 4 5059 
3768 13 1 2 11 7 9 16 
1794 13 11 1 2 7 9 16 
3764 2954 710 4 15 12 14 4102 
4099 13 1 2 7 9 16 11 
3759 3760 182 4 3884 6 3 5777 
3893 1 2 13 16 7 9 11 
6912 1220 182 6 3 4 3895 3544 
2615 1032 12 14 15 4 710 
3551 5211 12 14 15 4 710 
3547 3549 710 4 12 14 15 5208 
3546 1 2 13 16 11 7 9 
3750 16 13 1 2 7 9 11 
5783 3741 4 710 12 14 15 
3738 1 2 7 9 13 11 16 
3746 4255 182 4 6 3 3737 4170 3733 
4342 13 1 2 16 11 7 9 
2727 1 2 7 9 13 11 16 
6876 6873 15 710 4 12 14 1849 
3539 1 2 13 7 9 16 11 
1450 1451 4 12 14 15 701 
1954 13 1 2 16 7 9 11 
1962 182 2244 6 3 4 1957 1953 
1199 784 4 12 14 15 701 
6891 2609 15 12 14 4 701 3728 
2697 1849 4 12 14 15 701 
3534 3726 182 6 3 4 2727 3724 
1479 15 12 14 169 6 3 4 386 
3902 13 7 9 16 11 1 2 
3903 1 2 13 11 7 9 16 
1470 1 2 13 11 7 9 16 
6929 1782 388 1485 1429 1789 947 982 
6930 309 675 490 310 682 390 313 312 
2021 1 2 13 11 7 9 16 
2018 1 2 13 11 7 9 16 
4192 1 2 7 9 13 16 11 
4195 1 2 13 7 9 16 11 
6962 351 6 3 806 4 918 
4549 7 9 11 13 16 1 2 
1393 13 16 1 2 7 9 11 
1351 4 349 6 3 1220 351 3158 
4653 1 2 13 7 9 16 11 
4651 1 2 11 7 9 16 13 
6971 349 6 3 770 351 4 915 
4546 349 6 3 2608 351 4 185 
576 471 6 3 4 214 
3783 16 7 9 11 13 1 2 
203 1 2 13 16 11 7 9 
7025 5724 710 4 15 12 14 428 
4249 1 2 13 11 16 7 9 
1695 13 16 1 2 7 9 11 
7047 212 6 3 1816 214 4 1814 
730 13 1 2 16 11 7 9 
1333 4 212 6 3 1122 214 1322 
1344 214 212 6 3 1336 4 1339 
1380 722 6 3 1896 720 4 214 
6992 6 3 1888 720 853 214 4 
2296 13 1 2 11 16 7 9 
898 6 3 4 1936 1 2 13 
7000 6 3 1936 4 1 2 13 6998 
784 7 9 16 13 1 2 11 
741 13 1 2 11 7 9 16 
758 214 6 3 4 1140 753 1064 212 
750 13 1 2 11 7 9 16 
7036 6 3 214 4 1412 765 232 212 
5243 1 2 13 11 7 9 16 
3282 13 1 2 11 16 7 9 
3283 13 7 9 16 1 2 11 
2278 1 2 13 16 11 7 9 
1920 212 6 3 5242 214 4 1919 
2919 7 9 16 11 1 2 13 
7053 4 212 6 3 1919 366 214 1902 
2625 13 1 2 11 7 9 16 
717 714 13 11 7 9 16 1 2 
713 169 15 12 14 6 3 4 386 
7068 4 512 6 3 297 165 617 535 
2794 7 9 13 16 11 1 2 
2791 7 9 16 11 1 2 13 
2788 6 3 349 2783 4 351 2786 
4011 11 16 1 2 7 9 13 
4009 13 11 7 9 1 2 16 
4015 1 2 11 16 13 7 9 
3037 3805 4 12 14 15 701 
3802 1 2 16 7 9 13 11 
7117 5619 1089 6 3 4 214 1084 
4007 1 2 13 11 7 9 16 
705 1 2 13 11 7 9 16 
3339 1 2 11 16 13 7 9 
3336 7 9 16 11 13 1 2 
3332 11 13 1 2 16 7 9 
3797 7 9 13 11 1 2 16 
3798 13 1 2 16 7 9 11 
1312 1 2 13 11 7 9 16 
3010 13 1 2 16 11 7 9 
3008 1 2 13 11 16 7 9 
7109 349 1069 3220 6 3 1797 351 4 
2119 1 2 13 11 7 9 16 
2118 1 2 13 7 9 11 16 
1586 804 165 1582 6 3 351 1585 4 
3598 13 1 2 11 7 9 16 
1084 1 2 16 13 11 7 9 
1089 11 1 2 13 7 9 16 
2818 13 1 2 11 7 9 16 
1055 13 1 2 16 11 7 9 
1053 1 2 13 11 16 7 9 
5013 16 11 7 9 13 1 2 
5610 1514 1 2 7 9 11 16 13 
5608 3054 4 12 14 15 701 
3057 13 7 9 16 11 1 2 
3048 3049 212 7119 174 6 3 5615 1072 
5102 13 16 7 9 11 1 2 
2126 13 1 2 11 7 9 16 
2132 957 182 6 3 4 2129 
4910 3326 182 911 4907 4 6 3 214 
4904 16 7 9 11 13 1 2 
4807 4809 4805 6 3 4 182 5599 
1631 11 1 2 16 7 9 13 
1628 1 2 13 11 7 9 16 
3327 1 2 13 16 11 7 9 
1603 1 2 13 7 9 16 11 
4350 16 7 9 11 13 1 2 
4348 11 7 9 1 2 13 16 
4351 16 7 9 11 1 2 13 
1615 13 1 2 7 9 16 11 
1617 1 2 13 7 9 16 11 
1621 7091 349 6 3 1068 1064 1614 
1126 1 2 13 11 7 9 16 
1128 7 9 11 13 1 2 16 
2820 11 7 9 13 1 2 16 
1116 182 349 1369 1118 6 3 1122 4 
5674 1097 16 13 7 9 11 1 2 
1106 11 16 13 1 2 7 9 
1113 182 6 3 4 1109 1078 1083 
7083 1084 1099 4 948 6 3 182 
1086 7 9 1 2 13 11 16 
5677 1097 1 2 16 7 9 13 11 
1104 1091 2779 2782 4 6 3 182 
1069 1 2 13 11 7 9 16 
3799 1 2 13 11 7 9 16 
3240 3237 6 3 212 7072 4 214 3235 
7075 6 3 1789 1429 512 4 573 
3026 11 16 7 9 1 2 13 
3025 7 9 16 11 1 2 13 
3023 16 13 11 1 2 7 9 
1145 349 3348 3349 351 3350 4 6 3 
1149 1 2 13 16 7 9 11 
1155 1144 351 6 3 4 1152 
1161 1 2 13 11 16 7 9 
1723 16 7 9 11 1 2 13 
1721 16 11 7 9 1 2 13 
7199 4298 3243 4300 4 6 3 351 3241 
4204 13 1 2 7 9 16 11 
2532 1 2 13 7 9 16 11 
2219 16 11 13 1 2 7 9 
1678 13 1 2 11 16 7 9 
1666 1 2 13 16 7 9 11 
1663 1 2 13 7 9 11 16 
1656 13 1 2 11 7 9 16 
1661 1316 6 3 1653 1137 991 351 4 
3366 13 7 9 1 2 11 16 
3369 11 7 9 1 2 13 16 
3360 13 7 9 16 1 2 11 
3357 13 1 2 11 7 9 16 
3377 1 2 13 7 9 11 16 
3380 1 2 13 7 9 11 16 
2859 1 2 13 16 11 7 9 
2856 1 2 13 11 16 7 9 
2850 7 9 16 1 2 11 13 
2847 13 1 2 16 7 9 11 
2868 13 1 2 7 9 16 11 
2871 13 1 2 7 9 16 11 
2865 349 6 3 3600 4 351 697 
1738 922 911 6 3 920 351 4 1122 
3248 1 2 13 16 11 7 9 
3245 1 2 7 9 16 11 13 
1740 1742 351 3258 6 3 3256 349 4 
1728 4 351 2837 344 1089 6 3 349 
1750 1 2 13 11 16 7 9 
7216 351 6 3 1313 697 1748 1122 4 
2170 13 1 2 11 7 9 16 
3097 697 4 12 14 15 701 
3607 16 13 1 2 7 9 11 
3606 701 15 12 14 4 3602 772 606 
7229 6 3 1936 1 2 13 4 
7231 3611 182 3612 6 3 214 4 
4136 13 1 2 11 16 7 9 
7237 949 4 6 3 182 174 2938 1418 
4138 16 11 7 9 13 1 2 
3117 4141 182 2244 6 3 4 1953 
1208 13 1 2 11 7 9 16 
4357 13 16 11 7 9 1 2 
877 878 182 6 3 4 841 
4283 11 7 9 16 1 2 13 
4118 408 701 15 12 14 4 4115 
4113 11 16 7 9 1 2 13 
7167 7166 12 14 701 15 4 4119 
2904 7 9 11 1 2 13 16 
7164 7163 710 4 15 12 14 2907 
3383 212 6 3 574 1285 214 4 
3389 1 2 13 11 7 9 16 
7157 925 1322 4 6 3 182 2395 
7161 214 1294 6 3 4 1820 995 212 
3393 1 2 13 7 9 16 11 
2902 214 1060 6 3 4 3396 174 212 
3806 1 2 16 13 11 7 9 
1303 1 2 13 11 7 9 16 
2842 13 1 2 11 16 7 9 
7155 1312 710 4 15 12 14 1794 772 
7154 7153 12 14 710 4 15 2897 
2894 13 11 16 7 9 1 2 
1203 2878 2882 12 14 15 4 710 2890 
4132 4127 214 6 3 4 784 165 212 
4124 13 1 2 7 9 11 16 
7275 4362 212 6 3 4359 214 4 
4206 16 11 7 9 13 1 2 
4208 16 7 9 11 1 2 13 
4216 16 11 7 9 1 2 13 
7271 4289 4 6 3 182 2568 2571 3811 
2574 13 1 2 16 7 9 11 
2572 16 7 9 11 1 2 13 
642 2560 3092 12 14 15 4 710 2565 
2211 1 2 16 13 7 9 11 
2214 1 2 13 7 9 16 11 
1643 1 2 13 7 9 16 11 
2494 1 2 13 7 9 16 11 
2497 1 2 13 11 16 7 9 
2209 212 6 3 2493 1412 4 232 214 
7262 7260 351 4 6 3 2557 
2556 13 1 2 7 9 11 16 
2489 349 6 3 1657 351 4 2486 
639 2552 7257 1064 1316 6 3 349 2543 
7178 212 214 6 3 4 1709 1122 1140 
1706 1 2 11 13 16 7 9 
1703 1705 853 1695 4 6 3 214 
1692 212 214 6 3 4 1690 1322 1122 
1693 212 1687 3354 4 6 3 214 1686 
7249 723 6 3 2191 2192 182 4 786 
2194 13 16 1 2 7 9 11 
2197 7248 1368 2183 6 3 182 4 
7244 1288 1133 182 1196 6 3 4 351 
7243 349 6 3 1122 351 4 1322 
2177 1 2 13 16 7 9 11 
2199 351 4 6 3 2485 1122 1140 349 
2203 1 2 13 16 7 9 11 
7251 349 351 6 3 4 2206 1120 1313 
620 622 1192 4 214 6 3 7149 
343 1 2 13 11 7 9 16 
2218 13 1 2 11 7 9 16 
5024 7351 351 6 3 4 5019 
5021 7 9 11 1 2 16 13 
1225 1221 351 6 3 4 1223 1220 349 
3278 6 3 3268 3272 3266 4 351 3275 
3620 1 2 13 16 7 9 11 
3622 1 2 13 16 11 7 9 
1230 1 2 11 13 7 9 16 
1228 1 2 13 7 9 16 11 
3828 351 6 3 4 3827 1313 1859 349 
4450 351 6 3 4 4447 1294 
4444 13 1 2 7 9 16 11 
3398 351 6 3 4 3397 1316 2655 349 
4459 4460 4458 351 4 4455 6 3 349 
4934 13 11 1 2 16 7 9 
4986 13 1 2 7 9 11 16 
4988 16 7 9 11 13 1 2 
4931 11 13 1 2 7 9 16 
4922 13 1 2 11 16 7 9 
4810 1 2 13 11 7 9 16 
4919 1 2 13 11 16 7 9 
4812 1 2 13 11 16 7 9 
2251 1 2 13 7 9 16 11 
2240 1 2 13 7 9 11 16 
2248 13 16 7 9 11 1 2 
2243 16 1 2 11 7 9 13 
1766 13 1 2 11 7 9 16 
4989 11 16 7 9 13 1 2 
4992 1 2 11 16 13 7 9 
1767 1 2 13 16 7 9 11 
2581 2583 6 3 214 4 2579 
2590 13 1 2 7 9 16 11 
2584 16 1 2 13 7 9 11 
2592 349 2586 661 2589 4 6 3 351 
1247 1 2 7 9 13 11 16 
660 11 1 2 13 7 9 16 
1252 1244 6 3 1235 351 4 1238 
4563 7 9 16 11 13 1 2 
5440 4667 12 14 15 4 710 
4669 13 1 2 11 16 7 9 
4673 2231 212 660 214 4 6 3 7320 
5447 1097 16 7 9 11 13 1 2 
4572 16 11 1 2 7 9 13 
5445 4573 4 710 12 14 15 
2668 1221 12 14 15 4 710 
2911 1413 4 2909 5450 6 3 182 5448 
4733 11 7 9 16 1 2 13 
609 6 3 1936 1 2 13 4 
4726 6 3 12 14 182 4 15 701 
5436 1514 16 7 9 11 13 1 2 
4715 7 9 11 16 13 1 2 
7336 6 3 1 2 4 13 1936 
4839 7 9 16 11 13 1 2 
600 1 2 13 4 6 3 1936 
4831 11 13 7 9 16 1 2 
4020 11 7 9 16 1 2 13 
1248 16 7 9 11 13 1 2 
7332 457 701 15 12 14 4 1436 
3908 1 2 13 11 7 9 16 
3911 4 701 15 12 14 3906 241 
7291 185 349 343 6 3 4915 4 351 
3907 11 1 2 16 13 7 9 
4826 13 7 9 11 1 2 16 
4823 13 1 2 7 9 11 16 
4820 349 351 4819 6 3 4 4816 4818 
3261 1 2 11 13 7 9 16 
656 16 7 9 11 13 1 2 
654 16 1 2 13 11 7 9 
659 16 7 9 13 11 1 2 
3421 3423 214 4 6 3 3417 
3407 7 9 11 16 13 1 2 
7285 214 6 3 4 3427 3401 3403 212 
3413 4 3410 214 6 3 2234 2236 212 
3424 1 2 7 9 16 11 13 
4602 7 9 16 11 13 1 2 
5349 1514 13 16 7 9 11 1 2 
5341 4616 4 12 14 15 701 
4619 13 7 9 11 16 1 2 
4613 4615 4691 6 3 212 7401 
3928 7 9 11 16 13 1 2 
3648 13 1 2 7 9 11 16 
2255 1 2 13 11 7 9 16 
598 1 2 4 13 6 3 1936 
3655 6 3 1303 3650 214 3644 4 3641 
5350 4610 7 9 16 13 11 1 2 
3670 1 2 13 16 11 7 9 
3673 7 9 16 11 1 2 13 
3676 3638 6 3 3661 4 351 3664 349 
4146 1 2 7 9 13 16 11 
4153 16 1 2 7 9 11 13 
4143 13 11 1 2 16 7 9 
4150 16 11 7 9 1 2 13 
3914 351 6 3 4 3913 1296 1808 349 
3924 349 6 3 3920 351 4 3917 
4029 349 1196 4027 4 6 3 351 1288 
4368 13 16 7 9 11 1 2 
4365 7 9 11 16 1 2 13 
4999 13 7 9 1 2 11 16 
4996 11 7 9 16 13 1 2 
4684 1 2 13 11 7 9 16 
4683 1 2 13 16 11 7 9 
4948 6 3 4940 351 4591 4 4592 
4943 7 9 13 16 1 2 11 
4855 4857 4 4854 4852 214 349 6 3 
4042 15 6 3 182 12 14 4 710 
4032 16 7 9 11 1 2 13 
4039 5381 182 6 3 4 4035 
4745 4747 4742 214 4 1303 6 3 212 
5361 4754 12 14 15 4 710 
4758 1 2 13 7 9 11 16 
4501 4757 214 6 3 4756 4 1141 212 
4751 1 2 13 7 9 11 16 
3128 7 9 11 13 1 2 16 
3127 16 11 13 7 9 1 2 
3125 1 2 11 16 13 7 9 
4232 7376 4 234 4229 351 6 3 
4226 16 13 1 2 11 7 9 
1779 349 6 3 1773 351 1636 1776 4 
4224 351 234 1144 6 3 4221 349 4 
4225 7374 4 351 3430 3432 6 3 349 
3677 214 3845 6 3 4 3843 3842 212 
7363 958 214 4 6 3 1288 
665 3680 212 4 3681 512 1196 6 3 
3139 1303 214 1196 3132 6 3 212 4 
4315 7 9 16 11 13 1 2 
3134 1 2 13 11 7 9 16 
4302 16 11 7 9 13 1 2 
4311 7420 4306 6 3 212 7419 
4375 1 2 13 11 7 9 16 
4383 212 6 3 4378 4859 214 4 4858 
3437 13 1 2 16 11 7 9 
3440 13 1 2 16 11 7 9 
4052 7 9 16 11 1 2 13 
2596 7 9 1 2 13 16 11 
2594 13 1 2 7 9 11 16 
4387 13 16 1 2 7 9 11 
932 13 1 2 16 7 9 11 
1848 13 1 2 11 7 9 16 
905 907 15 12 14 10 5 8 2059 
2321 1 2 13 7 9 11 16 
6127 2940 12 14 4 15 701 
2943 13 11 1 2 16 7 9 
6269 182 6 3 4 792 949 2938 
2934 1 2 13 16 11 7 9 
6263 6 3 4 13 1 2 1936 
2927 1 2 13 7 9 16 11 
6281 835 6 3 1316 4 351 949 
5081 2328 6 3 3853 697 922 351 4 
5108 1 2 13 7 9 16 11 
5089 13 1 2 11 16 7 9 
6286 817 6 3 1221 433 351 4 
5082 13 7 9 1 2 16 11 
4070 6 3 1313 5225 1859 351 697 4 
779 780 4 774 351 6 3 349 777 
6291 4 349 6 3 4080 4548 351 
6248 1300 1413 5244 4 6 3 182 5209 
2691 2680 2355 349 6 3 1371 6246 
6231 1122 182 6 3 4 839 1794 2112 
5064 13 1 2 16 11 7 9 
2660 4767 710 4 15 12 14 5067 
2704 1 2 13 7 9 11 16 
2343 3158 12 14 15 4 710 
2334 15 12 14 710 4 1877 2703 
5238 1 2 13 7 9 16 11 
2673 1 2 13 7 9 11 16 
2671 2672 12 14 15 4 710 
6235 6233 710 4 15 12 14 2675 
2692 2694 3168 6 3 4 1364 182 6251 
6255 6254 182 433 4 6 3 2697 
937 1 2 13 11 7 9 16 
956 16 1 2 13 11 7 9 
5075 1 2 13 16 7 9 11 
4900 1 2 13 16 11 7 9 
4903 182 6 3 4 2446 1122 1794 
6034 2445 12 14 15 4 710 
2442 13 1 2 16 11 7 9 
2104 6370 214 2437 4 6 3 2440 
1504 6 3 4 351 1501 349 1032 
1493 1 2 13 16 11 7 9 
1495 13 1 2 11 7 9 16 
2060 2062 1008 4 351 1801 349 6 3 
6345 15 12 14 10 5 8 2065 2059 
1308 1 2 11 7 9 13 16 
2067 13 1 2 7 9 16 11 
2052 1 2 13 16 11 7 9 
2058 154 6 3 2054 351 4 2974 2976 
6321 6098 701 15 12 14 4 706 
1011 349 6 3 706 4 351 573 1007 
1005 1 2 11 13 7 9 16 
1013 16 1 2 13 11 7 9 
3209 16 11 7 9 13 1 2 
2097 349 6 3 3206 4 3201 3202 351 
6358 349 1122 723 182 6 3 4 
3321 13 1 2 7 9 11 16 
2091 7 9 11 13 1 2 16 
6060 1097 7 9 11 16 1 2 13 
2758 2754 314 6 3 233 4 182 
2759 15 6 3 182 12 14 4 710 
6056 1097 7 9 11 13 16 1 2 
2983 165 710 4 15 12 14 2024 723 
2980 1 2 13 11 7 9 16 
2984 1 2 13 16 11 7 9 
1034 6 3 2979 4 154 214 2977 
1049 1 2 11 16 7 9 13 
1801 16 1 2 13 11 7 9 
2447 1 2 13 11 7 9 16 
2045 1 2 13 7 9 16 11 
3006 13 11 7 9 1 2 16 
3004 1 2 11 13 7 9 16 
3007 7 9 11 16 13 1 2 
6412 6 3 936 349 813 940 4 351 
6407 349 6 3 808 4 351 806 
815 351 6 3 4 812 915 940 349 
2346 1 2 13 16 7 9 11 
3848 3849 12 14 15 4 710 
6449 853 4 2668 6 3 182 3091 722 
3850 13 1 2 11 16 7 9 
6448 182 6 3 4 2956 839 1794 1122 
2962 1 2 13 16 7 9 11 
2336 2961 710 4 15 12 14 2959 
2441 697 12 14 15 4 710 
2331 1313 12 14 15 4 710 
697 7 9 13 1 2 16 11 
2709 13 1 2 7 9 11 16 
6463 2701 182 722 4 6 3 3169 
3164 3162 4 12 14 15 701 
3160 7 9 1 2 11 13 16 
2360 3168 1364 4 6 3 182 5210 1965 
610 4 6 3 1936 1 2 13 
6466 5969 314 4 6 3 182 422 
886 1 2 13 16 7 9 11 
793 1 2 13 11 16 7 9 
801 4 182 6 3 796 792 
606 4 13 6 3 1 2 1936 
6424 6 3 1936 1 2 13 4 
1896 1 2 13 11 7 9 16 
6434 898 351 6 3 342 772 4 214 
899 835 6 3 3290 214 4 1313 
840 1 2 13 11 7 9 16 
845 831 351 720 835 837 4 6 3 
3297 1 2 16 13 11 7 9 
6472 349 6 3 813 4067 351 4 
3785 6 3 386 12 14 4 15 446 
3973 11 13 16 7 9 1 2 
6582 212 6 3 572 5243 4 214 471 
3492 1 2 13 11 7 9 16 
4071 13 1 2 11 7 9 16 
3479 1 2 13 7 9 16 11 
3482 7 9 13 1 2 11 16 
3474 6 3 3470 214 2144 915 3473 4 
2065 1 2 13 6 3 4 
2059 1 2 13 6 3 4 
4081 1 2 13 7 9 11 16 
4097 13 1 2 7 9 11 16 
6556 6 3 433 706 4 351 3185 
3449 7 9 11 16 1 2 13 
837 13 1 2 11 7 9 16 
3695 11 13 1 2 7 9 16 
2722 1316 12 14 15 4 710 
2881 920 12 14 15 4 710 
4767 1 2 13 11 16 7 9 
6669 6 3 4 182 661 1288 1196 
5863 4 1936 13 6 3 1 2 
1834 13 1 2 16 7 9 11 
3963 214 4 6 3 2517 219 
4967 1 2 13 16 11 7 9 
4964 13 16 11 1 2 7 9 
6722 351 4 930 4621 4622 6 3 349 
6710 1936 4 6 3 1 2 13 
5003 16 1 2 7 9 11 13 
4973 6 3 214 4 5000 915 2144 
5006 13 7 9 1 2 16 11 
4511 1 2 16 7 9 11 13 
4887 1 2 7 9 13 11 16 
4695 11 16 7 9 1 2 13 
4700 6682 572 342 701 4 12 14 15 
6694 15 710 4 12 14 991 1774 956 
2672 13 1 2 11 16 7 9 
4768 710 4 2655 15 12 14 4767 
6689 573 212 6 3 4870 1855 
4872 6688 839 922 12 14 15 4 710 
5130 13 7 9 11 16 1 2 
6703 15 12 14 710 4 1877 165 723 
5119 7 9 11 16 13 1 2 
5127 1 2 13 16 7 9 11 
3187 3183 4 12 14 15 701 
3181 13 16 7 9 1 2 11 
6794 701 15 4 12 14 3775 770 
2382 1140 12 14 15 4 710 
2409 1 2 13 11 16 7 9 
3315 1 2 13 11 7 9 16 
411 413 4 5210 6 3 182 1965 
2398 13 7 9 1 2 16 11 
2401 6817 2395 342 4 6 3 1322 182 
5825 1017 12 14 15 4 710 
1968 165 12 14 15 4 710 
3899 1 2 13 7 9 11 16 
6830 182 2727 4 6 3 929 2612 2615 
3555 3547 3546 704 4 6 3 182 3551 
3559 13 1 2 16 7 9 11 
2968 1 2 13 11 7 9 16 
2377 2379 182 6 3 4 1140 
3979 1 2 16 7 9 13 11 
1849 11 1 2 13 7 9 16 
5059 1 2 13 11 7 9 16 
6867 349 6 3 1285 214 4 1294 
4102 1 2 13 16 7 9 11 
2954 182 6 3 4 1794 1122 
5777 3881 4 12 14 15 701 
3884 7 9 11 16 1 2 13 
3760 2724 930 4 6 3 182 535 
3895 1 2 13 7 9 16 11 
5211 13 1 2 16 7 9 11 
5208 1 2 13 16 11 7 9 
3549 182 6 3 4 154 471 
3741 1 2 13 16 7 9 11 
3733 4173 12 14 15 4 710 
4170 1 2 7 9 11 16 13 
3737 710 4 15 12 14 4258 1774 956 
4255 7 9 11 16 13 1 2 
6873 426 930 4 6 3 182 431 
1953 174 4 12 14 15 701 
1957 1 2 13 7 9 16 11 
2244 13 7 9 16 1 2 11 
3728 13 1 2 16 11 7 9 
2609 2611 182 6 3 4 2608 
3724 5224 4 12 14 15 701 
3726 11 1 2 16 7 9 13 
5724 6 3 15 12 14 10 5 8 
1339 1 2 13 7 9 16 11 
1336 13 1 2 11 16 7 9 
6998 12 14 10 15 5 8 2065 2059 
753 1 2 13 11 7 9 16 
765 1 2 13 11 16 7 9 
714 15 4 386 6 3 12 14 169 
2786 13 1 2 11 7 9 16 
2783 11 13 7 9 16 1 2 
3805 11 7 9 16 1 2 13 
5619 3045 11 16 7 9 1 2 13 
3220 11 13 7 9 16 1 2 
1585 1 2 13 11 7 9 16 
1582 1 2 7 9 11 13 16 
3054 11 7 9 16 1 2 13 
1072 1074 212 1065 4 214 1068 6 3 
5615 1084 15 4 12 14 701 
7119 5611 4 182 6 3 4984 
3049 7120 1060 214 4 911 6 3 212 
2129 13 7 9 1 2 11 16 
957 956 12 14 15 4 710 
4907 13 16 7 9 11 1 2 
3326 214 6 3 174 5598 212 4 3323 
5599 13 1 2 7 9 4803 16 11 
4805 1 2 13 16 7 9 11 
4809 5601 4 4797 182 6 3 4801 
1614 349 6 3 1060 351 4 3216 
7091 349 6 3 4 351 911 
1369 16 1 2 13 11 7 9 
1083 1075 12 14 15 4 710 
1078 1 2 13 11 7 9 16 
1109 1 2 13 11 7 9 16 
948 1 2 13 11 7 9 16 
1099 1 2 13 11 7 9 16 
2782 7 9 1 2 16 13 11 
2779 16 7 9 13 11 1 2 
1091 1093 15 710 4 12 14 2125 
3235 7 9 11 16 13 1 2 
7072 6 3 4 351 926 349 3238 
3237 13 1 2 16 11 7 9 
3350 11 16 1 2 7 9 13 
3349 13 1 2 7 9 11 16 
3348 1 2 16 13 11 7 9 
1152 1 2 13 7 9 11 16 
3241 11 16 7 9 1 2 13 
4300 11 16 13 7 9 1 2 
3243 1 2 7 9 11 16 13 
4298 16 11 7 9 1 2 13 
1653 13 1 2 7 9 11 16 
3600 1 2 13 7 9 16 11 
3256 7 9 11 16 13 1 2 
3258 16 7 9 11 1 2 13 
1742 3250 4294 4 351 4296 6 3 349 
344 1 2 13 16 11 7 9 
2837 13 1 2 16 11 7 9 
1748 1 2 11 13 16 7 9 
3602 7 9 1 2 13 11 16 
3612 7 9 16 13 1 2 11 
3611 1 2 11 13 16 7 9 
2938 2286 4 12 14 15 701 
4141 13 1 2 16 11 7 9 
878 853 4 12 14 15 701 
4115 11 16 1 2 7 9 13 
408 6 3 1936 4 1 2 13 
4119 16 7 9 11 1 2 13 
7166 6 3 1936 1 2 4 13 
2907 1 2 13 16 7 9 11 
7163 182 6 3 4 1794 697 2331 
2395 1122 12 14 15 4 710 
925 922 12 14 15 4 710 
3396 16 11 13 7 9 1 2 
2897 7 9 11 13 16 1 2 
7153 1412 4 6 3 182 2892 1316 2666 
2890 1122 182 6 3 4 2885 2382 2881 
2882 1 2 13 7 9 11 16 
2878 2879 182 2876 4 6 3 5586 
4127 11 1 2 7 9 16 13 
4359 11 16 7 9 1 2 13 
4362 16 7 9 11 1 2 13 
3811 16 7 9 11 13 1 2 
2571 4287 12 14 15 4 710 
2568 3809 12 14 15 4 710 
4289 11 16 7 9 13 1 2 
2565 7268 3091 853 3095 4 6 3 182 
3092 13 1 2 11 16 7 9 
2560 4 3082 182 6 3 3083 4203 5488 
2557 7 9 11 1 2 13 16 
7260 349 6 3 1137 1412 1316 4 351 
2486 1 2 13 7 9 11 16 
1657 13 7 9 11 1 2 16 
2543 2536 349 6 3 2539 4 351 
7257 6 3 351 911 4 1144 
2552 2553 2549 4 351 6 3 349 2546 
1709 13 1 2 11 7 9 16 
1705 212 6 3 1697 214 4 1700 
1690 13 7 9 1 2 16 11 
1686 3351 4 214 1303 6 3 212 1196 
3354 16 11 7 9 1 2 13 
1687 1 2 13 7 9 16 11 
2192 1 2 11 13 16 7 9 
7248 6 3 786 4 182 1803 2191 
2485 13 1 2 16 11 7 9 
2206 11 16 13 1 2 7 9 
7149 7148 351 3079 4 3077 6 3 349 
1192 1 2 16 7 9 13 11 
622 1176 1182 349 6 3 1188 
5019 11 7 9 13 1 2 16 
7351 6 3 349 4 351 661 185 782 
1223 1 2 13 16 7 9 11 
3275 13 1 2 11 16 7 9 
3266 1 2 13 7 9 11 16 
3272 1 2 13 16 11 7 9 
3268 16 1 2 11 7 9 13 
1859 1 2 13 11 16 7 9 
3827 13 16 1 2 11 7 9 
4447 1 2 16 7 9 11 13 
3397 1 2 13 16 7 9 11 
4455 1 2 11 16 7 9 13 
4458 11 13 1 2 7 9 16 
4460 351 6 3 4 1316 5017 5015 349 
2579 13 1 2 11 7 9 16 
2583 349 6 3 660 351 4 2580 
2589 13 16 1 2 11 7 9 
2586 13 1 2 16 7 9 11 
1238 13 1 2 11 7 9 16 
1235 13 1 2 7 9 16 11 
1244 13 16 11 1 2 7 9 
4667 1 2 7 9 13 16 11 
7320 2396 471 6 3 4 214 2436 
2231 4 2226 214 6 3 2228 1141 212 
4573 16 1 2 13 7 9 11 
5448 1097 16 11 1 2 13 7 9 
5450 343 12 14 15 4 710 
2909 11 16 7 9 1 2 13 
3906 1 2 16 11 7 9 13 
4915 16 7 9 11 1 2 13 
4818 16 7 9 11 1 2 13 
4816 16 11 13 7 9 1 2 
4819 16 7 9 11 1 2 13 
3417 1 2 7 9 11 16 13 
3423 212 6 3 3420 4711 4 214 4710 
3403 11 7 9 13 16 1 2 
3401 13 1 2 7 9 11 16 
3427 1 2 16 13 11 7 9 
2236 16 11 7 9 1 2 13 
2234 7 9 13 11 1 2 16 
3410 1 2 13 11 7 9 16 
4616 13 11 16 7 9 1 2 
7401 5344 6 3 214 1311 182 1294 4 
4691 1 2 13 7 9 16 11 
4615 4596 5342 212 6 3 1141 7399 
3641 16 13 11 7 9 1 2 
3644 7 9 1 2 13 16 11 
3650 13 1 2 16 7 9 11 
4610 6 3 12 14 182 4 15 701 
3664 13 16 7 9 11 1 2 
3661 1 2 7 9 11 16 13 
3638 349 6 3 3633 351 4 3636 
1808 7 9 1 2 13 16 11 
1296 1 2 13 11 7 9 16 
3913 1 2 13 16 11 7 9 
3917 16 11 7 9 1 2 13 
3920 13 1 2 11 16 7 9 
4027 13 1 2 16 7 9 11 
4592 1 2 13 16 7 9 11 
4591 1 2 13 7 9 16 11 
4940 7 9 13 1 2 16 11 
4852 13 1 2 7 9 16 11 
4854 13 1 2 16 7 9 11 
4857 4847 4 1144 4850 6 3 351 
4035 1 2 13 16 11 7 9 
5381 1097 16 7 9 11 13 1 2 
4742 16 7 9 11 13 1 2 
4747 710 4 15 12 14 4743 772 1794 
4754 1 2 13 7 9 11 16 
4756 13 1 2 7 9 11 16 
4757 1 2 13 7 9 16 11 
4229 1 2 7 9 13 11 16 
7376 349 6 3 1636 351 4 1316 
1776 13 1 2 11 16 7 9 
1773 1 2 7 9 13 11 16 
4221 7 9 11 13 1 2 16 
3432 13 1 2 11 7 9 16 
3430 1 2 13 7 9 16 11 
7374 6 3 351 4 4222 1294 349 1316 
3842 16 11 7 9 13 1 2 
3843 16 11 7 9 13 1 2 
3845 16 7 9 11 1 2 13 
3681 7 9 11 16 13 1 2 
3680 16 7 9 11 13 1 2 
3132 7 9 13 1 2 16 11 
7419 349 6 3 2255 351 4 1311 
4306 13 1 2 7 9 11 16 
7420 349 6 3 1288 4 351 1196 
4858 13 1 2 7 9 16 11 
4859 13 1 2 7 9 16 11 
4378 13 11 16 1 2 7 9 
907 1 2 13 4 6 3 1936 
2940 13 1 2 11 16 7 9 
792 13 1 2 16 7 9 11 
2328 1 2 13 16 11 7 9 
817 6 3 2949 2703 1877 4 351 
5225 13 1 2 16 7 9 11 
777 13 16 7 9 11 1 2 
774 16 7 9 13 11 1 2 
780 351 706 768 4 772 770 6 3 
6246 6244 930 4 1413 6 3 182 
2680 1300 661 1865 6 3 4 185 182 
5067 13 1 2 16 11 7 9 
2675 13 1 2 7 9 16 11 
6233 2668 1316 4 6 3 182 2666 
6251 2286 4 6 3 182 3169 2608 2611 
3168 1877 4 12 14 15 701 
2694 2727 4 6 3 3164 182 3724 3160 
6254 6252 930 4 6 3 182 609 
2445 7 9 11 13 16 1 2 
2440 6369 573 4 214 154 6 3 212 
2437 13 1 2 11 7 9 16 
6370 710 4 1122 15 12 14 697 1794 
1501 7 9 13 16 11 1 2 
2062 2753 314 2752 4 6 3 351 930 
2976 7 9 16 13 11 1 2 
2974 1 2 13 7 9 11 16 
2054 13 7 9 11 16 1 2 
6098 1514 16 7 9 11 13 1 2 
1007 7 9 11 16 13 1 2 
3202 1 2 13 7 9 16 11 
3201 1 2 13 11 7 9 16 
3206 13 1 2 11 7 9 16 
233 1 2 13 11 7 9 16 
2754 11 1 2 13 7 9 16 
2024 1 2 13 7 9 16 11 
2977 1 2 11 16 13 7 9 
2979 11 7 9 13 16 1 2 
812 13 16 1 2 7 9 11 
3091 720 12 14 15 4 710 
3169 1221 701 4 12 14 15 
3162 1 2 13 11 7 9 16 
5969 367 4 12 14 15 701 
796 1 2 13 16 7 9 11 
831 922 6 3 2328 351 697 4 
3473 13 7 9 1 2 16 11 
3470 1 2 13 7 9 11 16 
4622 13 1 2 7 9 16 11 
4621 13 1 2 7 9 16 11 
5000 16 13 1 2 7 9 11 
6682 4 6 3 13 1 2 1936 
4870 1 2 13 16 11 7 9 
6688 710 4 1313 15 12 14 868 772 
3183 13 1 2 16 11 7 9 
3775 1 2 13 16 11 7 9 
6817 2396 314 4 182 6 3 1856 
1017 1 2 13 11 16 7 9 
2379 1064 12 14 15 4 710 
3881 7 9 13 11 16 1 2 
2724 2726 710 4 15 12 14 2723 
4173 13 1 2 7 9 11 16 
4258 13 1 2 7 9 11 16 
2611 661 4 12 14 15 701 
5224 13 1 2 11 7 9 16 
3045 6 3 12 14 182 4 15 701 
1065 11 7 9 1 2 13 16 
1074 4 212 6 3 1060 214 1064 
4984 7 9 11 16 1 2 13 
5611 1514 11 13 1 2 7 9 16 
7120 212 6 3 1065 214 4 1068 
3323 16 7 9 11 1 2 13 
5598 1312 12 14 15 4 710 
4803 15 6 3 182 12 14 4 710 
4801 4799 12 14 15 4 710 
4797 1 2 13 16 11 7 9 
5601 4804 4 710 12 14 15 
3216 1 2 13 11 7 9 16 
1075 13 1 2 16 11 7 9 
2125 11 7 9 1 2 16 13 
1093 5681 182 6 3 4 2123 
3238 7 9 11 16 13 1 2 
926 13 1 2 11 7 9 16 
4296 11 16 7 9 13 1 2 
4294 16 11 7 9 13 1 2 
3250 349 6 3 4292 351 4 4290 
2666 991 12 14 15 4 710 
2885 1 2 13 7 9 16 11 
5586 2873 12 14 15 4 710 
2876 1 2 13 11 16 7 9 
2879 7150 920 4 6 3 182 2722 
4287 7 9 1 2 11 16 13 
3809 11 16 7 9 1 2 13 
3095 13 16 1 2 7 9 11 
7268 1963 784 4 6 3 182 1968 
5488 3086 12 14 15 4 710 
4203 1 2 13 16 11 7 9 
3083 1 2 13 11 7 9 16 
3082 4202 12 14 15 4 710 
2539 13 1 2 11 7 9 16 
2536 13 16 11 1 2 7 9 
2546 1 2 13 16 7 9 11 
2549 11 13 1 2 7 9 16 
2553 349 1294 6 3 1144 4 351 911 
1700 13 1 2 16 7 9 11 
1697 1 2 13 7 9 16 11 
3351 6 3 212 1285 4 214 1804 
3077 11 16 7 9 1 2 13 
3079 1 2 7 9 16 11 13 
7148 1195 349 1197 6 3 351 4 
1188 7146 4 351 165 6 3 804 349 
1182 13 1 2 7 9 11 16 
1176 1178 351 6 3 4 1170 
5015 1 2 13 7 9 16 11 
5017 1 2 7 9 11 13 16 
2580 1 2 16 13 11 7 9 
2436 1308 12 14 15 4 710 
2396 12 14 710 4 15 772 1312 
2228 1 2 13 16 7 9 11 
2226 1 2 13 16 7 9 11 
4710 13 1 2 11 7 9 16 
4711 1 2 13 11 7 9 16 
3420 1 2 16 13 11 7 9 
5344 4690 7 9 16 11 13 1 2 
7399 1 2 4 6 3 1936 13 
5342 1514 16 1 2 13 11 7 9 
4596 4 214 1294 1820 6 3 212 3433 
3636 1 2 11 7 9 13 16 
3633 16 11 7 9 13 1 2 
4850 13 11 1 2 16 7 9 
4847 4848 4846 4844 4 6 3 351 
4743 13 1 2 16 11 7 9 
4222 11 13 7 9 16 1 2 
6244 990 433 232 4 6 3 182 
6252 6 3 1936 1 2 13 4 
6369 212 6 3 174 573 4 214 2436 
2752 16 7 9 11 13 1 2 
2753 7 9 11 16 1 2 13 
1856 1794 12 14 15 4 710 
2723 1 2 13 7 9 16 11 
2726 710 4 15 12 14 1308 1312 772 
4799 13 1 2 7 9 11 16 
4804 13 1 2 16 11 7 9 
2123 13 11 1 2 16 7 9 
5681 1097 16 7 9 11 13 1 2 
4290 16 7 9 11 1 2 13 
4292 16 11 7 9 1 2 13 
2873 7 9 16 1 2 13 11 
7150 2112 1140 4 6 3 182 2379 
3086 11 16 7 9 1 2 13 
4202 1 2 13 11 16 7 9 
1197 11 16 1 2 7 9 13 
1195 13 1 2 7 9 11 16 
7146 351 806 6 3 4 1185 720 349 
1170 1 2 13 11 16 7 9 
1178 349 6 3 1173 2844 4 351 2841 
4690 701 6 3 12 14 182 4 15 
3433 11 7 9 13 1 2 16 
4844 11 7 9 16 13 1 2 
4846 13 7 9 1 2 11 16 
4848 349 1294 4 351 6 3 2255 
1185 1 2 13 11 7 9 16 
2841 16 11 7 9 1 2 13 
2844 11 16 13 7 9 1 2 
1173 16 11 7 9 1 2 13 
