10 29 1289 1253 1254 1250 1252 84 
11 30 1326 1327 164 170 151 1371 
12 1417 1418 225 228 
13 35 269 268 1469 
14 1517 318 1515 1501 191 286 1512 322 
15 38 358 361 
16 41 377 180 2 163 4 1 1570 
17 43 1584 1585 
18 45 44 
19 217 180 357 279 47 4 2 1 
20 49 436 303 821 1645 1651 1681 
21 50 479 1725 1726 485 1762 
22 53 1800 878 877 537 
23 55 1893 1894 577 
24 1955 901 1993 603 1987 1988 609 1994 
25 58 2073 2070 2071 2077 
26 60 2126 657 656 2129 
27 62 2201 2202 715 
84 86 520 2 4 1 483 1268 
1252 5 8 6 3 9 4 2 1 
1250 6 3 8 7 1 4 2 5 
1254 4 1 8 9 7 5 6 3 
1253 2 1 6 8 5 4 9 7 
1289 102 2 1 83 1257 106 4 
29 1296 89 1283 96 2 4 1 1290 
1371 1367 1314 825 829 828 1308 147 
151 1328 1320 430 4 2 1 279 1324 
170 172 2 1220 4 1 284 1222 1224 
164 652 773 2 166 430 4 1 188 
1327 188 106 1 4 2 561 419 157 
1326 217 1235 2 729 102 4 1 469 
30 1370 183 177 1216 1217 777 909 
228 230 500 1394 2 463 4 1 1399 
225 227 103 1379 2 445 4 1 1386 
1418 1415 1403 217 220 2 4 1 1412 
1417 2 364 1414 231 284 250 4 1 
1469 1466 315 9 8 7 281 1457 
268 1431 571 706 670 6 3 5 1426 
269 1433 1423 135 2 1 4 325 1429 
35 270 1464 1183 286 312 1467 
322 323 1484 1485 1489 1493 
1512 1504 290 6 5 3 670 333 
286 1 4 2 3 105 6 5 189 
191 3 2 4 1 798 6 5 94 
1501 372 233 4 83 2 1 117 
1515 1509 841 2 4 1 186 1500 
318 320 730 6 3 5 599 742 1479 
1517 1514 483 342 434 2 4 1 1506 
361 363 430 2 4 1 1538 483 1546 
358 360 1524 445 2 106 4 1 1531 
38 1564 1554 364 4 2 1 191 1559 
1570 3 6 4 5 9 1565 8 7 
163 6 5 3 8 7 9 
180 6 3 5 8 7 9 
377 4 2 1 328 6 3 5 706 
41 376 1162 2 1 279 163 4 1572 
1585 383 217 180 2 4 1 163 81 
1584 180 175 2 357 4 1 157 406 
43 357 325 1582 1586 4 2 1 157 
44 325 163 1596 391 2 157 4 1 
45 1598 1160 175 2 279 4 1 1594 
47 1603 163 4 2 1 180 377 
279 6 5 3 9 7 8 
357 9 7 8 6 5 3 
217 6 3 5 9 8 7 
1681 1677 461 599 6 3 5 465 1671 
1651 1647 1 4 2 875 427 1638 
1645 829 828 99 4 2 1 835 
821 2 231 8 7 4 1 9 5 
303 2 4 1 427 3 6 5 532 
436 434 800 2 4 1 88 157 1649 
49 1682 764 1617 1216 1217 777 1629 418 
1762 1759 489 492 1740 1749 496 935 1728 
485 1724 652 4 2 1 729 1716 
1726 103 163 640 102 2 1721 4 1 
1725 1719 88 391 2 4 1 920 919 
479 481 852 83 2 4 1 850 1708 
50 474 473 1686 561 419 1692 1753 1754 
537 1799 1792 1784 329 6 3 5 
877 500 640 135 1774 4 565 2 1 
878 1775 1764 106 2 180 4 1 1771 
1800 1797 893 2 652 4 1 157 1788 
53 1840 544 543 1835 1836 
577 809 1886 549 548 1046 1047 908 1891 
1894 1889 1869 453 231 2 4 1 1882 
1893 1887 789 500 105 2 4 1 1878 
55 1917 1852 574 920 919 847 1849 1916 
1994 612 1974 2 500 4 1 463 1986 
609 611 1959 279 2 729 4 1 1964 
1988 1979 624 188 629 4 2 1 233 
1987 1977 617 4 619 423 2 1 157 
603 1953 781 1940 2 4 1 1017 1950 
1993 1989 500 2 4 1 528 606 1983 
901 903 1926 798 729 4 2 1 1933 
1955 1951 4 888 729 2 1 886 1946 
2077 636 2047 2048 638 946 439 767 2072 
2071 2064 640 986 4 988 989 2 1 
2070 180 2062 217 391 376 2 4 1 
2073 2068 247 233 4 2 1 366 2061 
58 2030 2031 870 869 2029 
2129 2125 2108 231 2 4 1 978 2118 
656 2092 511 5 6 3 550 630 670 
657 2094 2083 2 1 81 4 762 2090 
2126 2122 679 163 2 4 1 677 2112 
60 2127 663 137 4 2 1 555 667 
715 717 2162 957 958 959 960 2167 
2202 2198 2183 729 2 4 1 949 2192 
2201 2196 2173 325 2 728 4 1 2189 
62 711 2194 954 453 452 2185 718 
1268 5 2 4 1 6 3 135 277 
483 9 7 6 3 8 5 
520 4 1 9 5 8 7 6 3 
86 1270 264 2 4 1 106 1266 
106 9 7 3 8 6 5 
1257 4 1 9 5 8 7 6 3 
83 9 7 6 3 8 5 
102 9 7 8 6 3 5 
1290 1280 99 103 4 2 1 
96 6 3 5 9 7 8 
1283 427 102 1 4 2 434 110 
89 6 3 8 5 9 7 
1296 1293 128 83 233 4 2 1 1284 
147 824 1238 303 821 1305 1303 
1308 442 259 279 2 4 1 
828 6 3 9 5 7 4 2 1 
829 2 6 4 1 8 5 9 7 
825 3 175 9 2 1 4 8 7 
1314 1310 2 545 4 1 259 1300 
1367 1363 1349 6 5 3 1207 189 1360 
1324 391 740 364 4 137 2 1 
430 6 3 5 9 7 8 
1320 6 3 5 329 2 4 1 135 
1328 1323 142 2 415 4 1 557 
1224 5 4 3 9 8 7 2 1 
1222 6 3 5 4 2 1 9 7 
284 9 7 5 8 6 3 
1220 2 1 8 6 5 4 9 7 
172 434 252 233 2 4 1 1225 186 
188 5 6 3 9 7 8 
166 96 103 220 415 640 4 2 1 
773 8 5 7 2 1 4 6 3 
652 5 6 3 9 7 8 
157 6 3 8 7 5 9 
419 5 8 9 4 6 3 2 1 
561 2 5 705 4 1 427 6 3 
469 3 2 1 5 4 8 9 7 
729 6 3 5 9 7 8 
1235 8 6 5 3 1 9 
909 88 142 2 4 1 434 
777 2 1 5 6 3 8 9 7 
1217 8 2 1 6 3 5 9 7 
1216 6 3 4 8 9 7 2 1 
177 906 905 4 2 1 220 
183 185 470 606 4 2 1 500 105 
1370 1365 1356 205 204 210 1354 1342 191 
1399 1392 329 5 6 3 824 
463 706 5 6 3 217 4 2 1 
1394 557 6 9 7 8 5 4 
500 9 7 8 6 3 5 
230 1401 1389 188 157 4 2 1 1398 
1386 406 295 1195 103 1 4 2 96 
445 6 3 5 9 7 8 
1379 2 5 6 3 670 4 1 89 
103 9 7 8 6 3 5 
227 135 500 1383 1387 427 2 4 1 
1412 2 259 1191 142 4 1 233 
220 9 7 8 6 3 5 
1403 9 5 4 1 217 2 3 7 
1415 1409 83 4 325 2 1 247 
250 252 434 233 2 4 1 
231 8 7 9 6 3 5 
1414 1407 81 157 99 2 1 163 4 
364 9 7 8 6 3 5 
1457 303 96 103 2 4 1 
281 5 4 6 3 2 1 
315 317 4 2 1 702 
1466 1459 96 273 4 264 2 1 105 
1426 427 188 1 652 4 2 110 
670 2 1 4 9 7 8 
706 2 1 4 9 7 8 
571 9 7 4 2 8 5 6 3 
1431 89 1187 4 102 2 1 233 
1429 83 356 142 2 175 4 1 
325 6 3 9 7 5 8 
135 6 3 5 9 7 8 
1423 5 6 3 532 2 4 1 106 
1433 1427 157 83 841 4 2 1 
1467 1462 163 4 2 1 217 1451 
312 163 4 724 2 1 88 1185 
1183 4 1 8 9 7 5 6 3 
1464 295 300 294 2 4 1 279 289 
270 272 845 6 3 5 465 599 1442 
1493 1487 105 4 89 2 1 501 
1489 372 83 2 4 1 175 102 
1485 99 3 6 5 532 1 4 2 
1484 1 4 2 6 3 279 5 277 
323 1491 837 9 8 7 281 747 
333 1 4 2 640 5 6 3 670 
290 8 7 4 5 2 1 6 3 
1504 81 186 376 2 1 337 4 
189 8 2 4 1 9 7 
105 6 3 9 5 8 7 
94 8 7 9 4 2 1 
798 6 3 5 9 7 8 
117 9 5 7 6 3 4 2 1 
233 9 7 8 6 3 5 
372 6 3 5 8 9 7 
1500 329 4 2 1 328 5 6 3 
186 6 5 3 9 7 8 
841 3 6 5 9 8 7 
1509 106 217 1173 2 4 1 356 
1479 1473 500 364 2 4 1 
742 4 2 1 528 391 
599 2 4 1 8 7 9 
730 157 106 188 1 4 2 
320 1481 1471 415 114 2 4 1 1477 
1506 220 355 729 2 4 1 349 
434 3 9 7 8 6 5 
342 2 4 1 99 3 6 5 706 
1514 83 325 175 2 1507 4 1 217 
1546 430 391 135 2 4 1 1168 561 
1538 5 6 3 1 4 2 706 391 
363 1547 1536 4 99 106 2 1 1543 
1531 747 199 1 4 2 99 1170 
1524 3 6 5 329 2 4 1 103 
360 454 1532 220 4 2 1 325 1529 
1559 217 4 2 1 284 1163 
1554 81 2 89 4 1 652 163 
1564 1561 1549 372 2 4 1 180 1557 
1565 7 279 2 3 4 1 9 5 
328 8 7 6 5 3 9 
1572 180 217 357 4 163 2 1 81 
1162 4 1 9 8 7 3 6 5 
376 9 6 3 5 8 7 
81 6 3 9 7 5 8 
383 8 3 6 4 5 7 9 
406 96 5 2 4 1 6 3 706 
175 5 6 3 8 7 9 
1586 1580 403 4 2 1 391 1573 
1582 163 217 175 4 2 1 391 
391 9 7 8 6 3 5 
1596 376 175 157 2 4 1 391 
1594 410 217 2 4 1 398 
1160 2 5 7 9 3 1 6 
1598 1593 175 1 4 2 157 406 
1603 3 6 410 4 5 9 8 7 
1671 312 364 483 702 4 2 1 
465 415 4 137 2 1 
461 463 1 4 2 500 
1677 1670 837 9 8 7 281 208 
1638 2 1 114 5 4 8 9 7 
427 6 5 3 9 7 8 
875 6 3 4 9 5 2 7 
1647 279 372 2 1 142 4 103 
835 9 7 8 5 4 3 1 
99 6 5 8 3 9 7 
532 9 7 2 4 1 8 
1649 1130 295 784 4 2 1 279 760 
88 8 6 3 5 9 7 
800 6 5 8 3 9 7 
418 1635 1150 1151 1627 1148 1149 1632 
1629 1619 670 6 5 3 131 
1617 4 6 5 2 1 83 3 94 
764 766 914 6 3 5 329 286 
1682 1680 1665 453 452 457 456 1673 
1728 9 186 2 1 3 4 8 7 
935 4 2 1 5 652 6 3 706 
496 483 4 1095 325 2 1 105 500 
1749 483 456 427 2 114 4 1 
1740 520 2 9 5 4 6 3 8 
492 9 5 8 4 6 3 2 1 
489 6 5 4 8 2 1 9 7 
1759 497 1741 500 4 1089 2 1 1752 
1716 1097 3 6 5 329 
1724 909 325 644 1 640 4 2 
1721 89 142 279 640 2 4 1 
640 6 3 9 7 5 8 
919 9 7 4 2 5 6 3 8 
920 6 3 5 9 8 7 2 1 
1719 434 233 2 4 1 883 83 
1708 846 94 706 5 6 3 
850 2 4 1 175 6 5 3 706 
852 180 328 427 2 1 4 175 
481 1710 1702 357 88 2 4 1 1706 
1754 1747 4 99 477 2 1 259 470 
1753 517 106 103 4 279 1745 2 1 
1692 730 5 6 3 599 742 
1686 1120 2 4 1 9 8 7 5 
473 1693 789 99 88 2 4 1 1690 
474 476 135 4 2 1 384 556 1698 
329 9 2 4 1 8 7 
1784 434 1 4 2 364 
1792 1067 1068 415 217 2 4 1 
1799 1795 900 6 3 5 94 1785 
565 9 7 8 6 2 1 5 4 
1774 457 456 595 94 5 6 3 446 
1771 927 926 500 2 105 4 1 
1764 6 3 9 7 4 1 175 2 
1775 1769 706 670 6 3 5 727 
1788 888 798 2 175 4 1 
893 894 3 6 5 670 
1797 357 427 284 106 4 2 1 1790 
1836 1830 231 535 81 2 4 1 467 
1835 463 430 391 135 4 2 1 1828 
543 1807 760 279 2 4 1 784 845 
544 1809 944 702 2 1 4 81 1805 
1840 1838 1820 549 548 550 1832 
1891 562 729 2 102 4 1 1872 
908 4 2 8 9 7 5 6 3 
1047 2 1 5 8 9 7 6 3 
1046 5 4 1 8 6 3 9 7 
548 2 1 9 7 8 4 6 3 
549 9 7 8 4 6 3 2 1 
1886 1874 556 6 5 3 422 557 
809 1864 1865 406 295 940 1050 806 1862 
1882 4 500 279 415 492 2 1 
453 9 7 4 6 3 5 2 1 
1869 4 2 1 798 6 3 5 329 
1889 1880 454 1 483 4 2 946 439 
1878 722 135 384 434 2 4 1 
789 790 3 6 5 524 
1887 1876 624 188 629 4 2 1 233 
1916 1912 595 430 2 106 4 1 1906 
1849 217 434 2 1 4 89 163 
847 2 4 1 364 5 6 3 670 
574 1851 1056 1 4 2 1053 1055 364 
1852 1846 914 6 3 5 329 336 
1917 1914 569 328 88 2 4 1 1910 
1986 1975 81 505 2 4 1 501 
1974 1009 1 6 3 4 9 8 5 
612 613 465 5 6 3 599 1695 
1964 175 372 2 157 813 4 1 406 
1959 940 5 2 4 1 9 8 7 
611 1965 430 1957 4 259 2 1 1961 
629 6 3 4 5 9 7 2 1 
624 2 1 9 5 7 4 6 3 
1979 500 188 157 2 1 4 526 
423 8 7 4 9 6 3 2 1 
619 9 7 5 4 6 3 2 1 
617 4 2 1 6 3 5 8 7 
1977 188 415 391 430 2 4 1 
1950 1942 415 220 96 4 2 1 
1017 6 3 4 8 9 7 2 1 
1940 114 9 7 5 2 1 4 6 
781 6 5 3 9 7 8 
1953 1947 4 103 762 398 2 1 640 
1983 1971 529 180 2 1 4 
606 5 4 3 9 7 8 2 1 
528 9 7 6 3 8 5 
1989 1982 159 2 4 1 106 630 
1933 846 434 677 102 4 2 1 163 
1926 3 6 5 670 2 4 1 231 
903 1935 850 284 2 4 1 186 1929 
1946 906 905 2 652 4 1 157 
886 4 2 3 9 8 7 6 5 
888 6 5 3 599 4 2 1 328 
1951 1943 231 142 4 2 1 767 
2072 2066 4 434 96 996 2 1 231 
767 3 4 6 5 532 2 1 186 
439 8 7 9 6 2 1 4 3 
946 8 6 5 9 7 4 2 1 
638 2046 4 2 1 157 233 2039 
2048 2043 89 606 434 2 4 1 445 
2047 2041 157 4 500 927 926 2 1 
636 447 186 2 4 1 175 157 1002 
989 3 9 7 8 5 4 2 1 
988 8 5 4 3 9 7 2 1 
986 4 3 5 9 8 7 2 1 
2064 483 391 652 284 4 2 1 
2062 325 142 647 4 2 1 644 
2061 781 175 4 2 1 445 582 
366 6 3 4 9 8 7 2 1 
247 1 4 2 89 3 6 5 329 
2068 255 157 2 4 1 99 120 
2029 2024 430 561 188 2 1 4 2016 
869 2006 2 824 828 317 729 4 1 
870 2007 4 864 2 1 259 863 2004 
2031 2028 99 106 2011 2 4 1 2021 
2030 2026 188 1696 2 4 1 526 562 
2118 483 175 798 2 702 364 4 1 
978 4 1 8 5 9 7 6 3 
2108 4 670 2 1 186 5 6 3 
2125 2120 652 105 2 1 4 982 613 
630 5 6 3 277 1 4 2 483 
550 3 2 1 6 9 7 4 5 
511 512 1 4 2 96 
2092 317 81 415 2 157 4 1 
2090 142 2 4 1 565 698 103 
762 8 5 7 2 1 4 6 3 
2083 532 2 4 1 5 6 3 729 
2094 477 279 83 2 427 2088 4 1 
2112 683 186 284 2 4 1 83 
677 4 8 7 5 6 3 2 1 
679 5 2 6 3 94 4 1 89 
2122 529 391 372 2113 4 2 1 135 
667 391 231 142 88 669 4 2 1 
555 556 6 5 3 422 
137 6 3 5 9 7 8 
663 391 135 4 2 1 430 539 
2127 2123 660 2096 372 2 1 4 813 
2167 220 955 434 2159 1 4 2 
960 9 7 8 3 5 4 2 1 
959 8 9 7 2 1 5 6 3 
958 9 7 5 4 3 8 2 1 
957 5 8 6 3 9 4 2 1 
2162 186 964 81 1 4 2 962 
717 2169 5 2156 670 6 3 237 2166 
2192 188 640 445 1 372 4 2 
949 4 1 5 6 3 9 8 7 
2183 3 6 5 532 8 4 2 1 
2198 2190 706 6 3 5 705 2178 
2189 423 186 1 4 2 279 99 
728 2 1 9 7 3 8 6 5 
2173 8 5 2 6 83 4 1 9 
2196 2187 4 526 2 1 188 630 
718 720 786 4 2 1 500 944 
2185 506 422 3 6 5 556 
452 4 3 6 8 9 7 2 1 
954 2 1 8 5 6 3 9 7 
2194 391 135 500 4 2 1 188 430 
711 713 2135 549 548 908 2140 
277 9 2 4 1 8 7 
1266 9 7 8 4 6 3 2 1 
264 9 5 4 8 6 3 2 1 
1270 5 6 3 801 4 2 1 135 
1280 4 8 7 9 2 1 105 
110 4 1 9 7 3 8 6 5 
1284 120 372 2 4 1 117 
128 706 4 2 1 427 5 6 3 
1293 88 135 142 1286 89 2 4 1 
1303 5 6 3 820 4 2 1 233 
1305 1242 2 1 6 3 4 9 8 
1238 9 7 6 3 5 2 1 4 
824 4 1 8 9 7 6 3 5 
259 9 7 6 3 5 8 
442 1 5 8 7 9 4 6 3 
1300 6 3 5 706 4 2 1 103 
545 8 5 9 4 6 3 2 1 
1310 81 702 2 142 1 4 760 
1360 186 2 4 1 1211 188 83 
1207 6 5 8 4 9 7 2 1 
1349 1199 3 4 2 1 8 9 7 
1363 99 83 186 175 1357 4 2 1 
740 4 1 9 7 8 3 6 5 
557 599 6 3 4 2 1 430 5 
415 6 3 5 9 7 8 
142 6 3 5 9 7 8 
1323 434 114 99 4 2 1 835 
1225 6 3 2 1 8 9 7 5 
252 5 9 7 4 6 3 2 1 
705 8 7 9 2 4 1 
905 8 3 5 9 7 4 2 1 
906 6 3 4 8 7 9 2 1 
470 4 1 9 3 6 5 8 7 
185 434 415 722 500 157 2 4 1 
1342 1196 2 1 9 6 3 5 8 
1354 199 202 201 99 2 4 1 
210 4 2 1 5 798 6 3 706 
204 9 7 2 1 8 5 6 3 
205 2 1 8 5 6 3 9 7 
1356 157 106 88 2 4 1 1203 
1365 167 837 9 8 7 281 208 
1392 5 6 3 801 4 2 1 142 
1398 364 99 500 483 2 4 1 
1389 2 1 3 6 5 4 524 434 
1401 1396 391 430 1 4 2 561 
1195 4 1 5 6 3 9 8 7 
295 2 1 820 4 163 5 6 3 
1387 586 595 180 106 4 2 1 935 
1383 259 273 157 2 4 1 325 
1191 2 1 5 6 3 9 8 7 
1409 241 652 4 89 2 1 
1407 427 188 2 4 1 652 110 
702 6 5 3 8 7 9 
317 9 7 8 6 2 1 4 5 
273 6 3 9 5 8 4 2 1 
1459 83 175 4 2 1 106 259 
1187 9 5 4 3 8 7 2 1 
356 3 4 1 6 5 8 9 7 
1427 842 349 729 2 4 1 
1451 1 4 2 6 3 279 5 277 
1462 841 1181 284 4 186 2 1 
1185 4 1 9 7 3 8 6 5 
724 6 3 9 7 4 1 5 8 
289 290 6 5 3 670 
294 4 1 8 5 9 7 6 3 
300 5 6 3 189 4 2 1 83 
1442 135 824 528 372 2 1 4 
845 142 415 430 188 4 2 1 
272 1444 463 2 4 1 526 500 1440 
501 502 5 6 3 706 
1487 1179 4 279 2 1 294 
747 4 445 88 2 1 391 
837 4 1 8 9 7 5 6 3 
1491 312 798 372 2 1 4 
337 9 8 5 4 6 3 2 1 
1173 9 7 8 3 5 4 2 1 
1473 2 4 1 188 3 6 5 524 
1477 740 529 88 2 4 1 729 
114 6 3 8 7 5 9 
1471 422 6 3 4 9 5 7 8 
1481 137 4 102 1475 2 1 415 729 
349 9 7 8 4 6 3 2 1 
355 4 1 8 5 6 3 9 7 
1507 1495 6 3 7 9 5 2 1 
1168 9 7 8 4 6 3 2 1 
1543 1534 188 4 2 1 427 
1536 372 5 4 2 1 6 3 599 
1547 1541 4 384 2 1 135 757 
1170 8 4 1 9 7 5 6 3 
199 9 4 1 5 6 3 8 7 
1529 500 372 652 2 4 1 180 
1532 1526 355 4 220 2 1 586 
454 9 7 8 4 6 3 2 1 
1163 4 9 5 8 6 3 2 1 
1557 163 366 217 2 4 1 233 
1549 189 5 6 3 4 2 1 175 
1561 1555 434 4 2 1 483 342 
1573 4 1 9 5 175 2 3 7 
403 4 1 9 8 7 3 6 5 
1580 395 398 217 2 4 1 
398 4 1 5 6 3 8 9 7 
410 5 6 3 706 4 2 1 96 
1593 395 6 3 4 5 9 7 8 
208 9 7 5 6 4 2 1 
1670 470 1124 135 2 4 1 1652 
760 2 1 4 3 5 8 9 7 
784 9 7 8 4 6 3 2 1 
1130 6 3 5 9 8 7 4 1 
1632 1624 1141 1143 1145 1147 
1149 9 7 8 3 5 4 2 1 
1148 5 4 3 8 9 7 2 1 
1627 376 105 4 325 2 1 1153 
1151 5 4 6 8 2 1 9 7 
1150 8 5 2 1 9 4 6 3 
1635 1630 1605 279 4 2 1 180 1623 
131 88 1 4 2 135 
1619 202 201 652 188 2 4 1 
914 4 2 9 8 7 3 6 5 
766 83 1159 376 2 850 4 1 
1673 1663 2 729 102 4 1 469 
456 4 2 1 8 7 9 6 5 
457 2 1 5 8 9 7 6 3 
1665 442 4 702 2 1 460 
1680 1676 1655 427 2 4 1 423 1666 
1095 8 7 5 1 4 2 3 
1752 1744 81 505 2 4 1 501 
1089 6 3 4 2 1 8 9 7 
1741 1088 9 7 6 5 4 2 8 
497 279 617 157 2 499 103 4 1 
1097 8 7 6 3 5 4 2 1 
644 5 4 3 9 8 7 2 1 
883 8 5 9 4 6 3 2 1 
846 2 670 6 3 5 364 4 1 
1706 81 357 106 372 2 4 1 
1702 5 6 3 4 284 189 2 1 
1710 128 683 1 4 2 83 679 
477 9 7 6 3 4 2 8 5 
1747 163 157 4 2 1 88 1082 
1745 512 105 2 4 1 96 89 
517 6 3 9 7 4 5 2 1 
1120 2 1 8 9 7 3 6 5 
1690 740 702 430 4 2 1 188 
1693 1687 114 786 500 788 4 2 1 
1698 448 500 430 4 188 2 1 
556 6 3 4 5 8 2 1 9 
384 8 7 9 5 6 3 4 
476 612 1696 2 188 4 1 526 562 
1068 6 3 5 8 9 7 2 1 
1067 8 5 7 4 6 3 2 1 
1785 142 403 647 391 2 4 1 
900 220 102 2 4 1 
1795 1786 886 883 83 4 729 2 1 
446 447 2 4 1 157 
595 532 4 5 6 3 2 1 372 
926 9 7 8 4 2 1 3 5 
927 6 3 4 8 9 7 2 1 
727 728 2 4 1 325 
1769 157 500 2 175 1 781 4 
894 2 1 5 8 9 7 6 3 
1790 259 217 325 279 2 4 1 
467 469 4 102 729 2 1 
535 6 3 4 2 1 8 9 7 
1830 561 419 188 624 4 2 1 541 
1828 545 1059 702 483 364 4 2 1 
1807 106 188 2 828 1062 4 1 157 
1805 864 391 528 2 4 1 
944 2 4 1 5 329 430 6 3 
1809 1804 729 4 2 1 88 1064 
1832 1822 279 4 2 1 103 557 
1820 210 279 106 4 2 1 
1838 1833 4 1817 279 2 1 533 1826 
1872 1042 4 2 1 7 3 6 5 
562 463 430 391 135 4 2 1 
422 2 4 1 8 9 7 
1874 105 205 204 89 4 2 1 
1862 1857 6 3 5 599 742 
806 5 4 3 8 2 1 9 7 
1050 6 5 9 7 8 3 2 1 
940 9 8 5 2 1 4 6 3 
1865 1860 798 157 81 2 142 4 1 
1864 460 317 303 2 188 4 1 702 
1880 106 483 702 180 2 4 1 
722 6 3 5 9 8 7 2 1 
524 9 2 1 4 8 7 
790 9 7 5 4 6 3 2 1 
1876 188 157 2 526 4 1 617 
1906 586 83 1 103 4 2 
1912 1905 798 175 483 4 2 1 
1055 5 4 3 8 9 7 2 1 
1053 5 4 3 8 9 7 2 1 
1056 8 5 2 1 9 4 6 3 
1851 427 175 328 357 2 4 1 180 
336 337 2 1 4 186 
1846 1058 434 102 4 2 1 
1910 1902 5 524 6 3 1038 
569 571 706 670 6 3 5 
1914 175 4 325 2 1 157 565 1908 
505 8 7 5 4 6 3 2 1 
1975 96 453 452 103 2 4 1 
1009 2 1 5 8 9 7 6 3 
1695 469 2 4 1 102 
613 1116 1118 434 188 2 1 4 
813 1 9 8 7 3 5 4 
1961 800 2 533 4 1 142 861 
1957 5 6 3 801 702 4 2 1 
1965 845 434 798 4 2 1 804 803 
526 4 2 5 8 6 3 9 7 
1942 5 6 3 189 4 2 1 106 
1947 106 163 698 357 4 2 1 
529 9 7 5 4 6 8 2 1 
1971 4 5 6 3 103 599 2 1 
159 8 5 9 4 6 3 2 1 
1982 454 489 114 2 1 4 264 
1929 640 217 180 135 2 4 1 
1935 1930 1027 5 6 3 532 1024 1026 
1943 83 325 4 99 729 2 1 
996 4 1 8 5 9 7 6 3 
2066 220 102 217 364 1 4 2 
2039 6 2 1 5 3 9 7 8 
2046 2040 231 4 2 1 81 535 
2043 163 520 83 4 2 1 264 
2041 188 279 103 1 415 4 2 
1002 6 3 4 2 1 9 7 
447 4 2 8 5 6 3 9 7 
647 9 5 8 4 6 3 2 1 
582 9 7 8 5 4 2 1 6 
120 5 6 3 524 4 2 1 88 
255 231 284 2 1 364 4 
2016 740 529 2 137 415 4 1 
2024 2015 453 452 729 2 4 1 
2006 406 295 784 4 2 1 279 760 
2004 81 477 800 2 4 1 533 
863 4 1 9 7 8 5 6 
864 9 259 5 2 4 1 8 7 
2007 2001 142 861 4 2 1 825 
2021 364 483 460 4 702 2 1 
2011 4 6 5 2 1 372 3 524 
2028 2023 1 188 4 2 430 500 613 
1696 624 6 5 8 9 7 4 2 
2026 2018 415 4 135 2 1 2009 
982 5 4 3 8 2 1 9 7 
2120 241 586 6 3 673 5 532 641 
512 4 1 8 6 3 9 7 5 
698 2 1 5 4 6 3 8 7 
2088 804 803 798 4 434 2 1 
683 5 4 6 8 9 7 2 1 
2113 99 102 729 372 2 4 1 
669 430 985 106 2 4 1 640 83 
539 541 2 188 4 1 624 
2096 599 4 2 1 500 5 6 3 
660 619 423 142 1 4 2 430 
2123 2115 974 427 977 2 1 102 4 
2159 2145 180 640 2 4 1 
955 4 6 3 8 9 7 2 1 
962 6 3 5 8 9 7 2 1 
964 6 3 9 7 4 8 2 1 
2166 2157 259 2 180 4 1 893 
237 99 157 4 2 1 
2156 333 325 83 4 2 1 
2169 900 694 94 5 6 3 189 2153 
2178 2 135 4 1 702 
2190 2176 698 483 4 2 1 
2187 163 724 434 2 4 1 722 
786 2 1 5 8 9 7 6 3 
720 157 372 4 813 2 1 702 106 
506 415 1 4 2 135 
2140 940 1050 806 233 798 2 1 4 
2135 96 103 2 4 1 517 
713 2142 2139 2131 800 2 4 1 533 
801 8 9 7 2 4 1 
1286 88 135 83 2 4 1 81 
820 2 4 1 8 9 7 
1242 4 1 8 5 9 7 6 3 
1211 4 1 8 6 3 9 7 5 
1199 6 3 5 2 4 1 8 7 
1357 159 4 163 2 1 180 175 
1196 4 1 9 5 7 2 3 
201 4 1 8 7 5 6 3 9 
202 8 2 1 5 6 3 9 7 
1203 6 3 5 2 1 9 7 
167 169 1228 2 217 4 1 395 
1396 798 4 434 2 1 135 384 
586 6 3 2 5 94 4 1 114 
241 4 3 2 1 106 6 5 94 
842 6 5 2 4 1 94 233 3 
1181 5 4 1 6 3 9 8 7 
1440 740 529 2 798 4 1 434 
1444 102 88 1438 729 4 2 1 
502 4 1 8 9 7 5 6 3 
1179 4 2 8 9 7 5 6 3 
1475 188 2 526 702 4 1 317 
1495 4 1 9 5 175 2 3 7 
1534 422 6 3 4 9 5 7 8 
757 4 2 1 114 5 6 3 801 
1541 430 434 2 4 1 188 
1526 210 99 4 157 2 1 
1555 333 81 376 2 1 4 
395 6 3 4 2 1 189 175 5 
1652 6 3 2 1 8 9 7 5 
1124 8 7 5 4 6 3 2 1 
1147 6 5 8 4 9 7 2 1 
1145 6 3 5 4 2 1 9 7 
1143 2 1 8 6 5 4 9 7 
1141 5 4 6 8 7 2 1 3 
1624 1136 1139 163 2 4 1 398 
1153 9 7 6 3 5 2 1 
1623 762 729 427 2 4 1 640 
1605 89 6 3 8 7 2 4 1 
1630 1620 773 2 4 1 430 767 
1159 9 5 8 4 6 3 2 1 
1663 157 99 4 2 1 447 199 
460 4 1 8 9 7 5 6 3 
1666 159 273 415 2 4 1 279 
1655 419 6 5 3 422 
1676 1668 2 1 4 434 135 439 454 
1744 135 415 175 2 157 4 1 
1088 6 3 4 1 5 9 8 7 
499 427 4 875 294 2 1 279 545 
1082 1 5 6 3 4 8 7 
788 6 3 4 5 8 7 1 
1687 279 460 2 4 1 784 702 
448 4 364 702 483 2 1 
1786 372 231 142 102 2 4 1 
541 9 7 8 4 2 6 5 
1059 2 4 8 9 7 3 6 5 
1062 5 4 3 8 9 7 2 1 
1064 6 3 9 7 4 5 2 1 
1804 4 804 803 114 2 1 788 
1822 553 422 3 6 5 556 
1826 1815 415 4 2 1 526 
533 4 2 9 7 8 5 6 3 
1817 529 6 5 3 532 
1833 259 427 434 492 1824 2 4 1 
1042 6 3 4 8 9 7 2 1 
1857 5 6 3 1 4 2 801 800 
1860 804 803 88 114 2 1 4 
1905 220 445 415 2 4 1 582 
1058 2 1 5 6 3 9 8 7 
1038 6 3 9 7 4 8 2 1 
1902 1035 2 4 1 483 
1908 325 135 356 2 4 1 1033 
1118 4 1 8 5 6 3 9 7 
1116 2 4 8 9 7 3 6 5 
861 8 7 6 3 5 9 4 1 
803 2 1 4 8 9 7 6 3 
804 2 1 6 3 4 9 8 7 
1026 8 5 7 4 6 3 2 1 
1024 3 5 4 8 9 7 2 1 
1027 8 5 4 6 2 1 9 7 
1930 2 434 1022 89 220 4 1 
2040 135 106 415 279 2 4 1 
2015 619 423 422 3 6 5 556 
2001 757 434 798 4 2 1 
2023 940 1050 806 6 3 5 599 742 
2009 419 6 3 7 4 2 1 
2018 944 500 2 4 1 786 
641 175 1 4 2 781 
673 6 3 4 8 2 1 9 7 
985 4 1 8 5 6 3 9 7 
977 5 2 1 8 9 7 6 3 
974 8 5 7 4 6 3 2 1 
2115 2 972 973 180 4 1 452 
2145 4 2 1 376 5 6 3 189 
2157 842 532 6 3 5 673 
2153 364 1 4 2 175 
694 652 105 2 1 4 982 
2176 325 3 4 2 1 6 5 524 
2131 9 8 96 6 3 4 2 1 
2139 2 1 157 489 4 415 81 
2142 2137 434 4 2 1 798 757 
1228 5 4 2 6 3 8 9 7 
169 142 83 231 4 89 2 1 
1438 329 5 4 6 3 9 8 7 
1139 4 3 5 9 8 7 2 1 
1136 2 1 7 4 6 3 8 5 
1620 300 83 1 103 4 2 
1668 430 114 2 4 1 415 188 
553 415 4 2 1 188 
1815 1 4 2 175 3 6 5 524 
1824 273 135 477 4 157 2 1 
1035 9 7 8 2 4 1 3 5 
1033 9 7 8 4 1 3 5 
1022 5 4 3 8 9 7 2 1 
973 8 5 7 4 6 3 2 1 
972 8 7 5 4 6 3 2 1 
2137 142 259 861 863 2 4 1 
