24 26 32 655 636 638 628 631 687 
25 29 61 288 260 77 161 724 62 
687 686 17 14 15 16 19 18 
631 16 17 14 19 6 4 9 12 
628 16 17 14 19 4 6 9 12 
638 16 17 14 19 7 5 13 10 
636 7 5 19 16 17 14 13 10 
655 17 14 19 16 13 10 7 5 
32 657 644 622 625 645 
26 33 15 3 8 11 601 595 683 
62 64 314 180 77 313 184 771 
724 690 235 173 278 279 161 580 240 
161 3 8 1 21 23 2 22 20 
77 58 138 53 4 9 115 12 164 
260 262 126 4 9 12 149 188 154 
288 161 12 552 126 4 9 157 
61 726 161 302 167 717 718 
29 71 873 101 360 868 98 49 876 
686 1 22 15 14 21 23 2 
645 16 6 17 14 19 12 4 9 
625 17 14 4 6 9 12 16 19 
622 6 17 14 16 19 12 4 9 
644 6 17 14 16 19 12 4 9 
657 640 19 17 14 3 8 16 11 
683 592 2 21 16 19 17 620 
595 13 10 6 4 9 12 15 
601 603 6 13 10 7 5 
33 681 21 17 2 23 19 16 677 
771 479 480 311 193 486 487 312 184 
184 1 22 20 8 21 23 2 11 
313 115 12 4 9 138 145 121 91 
180 1 22 20 8 23 2 21 3 
314 157 12 126 295 164 145 4 9 
64 773 260 184 760 490 768 
240 688 233 115 138 4 9 12 167 
580 173 138 12 121 115 4 9 91 
279 188 126 149 291 154 4 9 12 
278 233 109 56 168 12 4 9 88 
173 22 20 8 11 1 21 23 2 
235 80 168 12 4 9 48 149 56 
690 689 12 4 9 188 126 154 167 
164 7 5 18 13 10 6 
115 5 7 18 13 10 6 
53 13 10 6 7 5 18 
138 7 5 6 18 13 10 
58 13 10 6 5 7 18 
154 6 7 5 18 13 10 
188 13 10 6 7 5 18 
149 13 10 6 5 7 18 
126 7 5 18 13 10 6 
262 296 145 109 121 4 9 12 
157 7 5 6 18 13 10 
552 161 295 157 145 164 4 9 12 
718 539 86 149 48 4 9 12 49 
717 713 86 149 48 4 9 12 167 
167 23 2 8 3 1 21 22 20 
302 56 80 168 53 12 4 9 58 
726 723 557 558 260 77 173 285 
876 65 448 313 137 793 452 348 69 
49 11 8 1 22 20 21 23 2 
98 149 154 291 126 188 4 9 12 
868 103 43 53 4 9 12 48 864 
360 49 295 164 157 12 4 9 91 
101 121 126 77 157 154 4 9 12 
873 869 77 361 83 43 80 49 
71 73 333 98 405 193 101 839 343 
640 16 19 17 14 13 10 7 5 
620 11 3 8 19 16 17 14 
592 13 10 6 4 9 15 12 
603 6 13 10 16 19 17 14 
677 1 16 19 17 22 20 
681 675 15 7 5 13 10 606 
312 12 115 4 9 164 58 53 83 
487 177 168 109 56 12 4 9 271 
486 180 109 56 12 4 9 168 271 
193 11 8 22 20 1 23 2 21 
311 157 164 4 9 58 12 80 53 
480 177 168 56 109 4 9 12 271 
479 180 168 56 109 4 9 12 271 
91 145 58 53 164 157 12 4 9 
121 13 10 6 7 5 18 
145 13 10 6 7 5 18 
295 115 58 4 9 12 53 121 138 
768 495 260 180 754 263 177 496 497 
490 184 104 12 4 9 188 149 48 
760 83 168 4 9 12 48 180 177 
773 769 514 260 748 515 275 
233 53 164 157 4 9 12 58 
688 53 12 4 9 188 126 154 173 
291 4 9 56 109 12 168 48 
88 115 138 121 4 9 12 145 
168 5 7 18 13 10 6 
56 13 10 6 7 5 18 
109 7 5 18 13 10 6 
48 18 7 5 6 13 10 
80 138 109 4 9 145 12 115 121 
689 167 48 12 4 9 188 149 161 
296 56 12 4 9 48 168 
86 88 4 9 12 168 56 109 
539 167 121 12 109 4 9 145 77 
713 545 157 164 4 9 12 145 167 
285 700 701 703 555 327 177 326 173 
558 177 12 121 115 138 4 9 91 
557 173 271 109 56 12 4 9 168 
723 161 711 538 543 97 167 716 
69 453 457 459 456 263 267 137 
348 154 126 295 4 9 12 157 164 
452 3 8 1 22 20 21 23 2 
793 791 268 109 4 9 145 12 450 
137 8 3 1 22 20 21 23 2 
448 1 3 8 23 2 22 20 21 
65 469 312 314 779 348 137 311 43 
864 862 12 157 164 4 9 43 
43 22 20 8 11 1 21 23 2 
103 149 188 4 9 12 126 154 291 
83 188 149 12 126 4 9 157 154 
361 43 109 56 168 12 4 9 88 
869 359 97 4 9 12 168 49 
343 851 842 279 195 321 849 
839 838 97 4 9 12 168 388 
405 193 262 154 4 9 188 149 12 
333 335 421 420 326 423 426 278 
73 857 377 271 326 379 278 203 
606 16 13 10 19 17 14 7 5 
675 15 14 22 20 13 10 7 5 
271 154 126 4 9 12 188 48 149 
177 11 8 23 2 1 21 22 20 
497 184 109 56 168 12 4 9 88 
496 180 12 4 9 188 154 126 236 
263 88 58 12 4 9 157 164 53 
754 12 263 184 164 4 9 177 
495 193 12 4 9 188 154 126 236 
104 291 154 126 4 9 12 
275 267 184 517 180 512 263 744 745 
515 516 12 4 9 138 121 115 91 
748 505 268 109 4 9 145 12 508 
514 22 20 1 21 23 2 8 3 
769 314 193 501 502 752 306 
545 167 48 168 12 109 56 4 9 
326 83 56 48 168 12 109 4 9 
327 48 12 149 188 4 9 126 154 
555 177 121 109 145 12 4 9 236 
703 699 4 9 173 233 115 138 12 
701 697 58 121 4 9 12 173 693 
700 696 138 4 9 115 12 177 564 
716 542 126 154 12 4 9 167 544 
97 149 48 4 9 188 12 154 126 
543 167 4 9 12 157 164 295 
538 167 149 48 154 188 4 9 12 
711 188 149 126 157 4 9 12 167 
267 12 4 9 188 109 126 236 154 
456 3 8 22 20 1 21 23 2 
459 460 121 12 109 4 9 145 296 
457 458 4 9 12 164 58 53 83 
453 454 12 4 9 188 149 48 104 
450 3 8 1 22 20 21 23 2 
268 236 126 154 188 4 9 12 
791 461 188 149 12 4 9 466 463 
779 775 477 138 4 9 12 278 137 
469 43 154 262 4 9 188 149 12 
862 56 43 49 58 4 9 12 
359 49 145 12 109 4 9 93 
849 386 98 393 278 193 384 101 
321 317 800 77 4 9 121 12 195 
195 22 20 1 21 23 2 8 3 
842 409 97 4 9 12 168 195 
851 302 195 338 397 396 278 840 
388 23 2 21 1 22 20 3 8 
838 837 164 4 9 12 404 
426 21 1 22 20 23 2 11 8 
423 424 164 145 157 4 9 12 295 
420 21 1 22 20 23 2 11 8 
421 422 109 121 12 4 9 145 77 
335 429 815 819 235 203 417 427 
203 22 20 1 21 23 2 11 8 
379 203 121 12 109 4 9 145 77 
377 203 295 164 157 12 4 9 91 
857 327 203 168 56 4 9 12 855 
236 56 149 48 4 9 12 168 
745 742 524 4 9 115 138 12 740 
744 509 121 12 4 9 530 109 180 
512 8 3 22 20 1 21 23 2 
517 518 4 9 12 164 58 53 83 
516 22 20 1 21 23 2 8 3 
508 22 20 1 21 8 3 23 2 
505 506 168 56 109 4 9 12 271 
306 180 295 164 157 12 4 9 91 
752 115 138 180 154 12 4 9 188 
502 180 4 9 126 12 149 188 154 
501 180 121 109 145 12 4 9 236 
699 561 121 12 109 4 9 145 177 
693 4 9 138 12 115 177 
697 691 154 177 4 9 188 12 
564 173 164 157 12 4 9 
696 56 12 53 58 177 4 9 168 
544 49 164 58 12 4 9 157 53 
542 167 56 12 4 9 168 48 261 
460 3 8 1 22 20 21 23 2 
458 3 8 1 22 20 21 23 2 
454 21 3 8 1 22 20 23 2 
463 464 138 4 9 115 12 
466 3 8 1 22 20 21 23 2 
461 462 168 4 9 12 56 109 
477 43 12 4 9 188 154 126 236 
775 474 4 9 262 188 149 12 137 
93 261 48 168 4 9 12 56 
384 3 21 1 22 20 23 2 8 
393 394 4 9 295 164 145 157 12 
386 8 21 1 22 20 23 2 3 
800 799 48 12 4 9 188 149 195 
317 145 121 168 4 9 12 56 109 
409 193 12 4 9 48 149 86 
840 389 4 9 12 86 149 48 392 
396 21 1 22 20 23 2 3 8 
397 398 53 12 4 9 58 80 
338 411 109 157 12 4 9 195 412 
404 21 1 22 20 23 2 3 8 
837 157 400 402 56 4 9 12 
424 21 1 22 20 23 2 11 8 
422 21 1 22 20 23 2 11 8 
427 428 56 12 4 9 168 48 261 
417 418 149 48 154 188 4 9 12 
819 816 80 12 4 9 53 416 
815 438 434 58 436 12 4 9 126 
429 430 12 4 9 188 154 126 236 
855 16 15 14 19 17 18 
740 168 4 9 526 12 528 48 
524 22 20 1 21 23 2 8 3 
742 519 522 12 4 9 56 109 
530 22 20 1 21 23 2 8 3 
509 510 12 157 53 58 4 9 164 
518 22 20 1 21 23 2 8 3 
506 21 22 20 1 23 2 8 3 
561 177 12 157 53 58 4 9 164 
691 145 173 126 4 9 12 177 
261 154 188 149 12 4 9 126 
464 3 8 1 22 20 21 23 2 
462 3 8 1 22 20 21 23 2 
474 137 12 4 9 188 149 48 104 
394 21 1 22 20 23 2 3 8 
799 145 138 126 12 157 4 9 195 
392 21 1 22 20 23 2 3 8 
389 390 145 12 109 4 9 93 
398 21 1 22 20 23 2 3 8 
412 195 56 12 4 9 168 48 261 
411 195 157 145 164 4 9 12 295 
402 21 1 22 20 23 2 3 8 
400 21 1 22 20 23 2 3 8 
428 21 1 22 20 23 2 11 8 
418 23 2 21 11 1 22 20 8 
416 21 1 22 20 23 2 11 8 
816 814 154 203 12 4 9 188 126 
436 21 1 22 20 23 2 11 8 
434 11 21 1 22 20 23 2 8 
438 195 58 12 4 9 157 164 53 
430 21 1 22 20 23 2 11 8 
528 22 20 1 21 23 2 8 3 
526 22 20 1 21 23 2 8 3 
522 22 20 1 21 23 2 8 3 
519 520 138 4 9 115 12 
510 22 20 1 21 23 2 8 3 
390 23 2 21 3 1 22 20 8 
814 115 195 4 9 164 12 157 432 
520 23 2 22 20 1 21 8 3 
432 21 1 22 20 23 2 11 8 
