****************************************
Report : Time Based Power (Cycle Accurate)
Design : lenet
Version: U-2022.12
Date   : Fri May 31 04:19:12 2024
****************************************



  Attributes
  ----------
      i  -  Including register clock pin internal power
      u  -  User defined power group

                        Internal  Switching  Leakage    Total
Power Group             Power     Power      Power      Power   (     %)  Attrs
--------------------------------------------------------------------------------
clock_network           4.065e-04 7.340e-05 9.194e-09 4.800e-04 (42.25%)  i
register                1.291e-05 1.470e-05 2.033e-07 2.781e-05 ( 2.45%)  
combinational           3.193e-04 3.074e-04 1.726e-06 6.283e-04 (55.31%)  
sequential                 0.0000    0.0000    0.0000    0.0000 ( 0.00%)  
memory                     0.0000    0.0000    0.0000    0.0000 ( 0.00%)  
io_pad                     0.0000    0.0000    0.0000    0.0000 ( 0.00%)  
black_box                  0.0000    0.0000    0.0000    0.0000 ( 0.00%)  

  Net Switching Power          = 3.954e-04   (34.81%)
  Cell Internal Power          = 7.387e-04   (65.02%)
  Cell Leakage Power           = 1.939e-06   ( 0.17%)
                                 ---------
Total Power                    = 1.136e-03  (100.00%)

X Transition Power             = 2.118e-05
CAPP Estimated Glitching Power = 1.018e-04

Peak Power                     = 2.482e-03
Peak Time                      =  47400.00

1
